<?xml version="1.0" encoding="utf-8"?><testsuites name="pytest tests"><testsuite name="pytest" errors="0" failures="0" skipped="0" tests="16" time="3.733" timestamp="2026-06-09T19:27:03.335216+00:00" hostname="agent-env-f3914c7c-9917-4323-8543-c47577c5680e"><testcase classname="backend.tests.test_phase12_nz_atlas_and_autoverify" name="test_nz_scrapers_listed_in_scrapers_list" time="0.677" /><testcase classname="backend.tests.test_phase12_nz_atlas_and_autoverify" name="test_nz_anzsco_seed_dryrun_returns_seed_set_size" time="0.189" /><testcase classname="backend.tests.test_phase12_nz_atlas_and_autoverify" name="test_nz_green_list_returns_tier1_and_tier2" time="0.128" /><testcase classname="backend.tests.test_phase12_nz_atlas_and_autoverify" name="test_nz_aewv_smc_populates_records" time="0.126" /><testcase classname="backend.tests.test_phase12_nz_atlas_and_autoverify" name="test_nz_sector_agreements_returns_sector_distribution" time="0.157" /><testcase classname="backend.tests.test_phase12_nz_atlas_and_autoverify" name="test_nz_atlas_now_has_200_plus_records" time="0.153" /><testcase classname="backend.tests.test_phase12_nz_atlas_and_autoverify" name="test_nz_tracked_fields_now_include_phase12_fields" time="0.152" /><testcase classname="backend.tests.test_phase12_nz_atlas_and_autoverify" name="test_nz_software_engineer_is_green_list_tier1_atlas_verify" time="0.165" /><testcase classname="backend.tests.test_phase12_nz_atlas_and_autoverify" name="test_nz_scraper_run_partner_blocked" time="0.479" /><testcase classname="backend.tests.test_phase12_nz_atlas_and_autoverify" name="test_auto_verify_rules_returns_three_countries" time="0.187" /><testcase classname="backend.tests.test_phase12_nz_atlas_and_autoverify" name="test_auto_verify_preview_nz_returns_pass_fail_arrays" time="0.126" /><testcase classname="backend.tests.test_phase12_nz_atlas_and_autoverify" name="test_auto_verify_preview_ca_uses_one_of_rule" time="0.159" /><testcase classname="backend.tests.test_phase12_nz_atlas_and_autoverify" name="test_auto_verify_dry_run_doesnt_mutate" time="0.449" /><testcase classname="backend.tests.test_phase12_nz_atlas_and_autoverify" name="test_auto_verify_unsupported_country_400" time="0.130" /><testcase classname="backend.tests.test_phase12_nz_atlas_and_autoverify" name="test_auto_verify_partner_blocked" time="0.115" /><testcase classname="backend.tests.test_phase12_nz_atlas_and_autoverify" name="test_auto_verify_run_idempotency" time="0.283" /></testsuite></testsuites>