<?xml version="1.0" encoding="utf-8"?><testsuites name="pytest tests"><testsuite name="pytest" errors="0" failures="0" skipped="0" tests="9" time="417.694" timestamp="2026-06-26T13:17:25.138329+00:00" hostname="agent-env-ec155449-0c81-418e-a809-5086cedeb12f"><testcase classname="backend.tests.test_sweep_b1_tc4_hotfix.TestTC4_1_NZ" name="test_nz_ai_draft_completes_or_fails_meaningfully" time="138.797" /><testcase classname="backend.tests.test_sweep_b1_tc4_hotfix.TestTC4_2_CA" name="test_ca_ai_draft_completes_or_fails_meaningfully" time="139.057" /><testcase classname="backend.tests.test_sweep_b1_tc4_hotfix.TestTC4_3_SG" name="test_sg_ai_draft_terminal_state" time="139.138" /><testcase classname="backend.tests.test_sweep_b1_tc4_hotfix.TestTC5_SeededFastpath" name="test_create_au_workflow" time="0.103" /><testcase classname="backend.tests.test_sweep_b1_tc4_hotfix.TestTC5_SeededFastpath" name="test_verify_workflow" time="0.111" /><testcase classname="backend.tests.test_sweep_b1_tc4_hotfix.TestTC5_SeededFastpath" name="test_ai_workflow_generate_seeded_fastpath" time="0.121" /><testcase classname="backend.tests.test_sweep_b1_tc4_hotfix.TestTC5_SeededFastpath" name="test_cleanup_archive" time="0.097" /><testcase classname="backend.tests.test_sweep_b1_tc4_hotfix.TestRegression" name="test_list_works" time="0.108" /><testcase classname="backend.tests.test_sweep_b1_tc4_hotfix.TestRegression" name="test_stats_works" time="0.101" /></testsuite></testsuites>