<?xml version="1.0" encoding="utf-8"?><testsuites name="pytest tests"><testsuite name="pytest" errors="0" failures="0" skipped="0" tests="15" time="1.040" timestamp="2026-05-13T19:10:03.161443+00:00" hostname="agent-env-f3914c7c-9917-4323-8543-c47577c5680e"><testcase classname="tests.test_phase4b_express" name="test_get_express_settings" time="0.235" /><testcase classname="tests.test_phase4b_express" name="test_patch_settings_admin_only" time="0.240" /><testcase classname="tests.test_phase4b_express" name="test_my_usage_sexec" time="0.057" /><testcase classname="tests.test_phase4b_express" name="test_standard_sale_works" time="0.009" /><testcase classname="tests.test_phase4b_express" name="test_express_short_justification" time="0.006" /><testcase classname="tests.test_phase4b_express" name="test_express_invalid_reason" time="0.005" /><testcase classname="tests.test_phase4b_express" name="test_express_creation_sexec_pending" time="0.008" /><testcase classname="tests.test_phase4b_express" name="test_express_admin_auto_approves" time="0.008" /><testcase classname="tests.test_phase4b_express" name="test_pending_queue_and_approve" time="0.016" /><testcase classname="tests.test_phase4b_express" name="test_reject_requires_remarks" time="0.013" /><testcase classname="tests.test_phase4b_express" name="test_partner_cannot_approve" time="0.237" /><testcase classname="tests.test_phase4b_express" name="test_sexec_cannot_view_pending" time="0.005" /><testcase classname="tests.test_phase4b_express" name="test_monthly_limit_enforcement" time="0.030" /><testcase classname="tests.test_phase4b_express" name="test_pa_fees_skipped_flag" time="0.030" /><testcase classname="tests.test_phase4b_express" name="test_express_approved_contributes_to_target_on_case_created" time="0.031" /></testsuite></testsuites>