<?xml version="1.0" encoding="utf-8"?><testsuites name="pytest tests"><testsuite name="pytest" errors="0" failures="3" skipped="0" tests="42" time="77.807" timestamp="2026-05-13T11:44:37.376121+00:00" hostname="agent-env-f3914c7c-9917-4323-8543-c47577c5680e"><testcase classname="backend.tests.test_phase3a_attendance_leaves" name="test_login_all_three" time="1.214" /><testcase classname="backend.tests.test_phase3a_attendance_leaves" name="test_settings_admin" time="0.432"><failure message="AssertionError: assert '18:00' == '19:00'&#10;  &#10;  - 19:00&#10;  ?  ^&#10;  + 18:00&#10;  ?  ^">backend/tests/test_phase3a_attendance_leaves.py:86: in test_settings_admin
    assert s.get("office_end_time") == "19:00"
E   AssertionError: assert '18:00' == '19:00'
E     
E     - 19:00
E     ?  ^
E     + 18:00
E     ?  ^</failure></testcase><testcase classname="backend.tests.test_phase3a_attendance_leaves" name="test_settings_forbidden_for_exec" time="0.458" /><testcase classname="backend.tests.test_phase3a_attendance_leaves" name="test_holidays_2026" time="0.131" /><testcase classname="backend.tests.test_phase3a_attendance_leaves" name="test_create_custom_holiday" time="0.324" /><testcase classname="backend.tests.test_phase3a_attendance_leaves" name="test_leave_types_seven" time="0.132" /><testcase classname="backend.tests.test_phase3a_attendance_leaves" name="test_my_balance_seven" time="0.105" /><testcase classname="backend.tests.test_phase3a_attendance_leaves" name="test_validate_sandwich_cl" time="0.139" /><testcase classname="backend.tests.test_phase3a_attendance_leaves" name="test_validate_max_consecutive" time="0.128" /><testcase classname="backend.tests.test_phase3a_attendance_leaves" name="test_apply_cl_june_and_monthly_cap" time="0.366" /><testcase classname="backend.tests.test_phase3a_attendance_leaves" name="test_apply_sandwich_requires_ack" time="0.109" /><testcase classname="backend.tests.test_phase3a_attendance_leaves" name="test_apply_sandwich_accepted" time="1.042" /><testcase classname="backend.tests.test_phase3a_attendance_leaves" name="test_cancel_pending" time="0.371" /><testcase classname="backend.tests.test_phase3a_attendance_leaves" name="test_current_status" time="0.129" /><testcase classname="backend.tests.test_phase3a_attendance_leaves" name="test_punch_in_and_out" time="0.253" /><testcase classname="backend.tests.test_phase3a_attendance_leaves" name="test_punch_out_short_hours_confirmation" time="0.257" /><testcase classname="backend.tests.test_phase3a_attendance_leaves" name="test_my_month" time="0.130" /><testcase classname="backend.tests.test_phase3a_attendance_leaves" name="test_exec_forbidden_today" time="0.108" /><testcase classname="backend.tests.test_phase3a_attendance_leaves" name="test_exec_my_balance_ok" time="0.133" /><testcase classname="backend.tests.test_phase3a_attendance_leaves" name="test_admin_today" time="0.128" /><testcase classname="backend.tests.test_phase3a_attendance_leaves" name="test_admin_dashboard" time="0.134" /><testcase classname="backend.tests.test_phase3a_attendance_leaves" name="test_regularize_recent" time="0.142" /><testcase classname="backend.tests.test_phase3a_attendance_leaves" name="test_regularize_too_old" time="0.135" /><testcase classname="backend.tests.test_phase3b_hr_admin" name="test_get_settings_admin" time="0.451" /><testcase classname="backend.tests.test_phase3b_hr_admin" name="test_patch_settings_admin_creates_audit" time="0.604" /><testcase classname="backend.tests.test_phase3b_hr_admin" name="test_get_holidays_2026" time="0.106" /><testcase classname="backend.tests.test_phase3b_hr_admin" name="test_import_indian_holidays_2027" time="0.263" /><testcase classname="backend.tests.test_phase3b_hr_admin" name="test_copy_holidays_2026_to_2028" time="0.435" /><testcase classname="backend.tests.test_phase3b_hr_admin" name="test_create_custom_leave_type" time="35.642" /><testcase classname="backend.tests.test_phase3b_hr_admin" name="test_list_leave_types_has_study_leave" time="20.140" /><testcase classname="backend.tests.test_phase3b_hr_admin" name="test_patch_study_leave_quota" time="0.451" /><testcase classname="backend.tests.test_phase3b_hr_admin" name="test_delete_custom_leave_type" time="0.108"><failure message="AssertionError: {&quot;detail&quot;:[{&quot;type&quot;:&quot;missing&quot;,&quot;loc&quot;:[&quot;body&quot;],&quot;msg&quot;:&quot;Field required&quot;,&quot;input&quot;:null,&quot;url&quot;:&quot;https://errors.pydantic.dev/2.12/v/missing&quot;}]}&#10;assert 422 == 200&#10; +  where 422 = &lt;Response [422]&gt;.status_code">backend/tests/test_phase3b_hr_admin.py:172: in test_delete_custom_leave_type
    assert r.status_code == 200, r.text
E   AssertionError: {"detail":[{"type":"missing","loc":["body"],"msg":"Field required","input":null,"url":"https://errors.pydantic.dev/2.12/v/missing"}]}
E   assert 422 == 200
E    +  where 422 = &lt;Response [422]&gt;.status_code</failure></testcase><testcase classname="backend.tests.test_phase3b_hr_admin" name="test_delete_system_leave_type_forbidden" time="0.129"><failure message="AssertionError: Expected 400, got 422: {&quot;detail&quot;:[{&quot;type&quot;:&quot;missing&quot;,&quot;loc&quot;:[&quot;body&quot;],&quot;msg&quot;:&quot;Field required&quot;,&quot;input&quot;:null,&quot;url&quot;:&quot;https://errors.pydantic.dev/2.12/v/missing&quot;}]}&#10;assert 422 == 400&#10; +  where 422 = &lt;Response [422]&gt;.status_code">backend/tests/test_phase3b_hr_admin.py:180: in test_delete_system_leave_type_forbidden
    assert r.status_code == 400, f"Expected 400, got {r.status_code}: {r.text}"
E   AssertionError: Expected 400, got 422: {"detail":[{"type":"missing","loc":["body"],"msg":"Field required","input":null,"url":"https://errors.pydantic.dev/2.12/v/missing"}]}
E   assert 422 == 400
E    +  where 422 = &lt;Response [422]&gt;.status_code</failure></testcase><testcase classname="backend.tests.test_phase3b_hr_admin" name="test_get_approver_config_admin" time="0.112" /><testcase classname="backend.tests.test_phase3b_hr_admin" name="test_patch_approver_config" time="0.240" /><testcase classname="backend.tests.test_phase3b_hr_admin" name="test_simulate_approval_chain_for_sexec" time="11.328" /><testcase classname="backend.tests.test_phase3b_hr_admin" name="test_eligible_approvers_admin" time="0.156" /><testcase classname="backend.tests.test_phase3b_hr_admin" name="test_audit_log_returns_entries" time="0.131" /><testcase classname="backend.tests.test_phase3b_hr_admin" name="test_settings_forbidden_for_sexec" time="0.467" /><testcase classname="backend.tests.test_phase3b_hr_admin" name="test_patch_leave_type_forbidden_for_sexec" time="0.126" /><testcase classname="backend.tests.test_phase3b_hr_admin" name="test_approver_config_forbidden_for_sexec" time="0.165" /><testcase classname="backend.tests.test_phase3b_hr_admin" name="test_import_indian_forbidden_for_sexec" time="0.108" /></testsuite></testsuites>