<?xml version="1.0" encoding="utf-8"?><testsuites name="pytest tests"><testsuite name="pytest" errors="0" failures="0" skipped="0" tests="23" time="5.902" timestamp="2026-05-13T08:40:40.713077+00:00" hostname="agent-env-f3914c7c-9917-4323-8543-c47577c5680e"><testcase classname="tests.test_phase3a_attendance_leaves" name="test_login_all_three" time="1.198" /><testcase classname="tests.test_phase3a_attendance_leaves" name="test_settings_admin" time="0.438" /><testcase classname="tests.test_phase3a_attendance_leaves" name="test_settings_forbidden_for_exec" time="0.431" /><testcase classname="tests.test_phase3a_attendance_leaves" name="test_holidays_2026" time="0.146" /><testcase classname="tests.test_phase3a_attendance_leaves" name="test_create_custom_holiday" time="0.240" /><testcase classname="tests.test_phase3a_attendance_leaves" name="test_leave_types_seven" time="0.103" /><testcase classname="tests.test_phase3a_attendance_leaves" name="test_my_balance_seven" time="0.104" /><testcase classname="tests.test_phase3a_attendance_leaves" name="test_validate_sandwich_cl" time="0.104" /><testcase classname="tests.test_phase3a_attendance_leaves" name="test_validate_max_consecutive" time="0.105" /><testcase classname="tests.test_phase3a_attendance_leaves" name="test_apply_cl_june_and_monthly_cap" time="0.336" /><testcase classname="tests.test_phase3a_attendance_leaves" name="test_apply_sandwich_requires_ack" time="0.137" /><testcase classname="tests.test_phase3a_attendance_leaves" name="test_apply_sandwich_accepted" time="0.845" /><testcase classname="tests.test_phase3a_attendance_leaves" name="test_cancel_pending" time="0.312" /><testcase classname="tests.test_phase3a_attendance_leaves" name="test_current_status" time="0.109" /><testcase classname="tests.test_phase3a_attendance_leaves" name="test_punch_in_and_out" time="0.207" /><testcase classname="tests.test_phase3a_attendance_leaves" name="test_punch_out_short_hours_confirmation" time="0.208" /><testcase classname="tests.test_phase3a_attendance_leaves" name="test_my_month" time="0.123" /><testcase classname="tests.test_phase3a_attendance_leaves" name="test_exec_forbidden_today" time="0.098" /><testcase classname="tests.test_phase3a_attendance_leaves" name="test_exec_my_balance_ok" time="0.106" /><testcase classname="tests.test_phase3a_attendance_leaves" name="test_admin_today" time="0.112" /><testcase classname="tests.test_phase3a_attendance_leaves" name="test_admin_dashboard" time="0.103" /><testcase classname="tests.test_phase3a_attendance_leaves" name="test_regularize_recent" time="0.136" /><testcase classname="tests.test_phase3a_attendance_leaves" name="test_regularize_too_old" time="0.108" /></testsuite></testsuites>