<?xml version="1.0" encoding="utf-8"?><testsuites name="pytest tests"><testsuite name="pytest" errors="0" failures="0" skipped="0" tests="15" time="3.525" timestamp="2026-05-13T12:38:58.807434+00:00" hostname="agent-env-f3914c7c-9917-4323-8543-c47577c5680e"><testcase classname="backend.tests.test_phase4a_sales_workflow" name="test_01_sexec_creates_pa" time="0.740" /><testcase classname="backend.tests.test_phase4a_sales_workflow" name="test_02_sexec_my_assessments_scope" time="0.118" /><testcase classname="backend.tests.test_phase4a_sales_workflow" name="test_03_sexec_stats_overview_scoped" time="0.606" /><testcase classname="backend.tests.test_phase4a_sales_workflow" name="test_04_sexec_get_own_pa" time="0.108" /><testcase classname="backend.tests.test_phase4a_sales_workflow" name="test_05_sexec_forbidden_on_partner_pa" time="0.259" /><testcase classname="backend.tests.test_phase4a_sales_workflow" name="test_06_ai_proposal_access_for_sexec" time="0.109" /><testcase classname="backend.tests.test_phase4a_sales_workflow" name="test_07_sexec_doc_upload" time="0.119" /><testcase classname="backend.tests.test_phase4a_sales_workflow" name="test_08_partner_my_assessments_regression" time="0.261" /><testcase classname="backend.tests.test_phase4a_sales_workflow" name="test_09_partner_create_pa" time="0.229" /><testcase classname="backend.tests.test_phase4a_sales_workflow" name="test_10_migration_backfill_all_have_created_by" time="0.445" /><testcase classname="backend.tests.test_phase4a_sales_workflow" name="test_11_sexec_permission_inheritance" time="0.000" /><testcase classname="backend.tests.test_phase4a_sales_workflow" name="test_12_sexec_blocked_from_admin" time="0.119" /><testcase classname="backend.tests.test_phase4a_sales_workflow" name="test_13_sexec_leaves_balance" time="0.115" /><testcase classname="backend.tests.test_phase4a_sales_workflow" name="test_14_sexec_attendance_status" time="0.124" /><testcase classname="backend.tests.test_phase4a_sales_workflow" name="test_15_admin_leave_types" time="0.118" /></testsuite></testsuites>