<?xml version="1.0" encoding="utf-8"?><testsuites name="pytest tests"><testsuite name="pytest" errors="0" failures="0" skipped="0" tests="15" time="1.224" timestamp="2026-05-13T18:16:25.213428+00:00" hostname="agent-env-f3914c7c-9917-4323-8543-c47577c5680e"><testcase classname="tests.test_phase4b_targets" name="test_admin_can_create_target" time="0.534" /><testcase classname="tests.test_phase4b_targets" name="test_duplicate_target_blocked" time="0.015" /><testcase classname="tests.test_phase4b_targets" name="test_exec_sees_own_target" time="0.017" /><testcase classname="tests.test_phase4b_targets" name="test_partner_no_targets_widget" time="0.236" /><testcase classname="tests.test_phase4b_targets" name="test_sales_exec_cannot_set_target_for_self" time="0.009" /><testcase classname="tests.test_phase4b_targets" name="test_past_period_blocked" time="0.009" /><testcase classname="tests.test_phase4b_targets" name="test_patch_target_requires_reason" time="0.016" /><testcase classname="tests.test_phase4b_targets" name="test_bulk_set_from_template" time="0.014" /><testcase classname="tests.test_phase4b_targets" name="test_template_list" time="0.003" /><testcase classname="tests.test_phase4b_targets" name="test_recalc_all" time="0.011" /><testcase classname="tests.test_phase4b_targets" name="test_team_view_scoping" time="0.238" /><testcase classname="tests.test_phase4b_targets" name="test_forecast_and_insights" time="0.020" /><testcase classname="tests.test_phase4b_targets" name="test_my_history" time="0.010" /><testcase classname="tests.test_phase4b_targets" name="test_leaderboard" time="0.011" /><testcase classname="tests.test_phase4b_targets" name="test_delete_future_target_admin_only" time="0.035" /></testsuite></testsuites>