<?xml version="1.0" encoding="utf-8"?><testsuites name="pytest tests"><testsuite name="pytest" errors="0" failures="0" skipped="0" tests="23" time="5.882" timestamp="2026-05-13T10:01:52.166819+00:00" hostname="agent-env-f3914c7c-9917-4323-8543-c47577c5680e"><testcase classname="backend.tests.test_phase3a_attendance_leaves" name="test_login_all_three" time="1.086" /><testcase classname="backend.tests.test_phase3a_attendance_leaves" name="test_settings_admin" time="0.476" /><testcase classname="backend.tests.test_phase3a_attendance_leaves" name="test_settings_forbidden_for_exec" time="0.426" /><testcase classname="backend.tests.test_phase3a_attendance_leaves" name="test_holidays_2026" time="0.120" /><testcase classname="backend.tests.test_phase3a_attendance_leaves" name="test_create_custom_holiday" time="0.202" /><testcase classname="backend.tests.test_phase3a_attendance_leaves" name="test_leave_types_seven" time="0.108" /><testcase classname="backend.tests.test_phase3a_attendance_leaves" name="test_my_balance_seven" time="0.118" /><testcase classname="backend.tests.test_phase3a_attendance_leaves" name="test_validate_sandwich_cl" time="0.120" /><testcase classname="backend.tests.test_phase3a_attendance_leaves" name="test_validate_max_consecutive" time="0.108" /><testcase classname="backend.tests.test_phase3a_attendance_leaves" name="test_apply_cl_june_and_monthly_cap" time="0.400" /><testcase classname="backend.tests.test_phase3a_attendance_leaves" name="test_apply_sandwich_requires_ack" time="0.106" /><testcase classname="backend.tests.test_phase3a_attendance_leaves" name="test_apply_sandwich_accepted" time="0.883" /><testcase classname="backend.tests.test_phase3a_attendance_leaves" name="test_cancel_pending" time="0.338" /><testcase classname="backend.tests.test_phase3a_attendance_leaves" name="test_current_status" time="0.100" /><testcase classname="backend.tests.test_phase3a_attendance_leaves" name="test_punch_in_and_out" time="0.243" /><testcase classname="backend.tests.test_phase3a_attendance_leaves" name="test_punch_out_short_hours_confirmation" time="0.223" /><testcase classname="backend.tests.test_phase3a_attendance_leaves" name="test_my_month" time="0.134" /><testcase classname="backend.tests.test_phase3a_attendance_leaves" name="test_exec_forbidden_today" time="0.111" /><testcase classname="backend.tests.test_phase3a_attendance_leaves" name="test_exec_my_balance_ok" time="0.101" /><testcase classname="backend.tests.test_phase3a_attendance_leaves" name="test_admin_today" time="0.108" /><testcase classname="backend.tests.test_phase3a_attendance_leaves" name="test_admin_dashboard" time="0.103" /><testcase classname="backend.tests.test_phase3a_attendance_leaves" name="test_regularize_recent" time="0.103" /><testcase classname="backend.tests.test_phase3a_attendance_leaves" name="test_regularize_too_old" time="0.107" /></testsuite></testsuites>