<?xml version="1.0" encoding="utf-8"?><testsuites name="pytest tests"><testsuite name="pytest" errors="0" failures="1" skipped="0" tests="15" time="3.492" timestamp="2026-05-13T12:35:22.889627+00:00" hostname="agent-env-f3914c7c-9917-4323-8543-c47577c5680e"><testcase classname="backend.tests.test_phase4a_sales_workflow" name="test_01_sexec_creates_pa" time="0.794" /><testcase classname="backend.tests.test_phase4a_sales_workflow" name="test_02_sexec_my_assessments_scope" time="0.123" /><testcase classname="backend.tests.test_phase4a_sales_workflow" name="test_03_sexec_stats_overview_scoped" time="0.565" /><testcase classname="backend.tests.test_phase4a_sales_workflow" name="test_04_sexec_get_own_pa" time="0.123" /><testcase classname="backend.tests.test_phase4a_sales_workflow" name="test_05_sexec_forbidden_on_partner_pa" time="0.213"><failure message="AssertionError: Expected 403 on cross-owner GET; got 200 body={&quot;id&quot;:&quot;4890e681-6869-4044-ac97-8a7de76698c2&quot;,&quot;pa_number&quot;:&quot;PA-20260513-4890E6&quot;,&quot;partner_id&quot;:&quot;b2d10ad1-9285-4d8a-bcfe-0f5533330447&quot;,&quot;partner_name&quot;:&quot;Partner User&quot;,&quot;created_by_user_id&quot;:&quot;b2d10ad1-9285-4d8a&#10;assert 200 == 403&#10; +  where 200 = &lt;Response [200]&gt;.status_code">backend/tests/test_phase4a_sales_workflow.py:150: in test_05_sexec_forbidden_on_partner_pa
    assert r.status_code == 403, f"Expected 403 on cross-owner GET; got {r.status_code} body={r.text[:200]}"
E   AssertionError: Expected 403 on cross-owner GET; got 200 body={"id":"4890e681-6869-4044-ac97-8a7de76698c2","pa_number":"PA-20260513-4890E6","partner_id":"b2d10ad1-9285-4d8a-bcfe-0f5533330447","partner_name":"Partner User","created_by_user_id":"b2d10ad1-9285-4d8a
E   assert 200 == 403
E    +  where 200 = &lt;Response [200]&gt;.status_code</failure></testcase><testcase classname="backend.tests.test_phase4a_sales_workflow" name="test_06_ai_proposal_access_for_sexec" time="0.102" /><testcase classname="backend.tests.test_phase4a_sales_workflow" name="test_07_sexec_doc_upload" time="0.109" /><testcase classname="backend.tests.test_phase4a_sales_workflow" name="test_08_partner_my_assessments_regression" time="0.245" /><testcase classname="backend.tests.test_phase4a_sales_workflow" name="test_09_partner_create_pa" time="0.229" /><testcase classname="backend.tests.test_phase4a_sales_workflow" name="test_10_migration_backfill_all_have_created_by" time="0.471" /><testcase classname="backend.tests.test_phase4a_sales_workflow" name="test_11_sexec_permission_inheritance" time="0.000" /><testcase classname="backend.tests.test_phase4a_sales_workflow" name="test_12_sexec_blocked_from_admin" time="0.100" /><testcase classname="backend.tests.test_phase4a_sales_workflow" name="test_13_sexec_leaves_balance" time="0.102" /><testcase classname="backend.tests.test_phase4a_sales_workflow" name="test_14_sexec_attendance_status" time="0.105" /><testcase classname="backend.tests.test_phase4a_sales_workflow" name="test_15_admin_leave_types" time="0.117" /></testsuite></testsuites>