<?xml version="1.0" encoding="utf-8"?><testsuites name="pytest tests"><testsuite name="pytest" errors="0" failures="0" skipped="1" tests="28" time="7.340" timestamp="2026-05-14T07:27:27.196852+00:00" hostname="agent-env-f3914c7c-9917-4323-8543-c47577c5680e"><testcase classname="backend.tests.test_phase4c_commission_allocations.TestRegression" name="test_login_admin" time="2.108" /><testcase classname="backend.tests.test_phase4c_commission_allocations.TestRegression" name="test_cost_structures" time="0.127" /><testcase classname="backend.tests.test_phase4c_commission_allocations.TestRegression" name="test_vendors_list" time="0.101" /><testcase classname="backend.tests.test_phase4c_commission_allocations.TestRegression" name="test_vendor_categories" time="0.127" /><testcase classname="backend.tests.test_phase4c_commission_allocations.TestRegression" name="test_pre_assessment_admin_queue" time="0.123" /><testcase classname="backend.tests.test_phase4c_commission_allocations.TestSlabs" name="test_slabs_auto_seed_on_first_get" time="0.126" /><testcase classname="backend.tests.test_phase4c_commission_allocations.TestSlabs" name="test_slabs_seed_idempotent" time="0.111" /><testcase classname="backend.tests.test_phase4c_commission_allocations.TestSlabs" name="test_slabs_client_403" time="0.105" /><testcase classname="backend.tests.test_phase4c_commission_allocations.TestSlabs" name="test_create_slab_validation_max_lt_min" time="0.105" /><testcase classname="backend.tests.test_phase4c_commission_allocations.TestSlabs" name="test_create_and_patch_and_delete_slab" time="0.464" /><testcase classname="backend.tests.test_phase4c_commission_allocations.TestSlabs" name="test_delete_system_slab_protected" time="0.210" /><testcase classname="backend.tests.test_phase4c_commission_allocations.TestCommissionViews" name="test_my_as_partner" time="0.137" /><testcase classname="backend.tests.test_phase4c_commission_allocations.TestCommissionViews" name="test_my_as_sexec" time="0.129" /><testcase classname="backend.tests.test_phase4c_commission_allocations.TestCommissionViews" name="test_my_client_403" time="0.106" /><testcase classname="backend.tests.test_phase4c_commission_allocations.TestCommissionViews" name="test_all_admin" time="0.109" /><testcase classname="backend.tests.test_phase4c_commission_allocations.TestCommissionViews" name="test_all_client_403" time="0.146" /><testcase classname="backend.tests.test_phase4c_commission_allocations.TestCommissionViews" name="test_leaderboard_admin" time="0.141" /><testcase classname="backend.tests.test_phase4c_commission_allocations.TestSlabMatching" name="test_cumulative_slab_upgrade_and_idempotency" time="0.079" /><testcase classname="backend.tests.test_phase4c_commission_allocations.TestEntryWorkflow" name="test_approve_mark_paid_reverse" time="0.511" /><testcase classname="backend.tests.test_phase4c_commission_allocations.TestAllocations" name="test_get_allocations_non_case_created" time="0.145"><skipped type="pytest.skip" message="No non case_created PA available">/app/backend/tests/test_phase4c_commission_allocations.py:398: No non case_created PA available</skipped></testcase><testcase classname="backend.tests.test_phase4c_commission_allocations.TestAllocations" name="test_get_allocations_auto_build" time="0.165" /><testcase classname="backend.tests.test_phase4c_commission_allocations.TestAllocations" name="test_recalculate" time="0.145" /><testcase classname="backend.tests.test_phase4c_commission_allocations.TestAllocations" name="test_recalculate_no_match" time="0.155" /><testcase classname="backend.tests.test_phase4c_commission_allocations.TestAllocations" name="test_assign_vendor_invalid" time="0.212" /><testcase classname="backend.tests.test_phase4c_commission_allocations.TestAllocations" name="test_assign_vendor_and_approve_and_pay" time="0.665" /><testcase classname="backend.tests.test_phase4c_commission_allocations.TestAllocations" name="test_visa_approved_idempotent" time="0.250" /><testcase classname="backend.tests.test_phase4c_commission_allocations.TestAllocations" name="test_refund_clawback_idempotent" time="0.340" /><testcase classname="backend.tests.test_phase4c_commission_allocations.TestAllocations" name="test_allocations_client_403" time="0.104" /></testsuite></testsuites>