<?xml version="1.0" encoding="utf-8"?><testsuites name="pytest tests"><testsuite name="pytest" errors="0" failures="0" skipped="0" tests="14" time="4.645" timestamp="2026-05-13T11:44:27.728551+00:00" hostname="agent-env-f3914c7c-9917-4323-8543-c47577c5680e"><testcase classname="backend.tests.test_phase3b_leave_types_crud" name="test_01_admin_get_leave_types_with_stats" time="0.750" /><testcase classname="backend.tests.test_phase3b_leave_types_crud" name="test_02_patch_system_type_name_forbidden" time="0.135" /><testcase classname="backend.tests.test_phase3b_leave_types_crud" name="test_03_patch_system_type_allowed_fields" time="0.602" /><testcase classname="backend.tests.test_phase3b_leave_types_crud" name="test_04_delete_system_type_forbidden" time="0.336" /><testcase classname="backend.tests.test_phase3b_leave_types_crud" name="test_05_deactivate_sick_leave" time="0.237" /><testcase classname="backend.tests.test_phase3b_leave_types_crud" name="test_06_activate_sick_leave" time="0.271" /><testcase classname="backend.tests.test_phase3b_leave_types_crud" name="test_07_create_custom_leave_type" time="0.217" /><testcase classname="backend.tests.test_phase3b_leave_types_crud" name="test_08_patch_custom_type_name_allowed" time="0.220" /><testcase classname="backend.tests.test_phase3b_leave_types_crud" name="test_10_delete_short_reason_returns_422" time="0.138" /><testcase classname="backend.tests.test_phase3b_leave_types_crud" name="test_09_soft_delete_custom_leave_type" time="0.398" /><testcase classname="backend.tests.test_phase3b_leave_types_crud" name="test_11_patch_leave_type_forbidden_for_sexec" time="0.451" /><testcase classname="backend.tests.test_phase3b_leave_types_crud" name="test_12_get_leave_type_usage" time="0.109" /><testcase classname="backend.tests.test_phase3b_leave_types_crud" name="test_13_audit_log_scope_filter" time="0.160" /><testcase classname="backend.tests.test_phase3b_leave_types_crud" name="test_14_employee_leaves_types_excludes_inactive_and_deleted" time="0.567" /></testsuite></testsuites>