<?xml version="1.0" encoding="utf-8"?><testsuites name="pytest tests"><testsuite name="pytest" errors="0" failures="0" skipped="1" tests="14" time="2.550" timestamp="2026-06-09T19:49:55.062492+00:00" hostname="agent-env-f3914c7c-9917-4323-8543-c47577c5680e"><testcase classname="backend.tests.test_phase13_public_atlas" name="test_featured_works_without_auth" time="0.297" /><testcase classname="backend.tests.test_phase13_public_atlas" name="test_au_261313_single_no_auth" time="0.120" /><testcase classname="backend.tests.test_phase13_public_atlas" name="test_unknown_country_404" time="0.118" /><testcase classname="backend.tests.test_phase13_public_atlas" name="test_unknown_code_404" time="0.116" /><testcase classname="backend.tests.test_phase13_public_atlas" name="test_invalid_code_format_400" time="0.123" /><testcase classname="backend.tests.test_phase13_public_atlas" name="test_draft_codes_not_returned" time="0.391" /><testcase classname="backend.tests.test_phase13_public_atlas" name="test_country_list_search" time="0.447" /><testcase classname="backend.tests.test_phase13_public_atlas" name="test_country_list_returns_meta" time="0.110" /><testcase classname="backend.tests.test_phase13_public_atlas" name="test_sitemap_xml_valid" time="0.160" /><testcase classname="backend.tests.test_phase13_public_atlas" name="test_lead_capture_success" time="0.158" /><testcase classname="backend.tests.test_phase13_public_atlas" name="test_lead_honeypot_silently_drops" time="0.103" /><testcase classname="backend.tests.test_phase13_public_atlas" name="test_lead_invalid_email_400" time="0.103" /><testcase classname="backend.tests.test_phase13_public_atlas" name="test_lead_stored_in_leads_collection" time="0.242" /><testcase classname="backend.tests.test_phase13_public_atlas" name="test_lead_rate_limit_per_ip" time="0.000"><skipped type="pytest.skip" message="Set RUN_RATELIMIT_TEST=1 to run rate-limit test">/app/backend/tests/test_phase13_public_atlas.py:192: Set RUN_RATELIMIT_TEST=1 to run rate-limit test</skipped></testcase></testsuite></testsuites>