<?xml version="1.0" encoding="utf-8"?><testsuites name="pytest tests"><testsuite name="pytest" errors="0" failures="0" skipped="2" tests="26" time="6.046" timestamp="2026-06-24T12:56:02.578346+00:00" hostname="agent-env-ec155449-0c81-418e-a809-5086cedeb12f"><testcase classname="backend.tests.test_phase21_slice2" name="test_doc_list_own_empty_or_list" time="0.655" /><testcase classname="backend.tests.test_phase21_slice2" name="test_doc_create" time="0.109" /><testcase classname="backend.tests.test_phase21_slice2" name="test_doc_invalid_type_returns_400" time="0.127" /><testcase classname="backend.tests.test_phase21_slice2" name="test_doc_verify_workflow" time="0.208" /><testcase classname="backend.tests.test_phase21_slice2" name="test_doc_replace_creates_version_2" time="0.205" /><testcase classname="backend.tests.test_phase21_slice2" name="test_doc_share_token" time="0.361" /><testcase classname="backend.tests.test_phase21_slice2" name="test_onboarding_create_template" time="0.138" /><testcase classname="backend.tests.test_phase21_slice2" name="test_onboarding_invalid_step_type_returns_400" time="0.099" /><testcase classname="backend.tests.test_phase21_slice2" name="test_onboarding_start_and_complete_step" time="0.631" /><testcase classname="backend.tests.test_phase21_slice2" name="test_asset_create" time="0.266" /><testcase classname="backend.tests.test_phase21_slice2" name="test_asset_unique_tag_enforced" time="0.305" /><testcase classname="backend.tests.test_phase21_slice2" name="test_asset_issue_and_return" time="0.668" /><testcase classname="backend.tests.test_phase21_slice2" name="test_my_assets_lists_holdings" time="0.312" /><testcase classname="backend.tests.test_phase21_slice2" name="test_onboarding_get_workflow_unauthorized" time="0.096" /><testcase classname="backend.tests.test_phase21_slice2" name="test_calculate_ctc_preview" time="0.098" /><testcase classname="backend.tests.test_phase21_slice2" name="test_create_salary_structure" time="0.098" /><testcase classname="backend.tests.test_phase21_slice2" name="test_current_salary_structure" time="0.110" /><testcase classname="backend.tests.test_phase21_slice2" name="test_salary_supersession" time="0.234" /><testcase classname="backend.tests.test_phase21_slice2" name="test_payslip_generate_for_self" time="0.221" /><testcase classname="backend.tests.test_phase21_slice2" name="test_payslip_get_detail" time="0.232" /><testcase classname="backend.tests.test_phase21_slice2" name="test_payslip_pdf_download" time="0.297" /><testcase classname="backend.tests.test_phase21_slice2" name="test_payslip_approve_workflow" time="0.102"><skipped type="pytest.skip" message="No draft payslip available">/app/backend/tests/test_phase21_slice2.py:441: No draft payslip available</skipped></testcase><testcase classname="backend.tests.test_phase21_slice2" name="test_payslip_mark_paid" time="0.101"><skipped type="pytest.skip" message="No approved payslip available">/app/backend/tests/test_phase21_slice2.py:455: No approved payslip available</skipped></testcase><testcase classname="backend.tests.test_phase21_slice2" name="test_my_payslips_view" time="0.095" /><testcase classname="backend.tests.test_phase21_slice2" name="test_payslip_pf_calc_boundary" time="0.098" /><testcase classname="backend.tests.test_phase21_slice2" name="test_payslip_invalid_period_returns_400" time="0.099" /></testsuite></testsuites>