<?xml version="1.0" encoding="utf-8"?><testsuites name="pytest tests"><testsuite name="pytest" errors="0" failures="0" skipped="0" tests="56" time="15.277" timestamp="2026-05-13T11:47:18.182710+00:00" hostname="agent-env-f3914c7c-9917-4323-8543-c47577c5680e"><testcase classname="backend.tests.test_phase3a_attendance_leaves" name="test_login_all_three" time="1.153" /><testcase classname="backend.tests.test_phase3a_attendance_leaves" name="test_settings_admin" time="0.460" /><testcase classname="backend.tests.test_phase3a_attendance_leaves" name="test_settings_forbidden_for_exec" time="0.479" /><testcase classname="backend.tests.test_phase3a_attendance_leaves" name="test_holidays_2026" time="0.130" /><testcase classname="backend.tests.test_phase3a_attendance_leaves" name="test_create_custom_holiday" time="0.219" /><testcase classname="backend.tests.test_phase3a_attendance_leaves" name="test_leave_types_seven" time="0.174" /><testcase classname="backend.tests.test_phase3a_attendance_leaves" name="test_my_balance_seven" time="0.145" /><testcase classname="backend.tests.test_phase3a_attendance_leaves" name="test_validate_sandwich_cl" time="0.137" /><testcase classname="backend.tests.test_phase3a_attendance_leaves" name="test_validate_max_consecutive" time="0.156" /><testcase classname="backend.tests.test_phase3a_attendance_leaves" name="test_apply_cl_june_and_monthly_cap" time="0.342" /><testcase classname="backend.tests.test_phase3a_attendance_leaves" name="test_apply_sandwich_requires_ack" time="0.100" /><testcase classname="backend.tests.test_phase3a_attendance_leaves" name="test_apply_sandwich_accepted" time="0.931" /><testcase classname="backend.tests.test_phase3a_attendance_leaves" name="test_cancel_pending" time="0.340" /><testcase classname="backend.tests.test_phase3a_attendance_leaves" name="test_current_status" time="0.101" /><testcase classname="backend.tests.test_phase3a_attendance_leaves" name="test_punch_in_and_out" time="0.221" /><testcase classname="backend.tests.test_phase3a_attendance_leaves" name="test_punch_out_short_hours_confirmation" time="0.248" /><testcase classname="backend.tests.test_phase3a_attendance_leaves" name="test_my_month" time="0.126" /><testcase classname="backend.tests.test_phase3a_attendance_leaves" name="test_exec_forbidden_today" time="0.129" /><testcase classname="backend.tests.test_phase3a_attendance_leaves" name="test_exec_my_balance_ok" time="0.105" /><testcase classname="backend.tests.test_phase3a_attendance_leaves" name="test_admin_today" time="0.145" /><testcase classname="backend.tests.test_phase3a_attendance_leaves" name="test_admin_dashboard" time="0.104" /><testcase classname="backend.tests.test_phase3a_attendance_leaves" name="test_regularize_recent" time="0.135" /><testcase classname="backend.tests.test_phase3a_attendance_leaves" name="test_regularize_too_old" time="0.126" /><testcase classname="backend.tests.test_phase3b_hr_admin" name="test_get_settings_admin" time="0.477" /><testcase classname="backend.tests.test_phase3b_hr_admin" name="test_patch_settings_admin_creates_audit" time="0.665" /><testcase classname="backend.tests.test_phase3b_hr_admin" name="test_get_holidays_2026" time="0.129" /><testcase classname="backend.tests.test_phase3b_hr_admin" name="test_import_indian_holidays_2027" time="0.247" /><testcase classname="backend.tests.test_phase3b_hr_admin" name="test_copy_holidays_2026_to_2028" time="0.359" /><testcase classname="backend.tests.test_phase3b_hr_admin" name="test_create_custom_leave_type" time="0.235" /><testcase classname="backend.tests.test_phase3b_hr_admin" name="test_list_leave_types_has_study_leave" time="0.121" /><testcase classname="backend.tests.test_phase3b_hr_admin" name="test_patch_study_leave_quota" time="0.333" /><testcase classname="backend.tests.test_phase3b_hr_admin" name="test_delete_custom_leave_type" time="0.260" /><testcase classname="backend.tests.test_phase3b_hr_admin" name="test_delete_system_leave_type_forbidden" time="0.247" /><testcase classname="backend.tests.test_phase3b_hr_admin" name="test_get_approver_config_admin" time="0.116" /><testcase classname="backend.tests.test_phase3b_hr_admin" name="test_patch_approver_config" time="0.339" /><testcase classname="backend.tests.test_phase3b_hr_admin" name="test_simulate_approval_chain_for_sexec" time="0.109" /><testcase classname="backend.tests.test_phase3b_hr_admin" name="test_eligible_approvers_admin" time="0.169" /><testcase classname="backend.tests.test_phase3b_hr_admin" name="test_audit_log_returns_entries" time="0.127" /><testcase classname="backend.tests.test_phase3b_hr_admin" name="test_settings_forbidden_for_sexec" time="0.487" /><testcase classname="backend.tests.test_phase3b_hr_admin" name="test_patch_leave_type_forbidden_for_sexec" time="0.116" /><testcase classname="backend.tests.test_phase3b_hr_admin" name="test_approver_config_forbidden_for_sexec" time="0.110" /><testcase classname="backend.tests.test_phase3b_hr_admin" name="test_import_indian_forbidden_for_sexec" time="0.119" /><testcase classname="backend.tests.test_phase3b_leave_types_crud" name="test_01_admin_get_leave_types_with_stats" time="0.575" /><testcase classname="backend.tests.test_phase3b_leave_types_crud" name="test_02_patch_system_type_name_forbidden" time="0.114" /><testcase classname="backend.tests.test_phase3b_leave_types_crud" name="test_03_patch_system_type_allowed_fields" time="0.577" /><testcase classname="backend.tests.test_phase3b_leave_types_crud" name="test_04_delete_system_type_forbidden" time="0.264" /><testcase classname="backend.tests.test_phase3b_leave_types_crud" name="test_05_deactivate_sick_leave" time="0.227" /><testcase classname="backend.tests.test_phase3b_leave_types_crud" name="test_06_activate_sick_leave" time="0.282" /><testcase classname="backend.tests.test_phase3b_leave_types_crud" name="test_07_create_custom_leave_type" time="0.230" /><testcase classname="backend.tests.test_phase3b_leave_types_crud" name="test_08_patch_custom_type_name_allowed" time="0.250" /><testcase classname="backend.tests.test_phase3b_leave_types_crud" name="test_10_delete_short_reason_returns_422" time="0.107" /><testcase classname="backend.tests.test_phase3b_leave_types_crud" name="test_09_soft_delete_custom_leave_type" time="0.493" /><testcase classname="backend.tests.test_phase3b_leave_types_crud" name="test_11_patch_leave_type_forbidden_for_sexec" time="0.436" /><testcase classname="backend.tests.test_phase3b_leave_types_crud" name="test_12_get_leave_type_usage" time="0.107" /><testcase classname="backend.tests.test_phase3b_leave_types_crud" name="test_13_audit_log_scope_filter" time="0.101" /><testcase classname="backend.tests.test_phase3b_leave_types_crud" name="test_14_employee_leaves_types_excludes_inactive_and_deleted" time="0.459" /></testsuite></testsuites>