<?xml version="1.0" encoding="utf-8"?><testsuites name="pytest tests"><testsuite name="pytest" errors="0" failures="0" skipped="0" tests="14" time="3.939" timestamp="2026-05-13T18:20:30.138867+00:00" hostname="agent-env-f3914c7c-9917-4323-8543-c47577c5680e"><testcase classname="tests.test_phase4b_extras" name="test_case_manager_my_targets_returns_null_not_403" time="0.230" /><testcase classname="tests.test_phase4b_extras" name="test_client_cannot_access_team_endpoint" time="0.227" /><testcase classname="tests.test_phase4b_extras" name="test_partner_cannot_access_team_endpoint" time="0.227" /><testcase classname="tests.test_phase4b_extras" name="test_sexec_cannot_access_leaderboard" time="0.228" /><testcase classname="tests.test_phase4b_extras" name="test_admin_leaderboard_returns_list" time="0.229" /><testcase classname="tests.test_phase4b_extras" name="test_insights_for_sexec_self" time="0.230" /><testcase classname="tests.test_phase4b_extras" name="test_forecast_for_sexec_self" time="0.231" /><testcase classname="tests.test_phase4b_extras" name="test_partner_forecast_returns_no_target_or_403" time="0.230" /><testcase classname="tests.test_phase4b_extras" name="test_template_list_has_three_seed_templates" time="0.227" /><testcase classname="tests.test_phase4b_extras" name="test_admin_can_create_update_delete_template" time="0.232" /><testcase classname="tests.test_phase4b_extras" name="test_partner_cannot_create_template" time="0.226" /><testcase classname="tests.test_phase4b_extras" name="test_admin_can_recalc_single_target" time="0.460" /><testcase classname="tests.test_phase4b_extras" name="test_auto_recalc_hook_endpoint_exists" time="0.456" /><testcase classname="tests.test_phase4b_extras" name="test_bulk_set_summary_shape" time="0.459" /></testsuite></testsuites>