<?xml version="1.0" encoding="utf-8"?><testsuites name="pytest tests"><testsuite name="pytest" errors="0" failures="0" skipped="0" tests="19" time="4.698" timestamp="2026-05-13T10:00:11.652228+00:00" hostname="agent-env-f3914c7c-9917-4323-8543-c47577c5680e"><testcase classname="backend.tests.test_phase3b_hr_admin" name="test_get_settings_admin" time="0.644" /><testcase classname="backend.tests.test_phase3b_hr_admin" name="test_patch_settings_admin_creates_audit" time="0.605" /><testcase classname="backend.tests.test_phase3b_hr_admin" name="test_get_holidays_2026" time="0.137" /><testcase classname="backend.tests.test_phase3b_hr_admin" name="test_import_indian_holidays_2027" time="0.249" /><testcase classname="backend.tests.test_phase3b_hr_admin" name="test_copy_holidays_2026_to_2028" time="0.308" /><testcase classname="backend.tests.test_phase3b_hr_admin" name="test_create_custom_leave_type" time="0.296" /><testcase classname="backend.tests.test_phase3b_hr_admin" name="test_list_leave_types_has_study_leave" time="0.117" /><testcase classname="backend.tests.test_phase3b_hr_admin" name="test_patch_study_leave_quota" time="0.409" /><testcase classname="backend.tests.test_phase3b_hr_admin" name="test_delete_custom_leave_type" time="0.210" /><testcase classname="backend.tests.test_phase3b_hr_admin" name="test_delete_system_leave_type_forbidden" time="0.208" /><testcase classname="backend.tests.test_phase3b_hr_admin" name="test_get_approver_config_admin" time="0.125" /><testcase classname="backend.tests.test_phase3b_hr_admin" name="test_patch_approver_config" time="0.232" /><testcase classname="backend.tests.test_phase3b_hr_admin" name="test_simulate_approval_chain_for_sexec" time="0.106" /><testcase classname="backend.tests.test_phase3b_hr_admin" name="test_eligible_approvers_admin" time="0.100" /><testcase classname="backend.tests.test_phase3b_hr_admin" name="test_audit_log_returns_entries" time="0.103" /><testcase classname="backend.tests.test_phase3b_hr_admin" name="test_settings_forbidden_for_sexec" time="0.430" /><testcase classname="backend.tests.test_phase3b_hr_admin" name="test_patch_leave_type_forbidden_for_sexec" time="0.121" /><testcase classname="backend.tests.test_phase3b_hr_admin" name="test_approver_config_forbidden_for_sexec" time="0.102" /><testcase classname="backend.tests.test_phase3b_hr_admin" name="test_import_indian_forbidden_for_sexec" time="0.113" /></testsuite></testsuites>