<?xml version="1.0" encoding="utf-8"?><testsuites name="pytest tests"><testsuite name="pytest" errors="0" failures="0" skipped="0" tests="14" time="5.694" timestamp="2026-04-17T11:57:04.062478+00:00" hostname="agent-env-ddda26a5-0039-4bdf-be5b-72e8978514e2"><testcase classname="backend.tests.test_iteration61_template_gallery.TestTemplateGallery" name="test_templates_endpoint_returns_8_templates" time="0.489" /><testcase classname="backend.tests.test_iteration61_template_gallery.TestTemplateGallery" name="test_each_template_has_required_fields" time="0.420" /><testcase classname="backend.tests.test_iteration61_template_gallery.TestTemplateGallery" name="test_canada_pr_template_details" time="0.408" /><testcase classname="backend.tests.test_iteration61_template_gallery.TestTemplateGallery" name="test_australia_pr_template_details" time="0.384" /><testcase classname="backend.tests.test_iteration61_template_gallery.TestTemplateGallery" name="test_uk_skilled_worker_template_details" time="0.387" /><testcase classname="backend.tests.test_iteration61_template_gallery.TestTemplateGallery" name="test_usa_h1b_template_details" time="0.372" /><testcase classname="backend.tests.test_iteration61_template_gallery.TestTemplateGallery" name="test_uae_golden_visa_template_details" time="0.372" /><testcase classname="backend.tests.test_iteration61_template_gallery.TestTemplateGallery" name="test_singapore_ep_template_details" time="0.385" /><testcase classname="backend.tests.test_iteration61_template_gallery.TestTemplateGallery" name="test_nz_skilled_migrant_template_details" time="0.395" /><testcase classname="backend.tests.test_iteration61_template_gallery.TestTemplateGallery" name="test_student_visa_template_details" time="0.375" /><testcase classname="backend.tests.test_iteration61_template_gallery.TestAISuggestBulk" name="test_ai_suggest_bulk_canada_pr" time="0.407" /><testcase classname="backend.tests.test_iteration61_template_gallery.TestAISuggestBulk" name="test_ai_suggest_bulk_australia_pr" time="0.419" /><testcase classname="backend.tests.test_iteration61_template_gallery.TestAISuggestBulk" name="test_ai_suggest_bulk_returns_documents_for_each_step" time="0.393" /><testcase classname="backend.tests.test_iteration61_template_gallery.TestAIWorkflowSave" name="test_ai_workflow_save_endpoint_exists" time="0.404" /></testsuite></testsuites>