<?xml version="1.0" encoding="utf-8"?><testsuites name="pytest tests"><testsuite name="pytest" errors="0" failures="0" skipped="0" tests="18" time="8.682" timestamp="2026-04-08T23:02:41.418705+00:00" hostname="agent-env-ddda26a5-0039-4bdf-be5b-72e8978514e2"><testcase classname="backend.tests.test_iteration33_expiry_reminders.TestHealthAndAuth" name="test_health_endpoint" time="0.204" /><testcase classname="backend.tests.test_iteration33_expiry_reminders.TestHealthAndAuth" name="test_admin_login" time="0.371" /><testcase classname="backend.tests.test_iteration33_expiry_reminders.TestHealthAndAuth" name="test_case_manager_login" time="0.366" /><testcase classname="backend.tests.test_iteration33_expiry_reminders.TestHealthAndAuth" name="test_partner_login" time="0.332" /><testcase classname="backend.tests.test_iteration33_expiry_reminders.TestHealthAndAuth" name="test_client_login" time="0.369" /><testcase classname="backend.tests.test_iteration33_expiry_reminders.TestCheckExpiryReminders" name="test_check_expiry_reminders_admin" time="0.453" /><testcase classname="backend.tests.test_iteration33_expiry_reminders.TestCheckExpiryReminders" name="test_check_expiry_reminders_manager" time="0.519" /><testcase classname="backend.tests.test_iteration33_expiry_reminders.TestCheckExpiryReminders" name="test_check_expiry_reminders_client" time="0.478" /><testcase classname="backend.tests.test_iteration33_expiry_reminders.TestCheckExpiryReminders" name="test_check_expiry_reminders_deduplication" time="0.583" /><testcase classname="backend.tests.test_iteration33_expiry_reminders.TestExpirySummary" name="test_expiry_summary_admin" time="0.440" /><testcase classname="backend.tests.test_iteration33_expiry_reminders.TestExpirySummary" name="test_expiry_summary_manager" time="0.491" /><testcase classname="backend.tests.test_iteration33_expiry_reminders.TestExpirySummary" name="test_expiry_summary_client_forbidden" time="0.449" /><testcase classname="backend.tests.test_iteration33_expiry_reminders.TestExpirySummary" name="test_expiry_summary_admin_vs_manager_scope" time="0.927" /><testcase classname="backend.tests.test_iteration33_expiry_reminders.TestReminderThresholds" name="test_expiring_documents_urgency_levels" time="0.467" /><testcase classname="backend.tests.test_iteration33_expiry_reminders.TestNotificationCreation" name="test_client_receives_expiry_notifications" time="0.600" /><testcase classname="backend.tests.test_iteration33_expiry_reminders.TestNotificationCreation" name="test_manager_receives_expiry_notifications" time="0.574" /><testcase classname="backend.tests.test_iteration33_expiry_reminders.TestDashboardIntegration" name="test_admin_dashboard_data_loads" time="0.459" /><testcase classname="backend.tests.test_iteration33_expiry_reminders.TestDashboardIntegration" name="test_check_expiry_reminders_fire_and_forget" time="0.460" /></testsuite></testsuites>