<?xml version="1.0" encoding="utf-8"?><testsuites name="pytest tests"><testsuite name="pytest" errors="0" failures="0" skipped="0" tests="15" time="30.650" timestamp="2026-04-22T21:25:02.675431+00:00" hostname="agent-env-ddda26a5-0039-4bdf-be5b-72e8978514e2"><testcase classname="backend.tests.test_iteration78_phase_a_retouch.TestAuth" name="test_admin_login" time="0.378" /><testcase classname="backend.tests.test_iteration78_phase_a_retouch.TestAuth" name="test_partner_login" time="0.345" /><testcase classname="backend.tests.test_iteration78_phase_a_retouch.TestUpsellBundles" name="test_list_bundles_auto_seeds" time="0.489" /><testcase classname="backend.tests.test_iteration78_phase_a_retouch.TestUpsellBundles" name="test_create_bundle_admin_only" time="0.572" /><testcase classname="backend.tests.test_iteration78_phase_a_retouch.TestUpsellBundles" name="test_resolve_bundles" time="0.229" /><testcase classname="backend.tests.test_iteration78_phase_a_retouch.TestAIProposalGenerator" name="test_ai_generate_partner_only" time="11.824" /><testcase classname="backend.tests.test_iteration78_phase_a_retouch.TestAIProposalGenerator" name="test_ai_generate_403_for_non_partner" time="0.517" /><testcase classname="backend.tests.test_iteration78_phase_a_retouch.TestPartnerReviewStage" name="test_client_submit_transitions_to_partner_review" time="0.831" /><testcase classname="backend.tests.test_iteration78_phase_a_retouch.TestPartnerReviewStage" name="test_partner_forward_to_admin_endpoint" time="0.250" /><testcase classname="backend.tests.test_iteration78_phase_a_retouch.TestEnhancedSendProposal" name="test_create_promo_code" time="0.451" /><testcase classname="backend.tests.test_iteration78_phase_a_retouch.TestEnhancedSendProposal" name="test_send_proposal_with_discounts_and_upsells" time="0.573" /><testcase classname="backend.tests.test_iteration78_phase_a_retouch.TestSalesStrictRule" name="test_partner_cannot_create_sale_without_pa_or_bypass" time="0.593" /><testcase classname="backend.tests.test_iteration78_phase_a_retouch.TestSalesStrictRule" name="test_partner_can_bypass_with_reason" time="0.355" /><testcase classname="backend.tests.test_iteration78_phase_a_retouch.TestSalesStrictRule" name="test_admin_can_create_sale_without_pa" time="0.605" /><testcase classname="backend.tests.test_iteration78_phase_a_retouch.TestE2EHappyPath" name="test_e2e_flow_overview" time="12.556" /></testsuite></testsuites>