<?xml version="1.0" encoding="utf-8"?><testsuites name="pytest tests"><testsuite name="pytest" errors="0" failures="0" skipped="0" tests="29" time="55.722" timestamp="2026-04-23T06:58:14.308675+00:00" hostname="agent-env-ddda26a5-0039-4bdf-be5b-72e8978514e2"><testcase classname="backend.tests.test_iteration82_document_ux.TestIteration82DocumentUX" name="test_01_partner_create_pa" time="29.308" /><testcase classname="backend.tests.test_iteration82_document_ux.TestIteration82DocumentUX" name="test_02_send_payment_link" time="1.708" /><testcase classname="backend.tests.test_iteration82_document_ux.TestIteration82DocumentUX" name="test_03_mock_payment" time="1.065" /><testcase classname="backend.tests.test_iteration82_document_ux.TestIteration82DocumentUX" name="test_04_upload_document" time="1.098" /><testcase classname="backend.tests.test_iteration82_document_ux.TestIteration82DocumentUX" name="test_05_download_without_inline_returns_attachment" time="1.107" /><testcase classname="backend.tests.test_iteration82_document_ux.TestIteration82DocumentUX" name="test_06_download_with_inline_true_returns_inline" time="1.077" /><testcase classname="backend.tests.test_iteration82_document_ux.TestIteration82DocumentUX" name="test_07_admin_can_download_inline" time="1.077" /><testcase classname="backend.tests.test_iteration82_document_ux.TestIteration82DocumentUX" name="test_08_admin_can_download_attachment" time="1.096" /><testcase classname="backend.tests.test_iteration82_document_ux.TestIteration82DocumentUX" name="test_09_download_nonexistent_doc_returns_404" time="1.087" /><testcase classname="backend.tests.test_iteration82_document_ux.TestIteration82DocumentUX" name="test_10_upload_second_document_for_delete_test" time="1.103" /><testcase classname="backend.tests.test_iteration82_document_ux.TestIteration82DocumentUX" name="test_11_delete_document_by_partner" time="1.059" /><testcase classname="backend.tests.test_iteration82_document_ux.TestIteration82DocumentUX" name="test_12_deleted_document_returns_404" time="1.089" /><testcase classname="backend.tests.test_iteration82_document_ux.TestIteration82DocumentUX" name="test_13_delete_nonexistent_doc_returns_404" time="1.082" /><testcase classname="backend.tests.test_iteration82_document_ux.TestIteration82DocumentUX" name="test_14_unauthorized_partner_cannot_delete" time="0.983" /><testcase classname="backend.tests.test_iteration82_document_ux.TestIteration82DocumentUX" name="test_15_submit_documents_still_works" time="1.099" /><testcase classname="backend.tests.test_iteration82_document_ux.TestIteration82DocumentUX" name="test_16_verify_pa_stage_under_review" time="1.086" /><testcase classname="backend.tests.test_iteration82_document_ux.TestIteration82DocumentUX" name="test_17_admin_approve_pa" time="1.098" /><testcase classname="backend.tests.test_iteration82_document_ux.TestIteration82DocumentUX" name="test_18_send_proposal_still_works" time="1.494" /><testcase classname="backend.tests.test_iteration82_document_ux.TestIteration82DocumentUX" name="test_19_mock_proposal_payment" time="1.315" /><testcase classname="backend.tests.test_iteration82_document_ux.TestIteration82DocumentUX" name="test_20_partner_submit_final_endpoint_exists" time="1.071" /><testcase classname="backend.tests.test_iteration82_document_ux.TestDocumentDeleteAuthorization" name="test_01_setup_tokens" time="0.656" /><testcase classname="backend.tests.test_iteration82_document_ux.TestDocumentDeleteAuthorization" name="test_02_create_pa_and_upload_doc" time="0.799" /><testcase classname="backend.tests.test_iteration82_document_ux.TestDocumentDeleteAuthorization" name="test_03_admin_can_delete_any_document" time="0.208" /><testcase classname="backend.tests.test_iteration82_document_ux.TestDocumentDeleteAuthorization" name="test_04_partner_can_delete_own_pa_document" time="0.121" /><testcase classname="backend.tests.test_iteration82_document_ux.TestExistingEndpointsRegression" name="test_01_login_endpoints" time="1.012" /><testcase classname="backend.tests.test_iteration82_document_ux.TestExistingEndpointsRegression" name="test_02_products_endpoint" time="0.434" /><testcase classname="backend.tests.test_iteration82_document_ux.TestExistingEndpointsRegression" name="test_03_stats_overview_endpoint" time="0.446" /><testcase classname="backend.tests.test_iteration82_document_ux.TestExistingEndpointsRegression" name="test_04_admin_queue_endpoint" time="0.431" /><testcase classname="backend.tests.test_iteration82_document_ux.TestExistingEndpointsRegression" name="test_05_my_assessments_endpoint" time="0.423" /></testsuite></testsuites>