<?xml version="1.0" encoding="utf-8"?><testsuites name="pytest tests"><testsuite name="pytest" errors="0" failures="0" skipped="2" tests="31" time="91.509" timestamp="2026-04-02T11:03:39.764398+00:00" hostname="agent-env-ddda26a5-0039-4bdf-be5b-72e8978514e2"><testcase classname="tests.test_iteration13_features.TestAuthentication" name="test_admin_login" time="0.386" /><testcase classname="tests.test_iteration13_features.TestAuthentication" name="test_case_manager_login" time="0.346" /><testcase classname="tests.test_iteration13_features.TestAuthentication" name="test_partner_login" time="0.319" /><testcase classname="tests.test_iteration13_features.TestAuthentication" name="test_client_login" time="0.337" /><testcase classname="tests.test_iteration13_features.TestUserImpersonation" name="test_impersonate_partner" time="0.560" /><testcase classname="tests.test_iteration13_features.TestUserImpersonation" name="test_impersonate_case_manager" time="0.529" /><testcase classname="tests.test_iteration13_features.TestUserImpersonation" name="test_impersonate_client" time="0.548" /><testcase classname="tests.test_iteration13_features.TestUserImpersonation" name="test_non_admin_cannot_impersonate" time="0.431" /><testcase classname="tests.test_iteration13_features.TestSalesApproval" name="test_get_pending_sales" time="0.443" /><testcase classname="tests.test_iteration13_features.TestSalesApproval" name="test_get_all_sales" time="0.438" /><testcase classname="tests.test_iteration13_features.TestSalesApproval" name="test_sale_approval_with_case_manager" time="0.425"><skipped type="pytest.skip" message="No pending sales available">/app/tests/test_iteration13_features.py:198: No pending sales available</skipped></testcase><testcase classname="tests.test_iteration13_features.TestSaleDocuments" name="test_get_sale_documents" time="0.547" /><testcase classname="tests.test_iteration13_features.TestCaseManagerReassignment" name="test_reassign_case_manager" time="0.650" /><testcase classname="tests.test_iteration13_features.TestWorkflowStepCRUD" name="test_get_products_with_workflow_steps" time="0.460" /><testcase classname="tests.test_iteration13_features.TestWorkflowStepCRUD" name="test_create_workflow_step" time="0.649" /><testcase classname="tests.test_iteration13_features.TestWorkflowStepCRUD" name="test_update_workflow_step" time="0.541" /><testcase classname="tests.test_iteration13_features.TestProductsCRUD" name="test_list_products" time="0.438" /><testcase classname="tests.test_iteration13_features.TestProductsCRUD" name="test_create_product" time="36.362" /><testcase classname="tests.test_iteration13_features.TestProductsCRUD" name="test_update_product" time="4.690" /><testcase classname="tests.test_iteration13_features.TestDocumentDownload" name="test_document_download_endpoint_exists" time="0.469" /><testcase classname="tests.test_iteration13_features.TestTicketSystem" name="test_list_my_tickets" time="36.176" /><testcase classname="tests.test_iteration13_features.TestTicketSystem" name="test_list_all_tickets_admin" time="0.539" /><testcase classname="tests.test_iteration13_features.TestTicketSystem" name="test_create_ticket" time="0.444" /><testcase classname="tests.test_iteration13_features.TestNotifications" name="test_get_notifications" time="0.421" /><testcase classname="tests.test_iteration13_features.TestAnalyticsDashboard" name="test_dashboard_stats" time="0.430" /><testcase classname="tests.test_iteration13_features.TestAnalyticsDashboard" name="test_sales_stats" time="0.426" /><testcase classname="tests.test_iteration13_features.TestGlobalSearch" name="test_global_search" time="0.426"><skipped type="pytest.skip" message="Global search endpoint not implemented">/app/tests/test_iteration13_features.py:607: Global search endpoint not implemented</skipped></testcase><testcase classname="tests.test_iteration13_features.TestRoleDashboards" name="test_admin_dashboard_data" time="0.959" /><testcase classname="tests.test_iteration13_features.TestRoleDashboards" name="test_case_manager_dashboard_data" time="0.656" /><testcase classname="tests.test_iteration13_features.TestRoleDashboards" name="test_partner_dashboard_data" time="0.702" /><testcase classname="tests.test_iteration13_features.TestRoleDashboards" name="test_client_dashboard_data" time="0.668" /></testsuite></testsuites>