<?xml version="1.0" encoding="utf-8"?><testsuites name="pytest tests"><testsuite name="pytest" errors="0" failures="1" skipped="0" tests="25" time="4.499" timestamp="2026-01-17T10:18:30.972578+00:00" hostname="agent-env-355c27ca-74b1-4c87-99d1-90a231c59ac8"><testcase classname="tests.test_p1_p4_features.TestAuth" name="test_admin_login" time="0.314" /><testcase classname="tests.test_p1_p4_features.TestAuth" name="test_manager_login" time="0.266" /><testcase classname="tests.test_p1_p4_features.TestAuth" name="test_partner_login" time="0.279" /><testcase classname="tests.test_p1_p4_features.TestAuth" name="test_client_login" time="0.268" /><testcase classname="tests.test_p1_p4_features.TestP1SalesReport" name="test_sales_report_no_filter" time="0.309" /><testcase classname="tests.test_p1_p4_features.TestP1SalesReport" name="test_sales_report_weekly_filter" time="0.038" /><testcase classname="tests.test_p1_p4_features.TestP1SalesReport" name="test_sales_report_monthly_filter" time="0.045" /><testcase classname="tests.test_p1_p4_features.TestP1SalesReport" name="test_sales_report_quarterly_filter" time="0.043" /><testcase classname="tests.test_p1_p4_features.TestP1SalesReport" name="test_sales_report_yearly_filter" time="0.047" /><testcase classname="tests.test_p1_p4_features.TestP1SalesReport" name="test_sales_report_csv_export" time="0.049" /><testcase classname="tests.test_p1_p4_features.TestP1CommissionReport" name="test_commission_report_no_filter" time="0.310" /><testcase classname="tests.test_p1_p4_features.TestP1CommissionReport" name="test_commission_report_weekly_filter" time="0.037" /><testcase classname="tests.test_p1_p4_features.TestP1CommissionReport" name="test_commission_report_monthly_filter" time="0.037" /><testcase classname="tests.test_p1_p4_features.TestP1CommissionReport" name="test_commission_report_quarterly_filter" time="0.043" /><testcase classname="tests.test_p1_p4_features.TestP1CommissionReport" name="test_commission_report_yearly_filter" time="0.044" /><testcase classname="tests.test_p1_p4_features.TestP1CommissionReport" name="test_commission_report_csv_export" time="0.036" /><testcase classname="tests.test_p1_p4_features.TestP2Notifications" name="test_get_notifications" time="0.305" /><testcase classname="tests.test_p1_p4_features.TestP2Notifications" name="test_mark_notification_as_read" time="0.075" /><testcase classname="tests.test_p1_p4_features.TestP2Notifications" name="test_notification_stream_endpoint_exists" time="0.035" /><testcase classname="tests.test_p1_p4_features.TestP3CaseManagerFeatures" name="test_get_my_cases" time="0.317" /><testcase classname="tests.test_p1_p4_features.TestP3CaseManagerFeatures" name="test_get_case_documents" time="0.074" /><testcase classname="tests.test_p1_p4_features.TestP3CaseManagerFeatures" name="test_dashboard_stats" time="0.041" /><testcase classname="tests.test_p1_p4_features.TestP4ModernUI" name="test_admin_dashboard_data" time="0.567" /><testcase classname="tests.test_p1_p4_features.TestP4ModernUI" name="test_case_manager_dashboard_data" time="0.368" /><testcase classname="tests.test_p1_p4_features.TestP4ModernUI" name="test_partner_dashboard_data" time="0.378"><failure message="AssertionError: Partner endpoint /sales/my-sales failed: {&quot;detail&quot;:&quot;Not Found&quot;}&#10;assert 404 == 200&#10; +  where 404 = &lt;Response [404]&gt;.status_code">tests/test_p1_p4_features.py:351: in test_partner_dashboard_data
    assert response.status_code == 200, f"Partner endpoint {endpoint} failed: {response.text}"
E   AssertionError: Partner endpoint /sales/my-sales failed: {"detail":"Not Found"}
E   assert 404 == 200
E    +  where 404 = &lt;Response [404]&gt;.status_code</failure></testcase></testsuite></testsuites>