<?xml version="1.0" encoding="utf-8"?><testsuites name="pytest tests"><testsuite name="pytest" errors="0" failures="0" skipped="0" tests="19" time="6.119" timestamp="2026-04-03T13:39:32.417145+00:00" hostname="agent-env-ddda26a5-0039-4bdf-be5b-72e8978514e2"><testcase classname="backend.tests.test_iteration22_features.TestRegressionLogin" name="test_admin_login" time="0.384" /><testcase classname="backend.tests.test_iteration22_features.TestRegressionLogin" name="test_manager_login" time="0.334" /><testcase classname="backend.tests.test_iteration22_features.TestRegressionLogin" name="test_partner_login" time="0.328" /><testcase classname="backend.tests.test_iteration22_features.TestRegressionLogin" name="test_client_login" time="0.332" /><testcase classname="backend.tests.test_iteration22_features.TestAnalyticsDashboard" name="test_dashboard_endpoint_returns_data" time="0.439" /><testcase classname="backend.tests.test_iteration22_features.TestAnalyticsDashboard" name="test_monthly_revenue_endpoint" time="0.118" /><testcase classname="backend.tests.test_iteration22_features.TestAnalyticsDashboard" name="test_case_completion_rate_endpoint" time="0.130" /><testcase classname="backend.tests.test_iteration22_features.TestProductUpdate" name="test_product_update_with_base_fee" time="0.462" /><testcase classname="backend.tests.test_iteration22_features.TestProductUpdate" name="test_product_update_with_fee_alias" time="0.639" /><testcase classname="backend.tests.test_iteration22_features.TestSaleCurrency" name="test_sale_with_inr_currency" time="0.657" /><testcase classname="backend.tests.test_iteration22_features.TestSaleCurrency" name="test_sale_with_usd_currency_converts_to_inr" time="0.318" /><testcase classname="backend.tests.test_iteration22_features.TestCustomCommissions" name="test_create_custom_commission" time="0.319" /><testcase classname="backend.tests.test_iteration22_features.TestCustomCommissions" name="test_get_custom_commissions" time="0.110" /><testcase classname="backend.tests.test_iteration22_features.TestCustomCommissions" name="test_resolve_commission_rate" time="0.355" /><testcase classname="backend.tests.test_iteration22_features.TestTickets" name="test_client_my_tickets" time="0.525" /><testcase classname="backend.tests.test_iteration22_features.TestTickets" name="test_admin_all_tickets" time="0.134" /><testcase classname="backend.tests.test_iteration22_features.TestTickets" name="test_tickets_with_status_filter" time="0.105" /><testcase classname="backend.tests.test_iteration22_features.TestDocumentDownload" name="test_get_case_documents" time="0.242" /><testcase classname="backend.tests.test_iteration22_features.TestExchangeRate" name="test_get_exchange_rate" time="0.099" /></testsuite></testsuites>