<?xml version="1.0" encoding="utf-8"?><testsuites name="pytest tests"><testsuite name="pytest" errors="0" failures="0" skipped="0" tests="10" time="0.931" timestamp="2026-05-25T18:47:29.867411+00:00" hostname="agent-env-f3914c7c-9917-4323-8543-c47577c5680e"><testcase classname="backend.tests.test_iteration132_phase_75_cockpit" name="test_funnel_returns_all_six_stages" time="0.301" /><testcase classname="backend.tests.test_iteration132_phase_75_cockpit" name="test_cards_default_returns_unified_list" time="0.028" /><testcase classname="backend.tests.test_iteration132_phase_75_cockpit" name="test_cards_filter_by_stage" time="0.026" /><testcase classname="backend.tests.test_iteration132_phase_75_cockpit" name="test_cards_search" time="0.027" /><testcase classname="backend.tests.test_iteration132_phase_75_cockpit" name="test_cards_sort_recent_then_oldest" time="0.055" /><testcase classname="backend.tests.test_iteration132_phase_75_cockpit" name="test_brief_returns_insights" time="0.031" /><testcase classname="backend.tests.test_iteration132_phase_75_cockpit" name="test_partner_sees_only_own_records" time="0.299" /><testcase classname="backend.tests.test_iteration132_phase_75_cockpit" name="test_card_detail_unknown_kind_returns_400" time="0.025" /><testcase classname="backend.tests.test_iteration132_phase_75_cockpit" name="test_card_detail_lead_not_found_returns_404" time="0.025" /><testcase classname="backend.tests.test_iteration132_phase_75_cockpit" name="test_unauthenticated_returns_401" time="0.023" /></testsuite></testsuites>