<?xml version="1.0" encoding="utf-8"?><testsuites name="pytest tests"><testsuite name="pytest" errors="0" failures="0" skipped="3" tests="44" time="9.979" timestamp="2026-04-09T20:03:35.380174+00:00" hostname="agent-env-ddda26a5-0039-4bdf-be5b-72e8978514e2"><testcase classname="backend.tests.test_phase6_features.TestAuth" name="test_admin_login" time="0.552" /><testcase classname="backend.tests.test_phase6_features.TestAuth" name="test_case_manager_login" time="0.426" /><testcase classname="backend.tests.test_phase6_features.TestAuth" name="test_client_login" time="0.347" /><testcase classname="backend.tests.test_phase6_features.TestAuth" name="test_partner_login" time="0.352" /><testcase classname="backend.tests.test_phase6_features.TestCoreAPIs" name="test_health_endpoint" time="0.152" /><testcase classname="backend.tests.test_phase6_features.TestCoreAPIs" name="test_dashboard_stats" time="0.484" /><testcase classname="backend.tests.test_phase6_features.TestBulkOperations" name="test_bulk_advance_cases_admin" time="0.369" /><testcase classname="backend.tests.test_phase6_features.TestBulkOperations" name="test_bulk_advance_cases_cm" time="0.644" /><testcase classname="backend.tests.test_phase6_features.TestBulkOperations" name="test_bulk_advance_client_forbidden" time="0.489" /><testcase classname="backend.tests.test_phase6_features.TestBulkOperations" name="test_bulk_document_review" time="0.116"><skipped type="pytest.skip" message="Cannot get documents">/app/backend/tests/test_phase6_features.py:171: Cannot get documents</skipped></testcase><testcase classname="backend.tests.test_phase6_features.TestSLATracker" name="test_set_step_deadline" time="0.279" /><testcase classname="backend.tests.test_phase6_features.TestSLATracker" name="test_get_overdue_steps_admin" time="0.134" /><testcase classname="backend.tests.test_phase6_features.TestSLATracker" name="test_get_overdue_steps_cm" time="0.117" /><testcase classname="backend.tests.test_phase6_features.TestSLATracker" name="test_get_overdue_steps_client_forbidden" time="0.161" /><testcase classname="backend.tests.test_phase6_features.TestAutoCaseAssignment" name="test_auto_assign_admin_only" time="0.259" /><testcase classname="backend.tests.test_phase6_features.TestAutoCaseAssignment" name="test_auto_assign_cm_forbidden" time="0.145" /><testcase classname="backend.tests.test_phase6_features.TestCaseTransfer" name="test_transfer_case_admin" time="0.425" /><testcase classname="backend.tests.test_phase6_features.TestCaseTransfer" name="test_transfer_history" time="0.292" /><testcase classname="backend.tests.test_phase6_features.TestCaseTransfer" name="test_transfer_client_forbidden" time="0.123" /><testcase classname="backend.tests.test_phase6_features.TestSurveys" name="test_submit_survey_client" time="0.235" /><testcase classname="backend.tests.test_phase6_features.TestSurveys" name="test_submit_survey_admin_forbidden" time="0.108" /><testcase classname="backend.tests.test_phase6_features.TestSurveys" name="test_get_survey_stats_admin" time="0.107" /><testcase classname="backend.tests.test_phase6_features.TestSurveys" name="test_get_survey_stats_cm" time="0.158" /><testcase classname="backend.tests.test_phase6_features.TestSurveys" name="test_get_survey_for_case" time="0.239" /><testcase classname="backend.tests.test_phase6_features.TestKnowledgeBase" name="test_create_article_admin" time="0.131" /><testcase classname="backend.tests.test_phase6_features.TestKnowledgeBase" name="test_create_article_client_forbidden" time="0.140" /><testcase classname="backend.tests.test_phase6_features.TestKnowledgeBase" name="test_list_articles" time="0.123" /><testcase classname="backend.tests.test_phase6_features.TestKnowledgeBase" name="test_get_article" time="0.122" /><testcase classname="backend.tests.test_phase6_features.TestKnowledgeBase" name="test_get_categories" time="0.194" /><testcase classname="backend.tests.test_phase6_features.TestKnowledgeBase" name="test_update_article_admin" time="0.110" /><testcase classname="backend.tests.test_phase6_features.TestKnowledgeBase" name="test_delete_article_admin" time="0.170" /><testcase classname="backend.tests.test_phase6_features.TestAppointments" name="test_create_appointment" time="0.113" /><testcase classname="backend.tests.test_phase6_features.TestAppointments" name="test_list_appointments" time="0.115" /><testcase classname="backend.tests.test_phase6_features.TestAppointments" name="test_cancel_appointment" time="0.126" /><testcase classname="backend.tests.test_phase6_features.TestAppointments" name="test_complete_appointment" time="0.240" /><testcase classname="backend.tests.test_phase6_features.TestDocumentAnnotation" name="test_annotate_document" time="0.135"><skipped type="pytest.skip" message="Cannot get documents">/app/backend/tests/test_phase6_features.py:663: Cannot get documents</skipped></testcase><testcase classname="backend.tests.test_phase6_features.TestDocumentAnnotation" name="test_get_annotations" time="0.127"><skipped type="pytest.skip" message="Cannot get documents">/app/backend/tests/test_phase6_features.py:690: Cannot get documents</skipped></testcase><testcase classname="backend.tests.test_phase6_features.TestDocumentAnnotation" name="test_annotate_client_forbidden" time="0.190" /><testcase classname="backend.tests.test_phase6_features.TestRevenueForecasting" name="test_revenue_forecast_admin" time="0.116" /><testcase classname="backend.tests.test_phase6_features.TestRevenueForecasting" name="test_revenue_forecast_partner" time="0.486" /><testcase classname="backend.tests.test_phase6_features.TestRevenueForecasting" name="test_revenue_forecast_client_empty" time="0.129" /><testcase classname="backend.tests.test_phase6_features.TestCMPerformance" name="test_cm_performance_admin" time="0.134" /><testcase classname="backend.tests.test_phase6_features.TestCMPerformance" name="test_cm_performance_cm" time="0.120" /><testcase classname="backend.tests.test_phase6_features.TestCMPerformance" name="test_cm_performance_client_empty" time="0.121" /></testsuite></testsuites>