<?xml version="1.0" encoding="utf-8"?><testsuites name="pytest tests"><testsuite name="pytest" errors="0" failures="0" skipped="0" tests="17" time="45.823" timestamp="2026-04-22T22:12:49.788604+00:00" hostname="agent-env-ddda26a5-0039-4bdf-be5b-72e8978514e2"><testcase classname="backend.tests.test_iteration79_ux_simplification.TestAuth" name="test_admin_login" time="0.412" /><testcase classname="backend.tests.test_iteration79_ux_simplification.TestAuth" name="test_partner_login" time="0.353" /><testcase classname="backend.tests.test_iteration79_ux_simplification.TestAIProposalClaudeSonnet" name="test_ai_proposal_professional_tone" time="13.238" /><testcase classname="backend.tests.test_iteration79_ux_simplification.TestAIProposalClaudeSonnet" name="test_ai_proposal_friendly_tone" time="12.826" /><testcase classname="backend.tests.test_iteration79_ux_simplification.TestAIProposalClaudeSonnet" name="test_ai_proposal_assertive_tone" time="13.109" /><testcase classname="backend.tests.test_iteration79_ux_simplification.TestRegressionPhaseA" name="test_upsell_bundles_crud" time="0.476" /><testcase classname="backend.tests.test_iteration79_ux_simplification.TestRegressionPhaseA" name="test_promo_code_validation" time="0.487" /><testcase classname="backend.tests.test_iteration79_ux_simplification.TestRegressionPhaseA" name="test_pre_assessment_stats" time="0.501" /><testcase classname="backend.tests.test_iteration79_ux_simplification.TestRegressionPhaseA" name="test_admin_queue" time="0.451" /><testcase classname="backend.tests.test_iteration79_ux_simplification.TestRegressionPhaseA" name="test_cases_endpoint" time="0.487" /><testcase classname="backend.tests.test_iteration79_ux_simplification.TestRegressionPhaseA" name="test_users_endpoint" time="0.510" /><testcase classname="backend.tests.test_iteration79_ux_simplification.TestRegressionPhaseA" name="test_products_endpoint" time="0.477" /><testcase classname="backend.tests.test_iteration79_ux_simplification.TestDashboardAPIs" name="test_admin_dashboard_stats" time="0.486" /><testcase classname="backend.tests.test_iteration79_ux_simplification.TestDashboardAPIs" name="test_partner_dashboard_stats" time="0.457" /><testcase classname="backend.tests.test_iteration79_ux_simplification.TestDashboardAPIs" name="test_partner_my_assessments" time="0.506" /><testcase classname="backend.tests.test_iteration79_ux_simplification.TestTicketsEndpoint" name="test_tickets_all" time="0.495" /><testcase classname="backend.tests.test_iteration79_ux_simplification.TestTicketsEndpoint" name="test_tickets_stats" time="0.481" /></testsuite></testsuites>