<?xml version="1.0" encoding="utf-8"?><testsuites name="pytest tests"><testsuite name="pytest" errors="0" failures="0" skipped="0" tests="21" time="6.607" timestamp="2026-04-04T08:50:24.323545+00:00" hostname="agent-env-ddda26a5-0039-4bdf-be5b-72e8978514e2"><testcase classname="backend.tests.test_iteration25_features.TestRegressionLogin" name="test_admin_login" time="0.477" /><testcase classname="backend.tests.test_iteration25_features.TestRegressionLogin" name="test_manager_login" time="0.326" /><testcase classname="backend.tests.test_iteration25_features.TestRegressionLogin" name="test_partner_login" time="0.337" /><testcase classname="backend.tests.test_iteration25_features.TestRegressionLogin" name="test_client_login" time="0.343" /><testcase classname="backend.tests.test_iteration25_features.TestSaleDocumentDownload" name="test_sale_document_download_endpoint_exists" time="0.435" /><testcase classname="backend.tests.test_iteration25_features.TestSaleDocumentDownload" name="test_get_sale_documents" time="0.211" /><testcase classname="backend.tests.test_iteration25_features.TestRequestAdditionalDocument" name="test_request_document_with_null_step_order" time="0.523" /><testcase classname="backend.tests.test_iteration25_features.TestRequestAdditionalDocument" name="test_custom_document_request_endpoint" time="0.201" /><testcase classname="backend.tests.test_iteration25_features.TestProductCommissionRate" name="test_get_products_shows_commission_rate" time="0.096" /><testcase classname="backend.tests.test_iteration25_features.TestProductCommissionRate" name="test_update_product_commission_rate" time="0.393" /><testcase classname="backend.tests.test_iteration25_features.TestAdminPasswordReset" name="test_password_reset_endpoint_exists" time="0.197" /><testcase classname="backend.tests.test_iteration25_features.TestAdminPasswordReset" name="test_password_reset_and_login" time="1.454" /><testcase classname="backend.tests.test_iteration25_features.TestInformationSheet" name="test_get_information_sheet" time="0.216" /><testcase classname="backend.tests.test_iteration25_features.TestInformationSheet" name="test_save_information_sheet_tracks_changes" time="0.349" /><testcase classname="backend.tests.test_iteration25_features.TestInformationSheet" name="test_request_info_sheet_from_client" time="0.198" /><testcase classname="backend.tests.test_iteration25_features.TestRegressionCRUD" name="test_sales_crud" time="0.140" /><testcase classname="backend.tests.test_iteration25_features.TestRegressionCRUD" name="test_products_crud" time="0.098" /><testcase classname="backend.tests.test_iteration25_features.TestRegressionCRUD" name="test_cases_crud" time="0.104" /><testcase classname="backend.tests.test_iteration25_features.TestRegressionCRUD" name="test_tickets_crud" time="0.109" /><testcase classname="backend.tests.test_iteration25_features.TestRegressionCRUD" name="test_users_crud" time="0.096" /><testcase classname="backend.tests.test_iteration25_features.TestRegressionCRUD" name="test_dashboard_stats" time="0.100" /></testsuite></testsuites>