<?xml version="1.0" encoding="utf-8"?><testsuites name="pytest tests"><testsuite name="pytest" errors="0" failures="0" skipped="0" tests="32" time="27.124" timestamp="2026-04-12T06:22:25.797865+00:00" hostname="agent-env-ddda26a5-0039-4bdf-be5b-72e8978514e2"><testcase classname="tests.test_pre_assessment.TestPreAssessmentWorkflow" name="test_01_create_pre_assessment_success" time="0.919" /><testcase classname="tests.test_pre_assessment.TestPreAssessmentWorkflow" name="test_02_create_pre_assessment_missing_fields" time="0.755" /><testcase classname="tests.test_pre_assessment.TestPreAssessmentWorkflow" name="test_03_get_my_assessments" time="0.807" /><testcase classname="tests.test_pre_assessment.TestPreAssessmentWorkflow" name="test_04_get_single_pre_assessment" time="0.737" /><testcase classname="tests.test_pre_assessment.TestPreAssessmentWorkflow" name="test_05_get_stats_overview" time="0.775" /><testcase classname="tests.test_pre_assessment.TestPreAssessmentWorkflow" name="test_06_send_payment_link" time="2.413" /><testcase classname="tests.test_pre_assessment.TestPreAssessmentWorkflow" name="test_07_send_payment_link_wrong_stage" time="0.880" /><testcase classname="tests.test_pre_assessment.TestPreAssessmentWorkflow" name="test_08_confirm_payment" time="1.509" /><testcase classname="tests.test_pre_assessment.TestPreAssessmentWorkflow" name="test_09_mock_payment" time="1.022" /><testcase classname="tests.test_pre_assessment.TestPreAssessmentWorkflow" name="test_10_upload_document" time="0.776" /><testcase classname="tests.test_pre_assessment.TestPreAssessmentWorkflow" name="test_11_get_documents" time="0.838" /><testcase classname="tests.test_pre_assessment.TestPreAssessmentWorkflow" name="test_12_submit_documents" time="0.856" /><testcase classname="tests.test_pre_assessment.TestPreAssessmentWorkflow" name="test_13_submit_documents_wrong_stage" time="0.837" /><testcase classname="tests.test_pre_assessment.TestPreAssessmentWorkflow" name="test_14_admin_queue" time="0.748" /><testcase classname="tests.test_pre_assessment.TestPreAssessmentWorkflow" name="test_15_admin_queue_partner_forbidden" time="0.765" /><testcase classname="tests.test_pre_assessment.TestPreAssessmentWorkflow" name="test_16_admin_approve" time="0.864" /><testcase classname="tests.test_pre_assessment.TestPreAssessmentWorkflow" name="test_17_admin_reject" time="1.163" /><testcase classname="tests.test_pre_assessment.TestPreAssessmentWorkflow" name="test_18_admin_review_invalid_decision" time="1.078" /><testcase classname="tests.test_pre_assessment.TestPreAssessmentWorkflow" name="test_19_admin_review_partner_forbidden" time="0.763" /><testcase classname="tests.test_pre_assessment.TestPreAssessmentWorkflow" name="test_20_send_proposal" time="1.261" /><testcase classname="tests.test_pre_assessment.TestPreAssessmentWorkflow" name="test_21_send_proposal_not_approved" time="0.855" /><testcase classname="tests.test_pre_assessment.TestPreAssessmentWorkflow" name="test_22_get_nonexistent_pa" time="0.757" /><testcase classname="tests.test_pre_assessment.TestPreAssessmentWorkflow" name="test_23_review_nonexistent_pa" time="0.762" /><testcase classname="tests.test_pre_assessment.TestPreAssessmentAuth" name="test_01_create_without_auth" time="0.093" /><testcase classname="tests.test_pre_assessment.TestPreAssessmentAuth" name="test_02_my_assessments_without_auth" time="0.100" /><testcase classname="tests.test_pre_assessment.TestPreAssessmentAuth" name="test_03_stats_without_auth" time="0.101" /><testcase classname="tests.test_pre_assessment.TestExistingFeatures" name="test_01_partner_dashboard_stats" time="0.752" /><testcase classname="tests.test_pre_assessment.TestExistingFeatures" name="test_02_partner_my_sales" time="0.784" /><testcase classname="tests.test_pre_assessment.TestExistingFeatures" name="test_03_admin_dashboard_stats" time="0.745" /><testcase classname="tests.test_pre_assessment.TestExistingFeatures" name="test_04_admin_pending_sales" time="0.763" /><testcase classname="tests.test_pre_assessment.TestExistingFeatures" name="test_05_products_list" time="0.751" /><testcase classname="tests.test_pre_assessment.TestExistingFeatures" name="test_06_health_check" time="0.790" /></testsuite></testsuites>