<?xml version="1.0" encoding="utf-8"?><testsuites name="pytest tests"><testsuite name="pytest" errors="0" failures="1" skipped="0" tests="17" time="19.271" timestamp="2026-04-09T19:15:13.281352+00:00" hostname="agent-env-ddda26a5-0039-4bdf-be5b-72e8978514e2"><testcase classname="backend.tests.test_iteration37_phase1_features.TestActivityLogEndpoints" name="test_get_activity_logs" time="0.676" /><testcase classname="backend.tests.test_iteration37_phase1_features.TestActivityLogEndpoints" name="test_get_activity_stats" time="0.158" /><testcase classname="backend.tests.test_iteration37_phase1_features.TestActivityLogEndpoints" name="test_get_live_feed" time="0.123" /><testcase classname="backend.tests.test_iteration37_phase1_features.TestActivityLogEndpoints" name="test_get_user_activity" time="0.291" /><testcase classname="backend.tests.test_iteration37_phase1_features.TestActivityLogEndpoints" name="test_activity_logs_filter_by_entity_type" time="0.123" /><testcase classname="backend.tests.test_iteration37_phase1_features.TestActivityLogEndpoints" name="test_activity_logs_filter_by_days" time="0.566" /><testcase classname="backend.tests.test_iteration37_phase1_features.TestActivityLogEndpoints" name="test_activity_logs_admin_only" time="0.484" /><testcase classname="backend.tests.test_iteration37_phase1_features.TestAIWorkflowBuilderEndpoints" name="test_get_countries" time="0.512" /><testcase classname="backend.tests.test_iteration37_phase1_features.TestAIWorkflowBuilderEndpoints" name="test_get_templates" time="0.168" /><testcase classname="backend.tests.test_iteration37_phase1_features.TestAIWorkflowBuilderEndpoints" name="test_generate_workflow" time="12.852" /><testcase classname="backend.tests.test_iteration37_phase1_features.TestAIWorkflowBuilderEndpoints" name="test_generate_workflow_admin_only" time="0.508" /><testcase classname="backend.tests.test_iteration37_phase1_features.TestEmailServiceMock" name="test_email_logs_endpoint" time="0.469"><failure message="AssertionError: Email log should have 'provider' field&#10;assert 'provider' in {'body': 'Dear Siddhant,\n\nThis is a friendly reminder that you have a pending payment of ₹25,100.\n\nTotal Fee: ₹125,100\nAmount Paid: ₹100,000\nPending: ₹25,100\n\nPlease log in to your LEAMSS portal to complete the payment.\n\nThank you,\nLEAMSS Immigration Services', 'id': 'efac3799-d296-4b85-9842-d9a116da0052', 'related_id': 'b334b9f5-f133-4f66-9c43-04f9d3c3f807', 'sent_at': '2026-04-09T11:48:53.533000', ...}">backend/tests/test_iteration37_phase1_features.py:314: in test_email_logs_endpoint
    assert "provider" in log, "Email log should have 'provider' field"
E   AssertionError: Email log should have 'provider' field
E   assert 'provider' in {'body': 'Dear Siddhant,\n\nThis is a friendly reminder that you have a pending payment of ₹25,100.\n\nTotal Fee: ₹125,100\nAmount Paid: ₹100,000\nPending: ₹25,100\n\nPlease log in to your LEAMSS portal to complete the payment.\n\nThank you,\nLEAMSS Immigration Services', 'id': 'efac3799-d296-4b85-9842-d9a116da0052', 'related_id': 'b334b9f5-f133-4f66-9c43-04f9d3c3f807', 'sent_at': '2026-04-09T11:48:53.533000', ...}</failure></testcase><testcase classname="backend.tests.test_iteration37_phase1_features.TestDashboardRoleAccess" name="test_admin_dashboard_access" time="0.466" /><testcase classname="backend.tests.test_iteration37_phase1_features.TestDashboardRoleAccess" name="test_case_manager_dashboard_access" time="0.480" /><testcase classname="backend.tests.test_iteration37_phase1_features.TestDashboardRoleAccess" name="test_partner_login" time="0.335" /><testcase classname="backend.tests.test_iteration37_phase1_features.TestDashboardRoleAccess" name="test_client_login" time="0.344" /><testcase classname="backend.tests.test_iteration37_phase1_features.TestAdminSidebarNavigation" name="test_ai_workflow_page_accessible" time="0.610" /></testsuite></testsuites>