<?xml version="1.0" encoding="utf-8"?><testsuites name="pytest tests"><testsuite name="pytest" errors="0" failures="0" skipped="1" tests="10" time="29.811" timestamp="2026-04-12T09:03:15.194254+00:00" hostname="agent-env-ddda26a5-0039-4bdf-be5b-72e8978514e2"><testcase classname="backend.tests.test_iteration49_approval_center.TestIteration49ApprovalCenter" name="test_client_pipeline_get_success" time="20.832" /><testcase classname="backend.tests.test_iteration49_approval_center.TestIteration49ApprovalCenter" name="test_client_pipeline_partner_forbidden" time="0.930" /><testcase classname="backend.tests.test_iteration49_approval_center.TestIteration49ApprovalCenter" name="test_sale_approval_from_approval_center_no_user_not_found" time="1.183" /><testcase classname="backend.tests.test_iteration49_approval_center.TestIteration49ApprovalCenter" name="test_sale_rejection_requires_reason" time="0.947" /><testcase classname="backend.tests.test_iteration49_approval_center.TestIteration49ApprovalCenter" name="test_assign_cm_endpoint_exists" time="1.073" /><testcase classname="backend.tests.test_iteration49_approval_center.TestIteration49ApprovalCenter" name="test_assign_cm_invalid_case" time="1.017" /><testcase classname="backend.tests.test_iteration49_approval_center.TestIteration49ApprovalCenter" name="test_assign_cm_invalid_manager" time="0.989" /><testcase classname="backend.tests.test_iteration49_approval_center.TestIteration49ApprovalCenter" name="test_pa_approval_from_approval_center" time="0.928"><skipped type="pytest.skip" message="No pending pre-assessments">/app/backend/tests/test_iteration49_approval_center.py:349: No pending pre-assessments</skipped></testcase><testcase classname="backend.tests.test_iteration49_approval_center.TestIteration49ApprovalCenter" name="test_document_approval_from_approval_center" time="0.944" /><testcase classname="backend.tests.test_iteration49_approval_center.TestIteration49ApprovalCenter" name="test_approval_center_summary_counts" time="0.900" /></testsuite></testsuites>