<?xml version="1.0" encoding="utf-8"?><testsuites name="pytest tests"><testsuite name="pytest" errors="0" failures="0" skipped="0" tests="19" time="10.643" timestamp="2026-04-12T05:56:10.499316+00:00" hostname="agent-env-ddda26a5-0039-4bdf-be5b-72e8978514e2"><testcase classname="backend.tests.test_client_self_service.TestAllRoleLogins" name="test_admin_login" time="0.380" /><testcase classname="backend.tests.test_client_self_service.TestAllRoleLogins" name="test_case_manager_login" time="0.325" /><testcase classname="backend.tests.test_client_self_service.TestAllRoleLogins" name="test_partner_login" time="0.332" /><testcase classname="backend.tests.test_client_self_service.TestAllRoleLogins" name="test_client_login" time="0.349" /><testcase classname="backend.tests.test_client_self_service.TestClientProfileAPIs" name="test_get_notification_preferences" time="0.424" /><testcase classname="backend.tests.test_client_self_service.TestClientProfileAPIs" name="test_update_profile_name" time="0.535" /><testcase classname="backend.tests.test_client_self_service.TestClientProfileAPIs" name="test_update_profile_mobile" time="0.422" /><testcase classname="backend.tests.test_client_self_service.TestClientProfileAPIs" name="test_update_profile_language" time="0.517" /><testcase classname="backend.tests.test_client_self_service.TestClientProfileAPIs" name="test_update_notification_preferences" time="0.421" /><testcase classname="backend.tests.test_client_self_service.TestClientProfileAPIs" name="test_change_password_wrong_current" time="0.647" /><testcase classname="backend.tests.test_client_self_service.TestClientProfileAPIs" name="test_change_password_success" time="1.774" /><testcase classname="backend.tests.test_client_self_service.TestChatMessagesAPI" name="test_get_conversations" time="0.524" /><testcase classname="backend.tests.test_client_self_service.TestChatMessagesAPI" name="test_start_conversation" time="0.548" /><testcase classname="backend.tests.test_client_self_service.TestChatMessagesAPI" name="test_send_message" time="0.656" /><testcase classname="backend.tests.test_client_self_service.TestChatMessagesAPI" name="test_get_messages" time="0.673" /><testcase classname="backend.tests.test_client_self_service.TestChatMessagesAPI" name="test_get_unread_count" time="0.551" /><testcase classname="backend.tests.test_client_self_service.TestTimelineAPI" name="test_get_case_timeline" time="0.521" /><testcase classname="backend.tests.test_client_self_service.TestClientCaseAPIs" name="test_get_my_cases" time="0.432" /><testcase classname="backend.tests.test_client_self_service.TestClientCaseAPIs" name="test_get_case_documents" time="0.547" /></testsuite></testsuites>