<?xml version="1.0" encoding="utf-8"?><testsuites name="pytest tests"><testsuite name="pytest" errors="0" failures="0" skipped="1" tests="25" time="9.572" timestamp="2026-05-19T09:42:12.550134+00:00" hostname="agent-env-f3914c7c-9917-4323-8543-c47577c5680e"><testcase classname="backend.tests.test_iteration108_phase67_part2.TestCompleteness" name="test_requires_auth" time="0.483" /><testcase classname="backend.tests.test_iteration108_phase67_part2.TestCompleteness" name="test_high_score_full_profile" time="0.209" /><testcase classname="backend.tests.test_iteration108_phase67_part2.TestCompleteness" name="test_low_score_empty_profile" time="0.215" /><testcase classname="backend.tests.test_iteration108_phase67_part2.TestCompleteness" name="test_spouse_section_married_without_contribution" time="0.208" /><testcase classname="backend.tests.test_iteration108_phase67_part2.TestCompleteness" name="test_rbac_non_owner_403" time="0.561" /><testcase classname="backend.tests.test_iteration108_phase67_part2.TestResumeExtract" name="test_unsupported_file_type_rejected" time="0.106" /><testcase classname="backend.tests.test_iteration108_phase67_part2.TestResumeExtract" name="test_empty_file_rejected" time="0.119" /><testcase classname="backend.tests.test_iteration108_phase67_part2.TestResumeExtract" name="test_oversized_file_rejected" time="0.472" /><testcase classname="backend.tests.test_iteration108_phase67_part2.TestResumeExtract" name="test_client_rbac_403" time="0.125" /><testcase classname="backend.tests.test_iteration108_phase67_part2.TestResumeExtract" name="test_partner_can_call_with_valid_txt" time="1.867"><skipped type="pytest.skip" message="AI budget exhausted (expected). Detail: {'detail': 'AI call failed: ChatError: Failed to generate chat completion: litellm.BadRequestError: OpenAIException - Budget has been exceeded! Current cost: 4'}">/app/backend/tests/test_iteration108_phase67_part2.py:213: AI budget exhausted (expected). Detail: {'detail': 'AI call failed: ChatError: Failed to generate chat completion: litellm.BadRequestError: OpenAIException - Budget has been exceeded! Current cost: 4'}</skipped></testcase><testcase classname="backend.tests.test_iteration108_phase67_part2.TestInfoSheetFlow" name="test_generate_link_admin_no_profile" time="0.114" /><testcase classname="backend.tests.test_iteration108_phase67_part2.TestInfoSheetFlow" name="test_generate_link_client_403" time="0.102" /><testcase classname="backend.tests.test_iteration108_phase67_part2.TestInfoSheetFlow" name="test_public_get_invalid_token_404" time="0.099" /><testcase classname="backend.tests.test_iteration108_phase67_part2.TestInfoSheetFlow" name="test_public_get_no_auth_required" time="0.212" /><testcase classname="backend.tests.test_iteration108_phase67_part2.TestInfoSheetFlow" name="test_public_submit_flow_and_reuse_410" time="0.574" /><testcase classname="backend.tests.test_iteration108_phase67_part2.TestInfoSheetFlow" name="test_public_submit_single_no_spouse_block" time="0.316" /><testcase classname="backend.tests.test_iteration108_phase67_part2.TestPendingQueue" name="test_pending_admin_returns_items" time="0.103" /><testcase classname="backend.tests.test_iteration108_phase67_part2.TestPendingQueue" name="test_pending_client_403" time="0.109" /><testcase classname="backend.tests.test_iteration108_phase67_part2.TestPendingQueue" name="test_pending_partner_scoped" time="0.102" /><testcase classname="backend.tests.test_iteration108_phase67_part2.TestApprove" name="test_admin_approve_flips_to_complete" time="0.453" /><testcase classname="backend.tests.test_iteration108_phase67_part2.TestApprove" name="test_approve_with_spouse_contribution" time="0.436" /><testcase classname="backend.tests.test_iteration108_phase67_part2.TestApprove" name="test_approve_non_pending_400" time="0.448" /><testcase classname="backend.tests.test_iteration108_phase67_part2.TestApprove" name="test_approve_partner_non_inviter_403" time="0.325" /><testcase classname="backend.tests.test_iteration108_phase67_part2.TestRevoke" name="test_revoke_admin_succeeds" time="0.236" /><testcase classname="backend.tests.test_iteration108_phase67_part2.TestRevoke" name="test_revoke_invalid_token_404" time="1.487" /></testsuite></testsuites>