<?xml version="1.0" encoding="utf-8"?><testsuites name="pytest tests"><testsuite name="pytest" errors="0" failures="1" skipped="0" tests="25" time="35.804" timestamp="2026-04-17T21:13:37.099096+00:00" hostname="agent-env-ddda26a5-0039-4bdf-be5b-72e8978514e2"><testcase classname="tests.test_iteration74_doc_extraction.TestDocExtractionPublicEndpoints" name="test_sample_docs_list" time="0.205" /><testcase classname="tests.test_iteration74_doc_extraction.TestDocExtractionPublicEndpoints" name="test_sample_extraction_passport" time="0.126" /><testcase classname="tests.test_iteration74_doc_extraction.TestDocExtractionPublicEndpoints" name="test_sample_extraction_ielts" time="0.115" /><testcase classname="tests.test_iteration74_doc_extraction.TestDocExtractionPublicEndpoints" name="test_sample_extraction_bank_statement" time="0.130" /><testcase classname="tests.test_iteration74_doc_extraction.TestDocExtractionPublicEndpoints" name="test_sample_extraction_degree" time="0.104" /><testcase classname="tests.test_iteration74_doc_extraction.TestDocExtractionPublicEndpoints" name="test_sample_extraction_pcc" time="0.105" /><testcase classname="tests.test_iteration74_doc_extraction.TestDocExtractionPublicEndpoints" name="test_sample_extraction_not_found" time="0.109" /><testcase classname="tests.test_iteration74_doc_extraction.TestDocExtractionAuthRequired" name="test_doc_types_requires_auth" time="1.117" /><testcase classname="tests.test_iteration74_doc_extraction.TestDocExtractionAuthRequired" name="test_doc_types_returns_catalog" time="1.138" /><testcase classname="tests.test_iteration74_doc_extraction.TestDocExtractionAuthRequired" name="test_extract_requires_auth" time="1.099" /><testcase classname="tests.test_iteration74_doc_extraction.TestDocExtractionAuthRequired" name="test_extract_missing_image_400" time="1.208" /><testcase classname="tests.test_iteration74_doc_extraction.TestDocExtractionAuthRequired" name="test_extract_bad_mime_415" time="1.225" /><testcase classname="tests.test_iteration74_doc_extraction.TestDocExtractionAuthRequired" name="test_extract_upload_requires_auth" time="1.116" /><testcase classname="tests.test_iteration74_doc_extraction.TestDocExtractionAuthRequired" name="test_extract_upload_bad_mime_415" time="7.570"><failure message="AssertionError: Expected 415 for text file, got 502: {&quot;detail&quot;:&quot;AI extraction failed: Failed to generate chat completion: litellm.BadRequestError: OpenAIException - litellm.BadRequestError: OpenAIException - You uploaded an unsupported image. Please make sure your i&quot;}&#10;assert 502 == 415&#10; +  where 502 = &lt;Response [502]&gt;.status_code">E   AssertionError: Expected 415 for text file, got 502: {"detail":"AI extraction failed: Failed to generate chat completion: litellm.BadRequestError: OpenAIException - litellm.BadRequestError: OpenAIException - You uploaded an unsupported image. Please make sure your i"}
    assert 502 == 415
     +  where 502 = &lt;Response [502]&gt;.status_code</failure></testcase><testcase classname="tests.test_iteration74_doc_extraction.TestDocExtractionAuthRequired" name="test_extract_upload_file_too_large_413" time="1.793" /><testcase classname="tests.test_iteration74_doc_extraction.TestDocExtractionAuthRequired" name="test_save_requires_auth" time="1.103" /><testcase classname="tests.test_iteration74_doc_extraction.TestDocExtractionAuthRequired" name="test_history_requires_auth" time="1.088" /><testcase classname="tests.test_iteration74_doc_extraction.TestDocExtractionRealExtraction" name="test_extract_real_passport_image" time="6.046" /><testcase classname="tests.test_iteration74_doc_extraction.TestDocExtractionSaveAndHistory" name="test_save_extraction_client" time="1.151" /><testcase classname="tests.test_iteration74_doc_extraction.TestDocExtractionSaveAndHistory" name="test_save_extraction_partner" time="1.180" /><testcase classname="tests.test_iteration74_doc_extraction.TestDocExtractionSaveAndHistory" name="test_history_client_sees_own_only" time="1.276" /><testcase classname="tests.test_iteration74_doc_extraction.TestDocExtractionSaveAndHistory" name="test_history_partner_sees_own_only" time="1.268" /><testcase classname="tests.test_iteration74_doc_extraction.TestDocExtractionSaveAndHistory" name="test_history_admin_sees_all" time="1.453" /><testcase classname="tests.test_iteration74_doc_extraction.TestDocExtractionEdgeCases" name="test_extract_with_data_uri_prefix" time="2.027" /><testcase classname="tests.test_iteration74_doc_extraction.TestDocExtractionEdgeCases" name="test_extract_without_mime_type" time="1.940" /></testsuite></testsuites>