<?xml version="1.0" encoding="utf-8"?><testsuites name="pytest tests"><testsuite name="pytest" errors="0" failures="1" skipped="0" tests="18" time="7.548" timestamp="2026-05-07T05:31:10.210518+00:00" hostname="agent-env-ddda26a5-0039-4bdf-be5b-72e8978514e2"><testcase classname="backend.tests.test_legal_archive.TestLegalArchiveAuth" name="test_01_admin_can_access_stats" time="0.457" /><testcase classname="backend.tests.test_legal_archive.TestLegalArchiveAuth" name="test_02_partner_cannot_access_stats" time="0.437" /><testcase classname="backend.tests.test_legal_archive.TestLegalArchiveAuth" name="test_03_partner_cannot_access_search" time="0.391" /><testcase classname="backend.tests.test_legal_archive.TestLegalArchiveAuth" name="test_04_unauthenticated_cannot_access" time="0.115"><failure message="AssertionError: Expected 401, got 403&#10;assert 403 == 401&#10; +  where 403 = &lt;Response [403]&gt;.status_code">backend/tests/test_legal_archive.py:92: in test_04_unauthenticated_cannot_access
    assert response.status_code == 401, f"Expected 401, got {response.status_code}"
E   AssertionError: Expected 401, got 403
E   assert 403 == 401
E    +  where 403 = &lt;Response [403]&gt;.status_code</failure></testcase><testcase classname="backend.tests.test_legal_archive.TestLegalArchiveSearch" name="test_05_search_returns_all_records" time="0.425" /><testcase classname="backend.tests.test_legal_archive.TestLegalArchiveSearch" name="test_06_search_filter_by_consent_type" time="0.394" /><testcase classname="backend.tests.test_legal_archive.TestLegalArchiveSearch" name="test_07_search_filter_by_signature_type" time="0.384" /><testcase classname="backend.tests.test_legal_archive.TestLegalArchiveSearch" name="test_08_search_filter_by_invoice_type" time="0.377" /><testcase classname="backend.tests.test_legal_archive.TestLegalArchiveSearch" name="test_09_search_free_text_query" time="0.444" /><testcase classname="backend.tests.test_legal_archive.TestLegalArchiveSearch" name="test_10_search_date_range_filter" time="0.369" /><testcase classname="backend.tests.test_legal_archive.TestLegalArchiveSearch" name="test_11_search_results_sorted_desc" time="0.394" /><testcase classname="backend.tests.test_legal_archive.TestLegalArchiveGetByRefId" name="test_12_get_by_valid_ref_id" time="0.484" /><testcase classname="backend.tests.test_legal_archive.TestLegalArchiveGetByRefId" name="test_13_get_by_invalid_ref_id_returns_404" time="0.398" /><testcase classname="backend.tests.test_legal_archive.TestLegalArchiveGetByRefId" name="test_14_partner_cannot_get_by_ref_id" time="0.703" /><testcase classname="backend.tests.test_legal_archive.TestLegalArchiveDataIntegrity" name="test_15_consent_record_fields" time="0.390" /><testcase classname="backend.tests.test_legal_archive.TestLegalArchiveDataIntegrity" name="test_16_signature_record_fields" time="0.396" /><testcase classname="backend.tests.test_legal_archive.TestLegalArchiveDataIntegrity" name="test_17_invoice_record_fields" time="0.378" /><testcase classname="backend.tests.test_legal_archive.TestLegalArchiveDataIntegrity" name="test_18_stats_match_search_counts" time="0.530" /></testsuite></testsuites>