<?xml version="1.0" encoding="utf-8"?><testsuites name="pytest tests"><testsuite name="pytest" errors="0" failures="0" skipped="0" tests="31" time="16.480" timestamp="2026-04-03T06:01:01.066591+00:00" hostname="agent-env-ddda26a5-0039-4bdf-be5b-72e8978514e2"><testcase classname="tests.test_iteration15.TestAuthentication" name="test_admin_login" time="0.566" /><testcase classname="tests.test_iteration15.TestAuthentication" name="test_partner_login" time="0.339" /><testcase classname="tests.test_iteration15.TestAuthentication" name="test_case_manager_login" time="0.331" /><testcase classname="tests.test_iteration15.TestAuthentication" name="test_client_login" time="0.361" /><testcase classname="tests.test_iteration15.TestAdminDashboard" name="test_admin_dashboard_stats" time="0.447" /><testcase classname="tests.test_iteration15.TestAdminDashboard" name="test_admin_get_all_sales" time="0.443" /><testcase classname="tests.test_iteration15.TestAdminDashboard" name="test_admin_get_pending_sales" time="0.423" /><testcase classname="tests.test_iteration15.TestAdminDashboard" name="test_admin_get_all_cases" time="0.436" /><testcase classname="tests.test_iteration15.TestAdminDashboard" name="test_admin_get_users" time="0.421" /><testcase classname="tests.test_iteration15.TestSalesWithPaymentMethods" name="test_get_products" time="0.467" /><testcase classname="tests.test_iteration15.TestSalesWithPaymentMethods" name="test_create_sale_with_online_payment" time="0.566" /><testcase classname="tests.test_iteration15.TestSalesWithPaymentMethods" name="test_create_sale_with_bank_transfer" time="0.566" /><testcase classname="tests.test_iteration15.TestSaleApproval" name="test_approve_sale_returns_client_credentials" time="1.253" /><testcase classname="tests.test_iteration15.TestCaseManagerAssignment" name="test_assign_case_manager" time="0.655" /><testcase classname="tests.test_iteration15.TestCaseManagerDashboard" name="test_case_manager_my_cases" time="0.448" /><testcase classname="tests.test_iteration15.TestCaseManagerDashboard" name="test_case_manager_stats" time="0.440" /><testcase classname="tests.test_iteration15.TestInformationSheet" name="test_save_and_get_information_sheet" time="0.694" /><testcase classname="tests.test_iteration15.TestWorkflowStepUpdate" name="test_update_step_status" time="0.579" /><testcase classname="tests.test_iteration15.TestDocumentUploadDownload" name="test_document_upload" time="0.584" /><testcase classname="tests.test_iteration15.TestDocumentUploadDownload" name="test_document_download" time="0.720" /><testcase classname="tests.test_iteration15.TestActivityLogs" name="test_activity_logs_have_data" time="0.443" /><testcase classname="tests.test_iteration15.TestActivityLogs" name="test_activity_stats" time="0.480" /><testcase classname="tests.test_iteration15.TestCommissions" name="test_partner_commissions" time="0.443" /><testcase classname="tests.test_iteration15.TestCommissions" name="test_partner_report" time="0.474" /><testcase classname="tests.test_iteration15.TestGlobalSearch" name="test_global_search" time="0.455" /><testcase classname="tests.test_iteration15.TestUserImpersonation" name="test_admin_can_impersonate_partner" time="0.560" /><testcase classname="tests.test_iteration15.TestUserImpersonation" name="test_non_admin_cannot_impersonate" time="0.958" /><testcase classname="tests.test_iteration15.TestProductsCRUD" name="test_get_products" time="0.429" /><testcase classname="tests.test_iteration15.TestClientDashboard" name="test_client_my_cases" time="0.448" /><testcase classname="tests.test_iteration15.TestPartnerDashboard" name="test_partner_my_sales" time="0.463" /><testcase classname="tests.test_iteration15.TestPartnerDashboard" name="test_partner_stats" time="0.432" /></testsuite></testsuites>