<?xml version="1.0" encoding="utf-8"?><testsuites name="pytest tests"><testsuite name="pytest" errors="0" failures="0" skipped="0" tests="15" time="60.663" timestamp="2026-04-12T07:23:38.442076+00:00" hostname="agent-env-ddda26a5-0039-4bdf-be5b-72e8978514e2"><testcase classname="backend.tests.test_phase10_admin_superpowers.TestPhase10AdminSuperpowers" name="test_approval_center_get_success" time="51.095" /><testcase classname="backend.tests.test_phase10_admin_superpowers.TestPhase10AdminSuperpowers" name="test_approval_center_partner_forbidden" time="0.748" /><testcase classname="backend.tests.test_phase10_admin_superpowers.TestPhase10AdminSuperpowers" name="test_refund_manager_get_success" time="0.687" /><testcase classname="backend.tests.test_phase10_admin_superpowers.TestPhase10AdminSuperpowers" name="test_refund_manager_partner_forbidden" time="0.623" /><testcase classname="backend.tests.test_phase10_admin_superpowers.TestPhase10AdminSuperpowers" name="test_revenue_dashboard_get_success" time="0.671" /><testcase classname="backend.tests.test_phase10_admin_superpowers.TestPhase10AdminSuperpowers" name="test_revenue_dashboard_partner_forbidden" time="0.670" /><testcase classname="backend.tests.test_phase10_admin_superpowers.TestPhase10AdminSuperpowers" name="test_report_templates_get_success" time="0.643" /><testcase classname="backend.tests.test_phase10_admin_superpowers.TestPhase10AdminSuperpowers" name="test_report_builder_generate_revenue" time="0.636" /><testcase classname="backend.tests.test_phase10_admin_superpowers.TestPhase10AdminSuperpowers" name="test_report_builder_generate_cases" time="0.634" /><testcase classname="backend.tests.test_phase10_admin_superpowers.TestPhase10AdminSuperpowers" name="test_report_builder_generate_partners" time="0.686" /><testcase classname="backend.tests.test_phase10_admin_superpowers.TestPhase10AdminSuperpowers" name="test_report_builder_generate_clients" time="0.681" /><testcase classname="backend.tests.test_phase10_admin_superpowers.TestPhase10AdminSuperpowers" name="test_report_builder_generate_pre_assessments" time="0.737" /><testcase classname="backend.tests.test_phase10_admin_superpowers.TestPhase10AdminSuperpowers" name="test_report_builder_generate_refunds" time="0.635" /><testcase classname="backend.tests.test_phase10_admin_superpowers.TestPhase10AdminSuperpowers" name="test_report_builder_invalid_type" time="0.637" /><testcase classname="backend.tests.test_phase10_admin_superpowers.TestPhase10AdminSuperpowers" name="test_report_templates_partner_forbidden" time="0.712" /></testsuite></testsuites>