<?xml version="1.0" encoding="utf-8"?><testsuites name="pytest tests"><testsuite name="pytest" errors="0" failures="2" skipped="4" tests="30" time="8.515" timestamp="2026-05-14T10:01:13.365088+00:00" hostname="agent-env-f3914c7c-9917-4323-8543-c47577c5680e"><testcase classname="backend.tests.test_phase4c_unification" name="test_auth_login[admin]" time="0.425" /><testcase classname="backend.tests.test_phase4c_unification" name="test_auth_login[partner]" time="0.381" /><testcase classname="backend.tests.test_phase4c_unification" name="test_auth_login[cm]" time="0.331" /><testcase classname="backend.tests.test_phase4c_unification" name="test_auth_login[sexec]" time="0.395" /><testcase classname="backend.tests.test_phase4c_unification" name="test_auth_login[client]" time="0.327" /><testcase classname="backend.tests.test_phase4c_unification" name="test_products_list_has_unified_fields" time="1.821"><failure message="AssertionError: Missing field country&#10;assert 'country' in {'base_fee': 50000, 'category': 'immigration', 'commission_rate': 15, 'created_at': '2026-04-03T07:11:23.664000', ...}">backend/tests/test_phase4c_unification.py:68: in test_products_list_has_unified_fields
    assert fld in sample, f"Missing field {fld}"
E   AssertionError: Missing field country
E   assert 'country' in {'base_fee': 50000, 'category': 'immigration', 'commission_rate': 15, 'created_at': '2026-04-03T07:11:23.664000', ...}</failure></testcase><testcase classname="backend.tests.test_phase4c_unification" name="test_product_post_auto_computes" time="0.215" /><testcase classname="backend.tests.test_phase4c_unification" name="test_product_put_recomputes" time="0.445" /><testcase classname="backend.tests.test_phase4c_unification" name="test_product_preview" time="0.331"><failure message="AssertionError: Bonuses should apply on visa_approved&#10;assert 0.0 &gt; 0">backend/tests/test_phase4c_unification.py:172: in test_product_preview
    assert bonus_total &gt; 0, "Bonuses should apply on visa_approved"
E   AssertionError: Bonuses should apply on visa_approved
E   assert 0.0 &gt; 0</failure></testcase><testcase classname="backend.tests.test_phase4c_unification" name="test_product_preview_uses_amount_for_percentage" time="0.213" /><testcase classname="backend.tests.test_phase4c_unification" name="test_pa_allocations_via_product_id" time="0.114"><skipped type="pytest.skip" message="PA create failed: 404 {&quot;detail&quot;:&quot;Not Found&quot;}">/app/backend/tests/test_phase4c_unification.py:235: PA create failed: 404 {"detail":"Not Found"}</skipped></testcase><testcase classname="backend.tests.test_phase4c_unification" name="test_pa_allocations_fallback_country_visa" time="0.137"><skipped type="pytest.skip" message="PA create failed: {&quot;detail&quot;:&quot;Not Found&quot;}">/app/backend/tests/test_phase4c_unification.py:262: PA create failed: {"detail":"Not Found"}</skipped></testcase><testcase classname="backend.tests.test_phase4c_unification" name="test_my_assessments_stage_filter" time="0.122" /><testcase classname="backend.tests.test_phase4c_unification" name="test_dispute_non_admin_forbidden" time="0.107" /><testcase classname="backend.tests.test_phase4c_unification" name="test_resolve_dispute_non_admin_forbidden" time="0.109" /><testcase classname="backend.tests.test_phase4c_unification" name="test_dispute_unknown_returns_400" time="0.108" /><testcase classname="backend.tests.test_phase4c_unification" name="test_dispute_flow_on_real_allocation" time="0.124"><skipped type="pytest.skip" message="No pending allocations available to dispute">/app/backend/tests/test_phase4c_unification.py:330: No pending allocations available to dispute</skipped></testcase><testcase classname="backend.tests.test_phase4c_unification" name="test_dispute_already_paid_blocked" time="0.244" /><testcase classname="backend.tests.test_phase4c_unification" name="test_bulk_approve_external_vendor_works" time="0.107"><skipped type="pytest.skip" message="No external-vendor pending allocations in queue">/app/backend/tests/test_phase4c_unification.py:391: No external-vendor pending allocations in queue</skipped></testcase><testcase classname="backend.tests.test_phase4c_unification" name="test_internal_vendor_auto_creates_case_manager_user" time="0.696" /><testcase classname="backend.tests.test_phase4c_unification" name="test_internal_vendor_auto_creates_sales_user" time="0.451" /><testcase classname="backend.tests.test_phase4c_unification" name="test_internal_vendor_no_autocreate_for_external_category" time="0.229" /><testcase classname="backend.tests.test_phase4c_unification" name="test_internal_vendor_existing_user_link" time="0.101" /><testcase classname="backend.tests.test_phase4c_unification" name="test_admin_endpoints_200[/api/vendors]" time="0.108" /><testcase classname="backend.tests.test_phase4c_unification" name="test_admin_endpoints_200[/api/vendors/categories]" time="0.103" /><testcase classname="backend.tests.test_phase4c_unification" name="test_admin_endpoints_200[/api/sales-commission/slabs]" time="0.118" /><testcase classname="backend.tests.test_phase4c_unification" name="test_admin_endpoints_200[/api/payouts/queue]" time="0.106" /><testcase classname="backend.tests.test_phase4c_unification" name="test_admin_endpoints_200[/api/payouts/stats]" time="0.116" /><testcase classname="backend.tests.test_phase4c_unification" name="test_sales_commission_my_for_sexec" time="0.106" /><testcase classname="backend.tests.test_phase4c_unification" name="test_cm_earnings_my_for_cm" time="0.210" /></testsuite></testsuites>