<?xml version="1.0" encoding="utf-8"?><testsuites name="pytest tests"><testsuite name="pytest" errors="0" failures="0" skipped="0" tests="32" time="5.700" timestamp="2026-05-16T20:24:50.319583+00:00" hostname="agent-env-f3914c7c-9917-4323-8543-c47577c5680e"><testcase classname="backend.tests.test_iteration104_eligibility_kb.TestCountriesList" name="test_list_countries_returns_au_ca_nz" time="0.615" /><testcase classname="backend.tests.test_iteration104_eligibility_kb.TestCountriesList" name="test_list_items_have_summary_counts" time="0.104" /><testcase classname="backend.tests.test_iteration104_eligibility_kb.TestSeedDataShape" name="test_au_full_doc" time="0.119" /><testcase classname="backend.tests.test_iteration104_eligibility_kb.TestSeedDataShape" name="test_ca_full_doc" time="0.121" /><testcase classname="backend.tests.test_iteration104_eligibility_kb.TestSeedDataShape" name="test_nz_full_doc" time="0.118" /><testcase classname="backend.tests.test_iteration104_eligibility_kb.TestSeedDataShape" name="test_country_doc_strips_mongo_id" time="0.115" /><testcase classname="backend.tests.test_iteration104_eligibility_kb.TestSeedDataShape" name="test_unknown_country_404" time="0.138" /><testcase classname="backend.tests.test_iteration104_eligibility_kb.TestCountryCRUD" name="test_zz_create_country" time="0.352" /><testcase classname="backend.tests.test_iteration104_eligibility_kb.TestCountryCRUD" name="test_zz_duplicate_create_409" time="0.100" /><testcase classname="backend.tests.test_iteration104_eligibility_kb.TestCountryCRUD" name="test_zz_patch_toggle_inactive" time="0.242" /><testcase classname="backend.tests.test_iteration104_eligibility_kb.TestCountryCRUD" name="test_zz_existing_countries_unchanged" time="0.345" /><testcase classname="backend.tests.test_iteration104_eligibility_kb.TestVisaCRUD" name="test_zz_add_visa" time="0.258" /><testcase classname="backend.tests.test_iteration104_eligibility_kb.TestVisaCRUD" name="test_zz_delete_visa" time="0.227" /><testcase classname="backend.tests.test_iteration104_eligibility_kb.TestSkillBodyCRUD" name="test_zz_add_body" time="0.247" /><testcase classname="backend.tests.test_iteration104_eligibility_kb.TestSkillBodyCRUD" name="test_zz_delete_body" time="0.101" /><testcase classname="backend.tests.test_iteration104_eligibility_kb.TestOccupationCRUD" name="test_zz_add_occupation" time="0.215" /><testcase classname="backend.tests.test_iteration104_eligibility_kb.TestOccupationCRUD" name="test_zz_delete_occupation" time="0.099" /><testcase classname="backend.tests.test_iteration104_eligibility_kb.TestBulkImport" name="test_bulk_import_csv" time="0.203" /><testcase classname="backend.tests.test_iteration104_eligibility_kb.TestBulkImport" name="test_bulk_import_bad_headers_400" time="0.107" /><testcase classname="backend.tests.test_iteration104_eligibility_kb.TestSearch" name="test_search_software_cross_country" time="0.109" /><testcase classname="backend.tests.test_iteration104_eligibility_kb.TestSearch" name="test_search_acs_finds_australia" time="0.117" /><testcase classname="backend.tests.test_iteration104_eligibility_kb.TestSearch" name="test_search_min_length_validation" time="0.107" /><testcase classname="backend.tests.test_iteration104_eligibility_kb.TestStats" name="test_stats_endpoint" time="0.111" /><testcase classname="backend.tests.test_iteration104_eligibility_kb.TestRBAC" name="test_partner_can_view_countries" time="0.457" /><testcase classname="backend.tests.test_iteration104_eligibility_kb.TestRBAC" name="test_partner_cannot_create_country" time="0.102" /><testcase classname="backend.tests.test_iteration104_eligibility_kb.TestRBAC" name="test_partner_cannot_patch_country" time="0.102" /><testcase classname="backend.tests.test_iteration104_eligibility_kb.TestRBAC" name="test_partner_cannot_delete_country" time="0.098" /><testcase classname="backend.tests.test_iteration104_eligibility_kb.TestRBAC" name="test_partner_cannot_add_visa" time="0.126" /><testcase classname="backend.tests.test_iteration104_eligibility_kb.TestRBAC" name="test_partner_cannot_bulk_import" time="0.107" /><testcase classname="backend.tests.test_iteration104_eligibility_kb.TestPhase4DRegression" name="test_eligibility_score_still_works" time="0.130" /><testcase classname="backend.tests.test_iteration104_eligibility_kb.TestPhase4DRegression" name="test_eligibility_pathways_still_works" time="0.119" /><testcase classname="backend.tests.test_iteration104_eligibility_kb.TestZZCleanup" name="test_cleanup_zz_country" time="0.096" /></testsuite></testsuites>