<?xml version="1.0" encoding="utf-8"?><testsuites name="pytest tests"><testsuite name="pytest" errors="0" failures="0" skipped="0" tests="19" time="53.412" timestamp="2026-04-12T09:28:59.181548+00:00" hostname="agent-env-ddda26a5-0039-4bdf-be5b-72e8978514e2"><testcase classname="tests.test_iteration51_analytics.TestAnalyticsAPIs" name="test_revenue_forecast_returns_data" time="46.101" /><testcase classname="tests.test_iteration51_analytics.TestAnalyticsAPIs" name="test_revenue_forecast_has_real_data" time="0.404" /><testcase classname="tests.test_iteration51_analytics.TestAnalyticsAPIs" name="test_revenue_forecast_trend_values" time="0.362" /><testcase classname="tests.test_iteration51_analytics.TestAnalyticsAPIs" name="test_commission_analytics_returns_data" time="0.373" /><testcase classname="tests.test_iteration51_analytics.TestAnalyticsAPIs" name="test_commission_analytics_partner_breakdown" time="0.359" /><testcase classname="tests.test_iteration51_analytics.TestAnalyticsAPIs" name="test_commission_analytics_total_matches_sum" time="0.387" /><testcase classname="tests.test_iteration51_analytics.TestAnalyticsAPIs" name="test_commission_analytics_monthly_trend" time="0.369" /><testcase classname="tests.test_iteration51_analytics.TestAnalyticsAPIs" name="test_country_product_returns_data" time="0.372" /><testcase classname="tests.test_iteration51_analytics.TestAnalyticsAPIs" name="test_country_product_has_partner_drilldown" time="0.366" /><testcase classname="tests.test_iteration51_analytics.TestAnalyticsAPIs" name="test_country_product_partner_fields" time="0.371" /><testcase classname="tests.test_iteration51_analytics.TestAnalyticsAPIs" name="test_country_product_revenue_received_commission" time="0.360" /><testcase classname="tests.test_iteration51_analytics.TestAnalyticsAPIs" name="test_revenue_dashboard_returns_data" time="0.369" /><testcase classname="tests.test_iteration51_analytics.TestAnalyticsAPIs" name="test_revenue_dashboard_has_by_currency" time="0.368" /><testcase classname="tests.test_iteration51_analytics.TestAnalyticsAPIs" name="test_revenue_dashboard_summary_fields" time="0.392" /><testcase classname="tests.test_iteration51_analytics.TestAnalyticsAPIs" name="test_revenue_forecast_requires_auth" time="0.443" /><testcase classname="tests.test_iteration51_analytics.TestAnalyticsAPIs" name="test_commission_analytics_requires_auth" time="0.439" /><testcase classname="tests.test_iteration51_analytics.TestAnalyticsAPIs" name="test_country_product_requires_auth" time="0.416" /><testcase classname="tests.test_iteration51_analytics.TestAnalyticsAPIs" name="test_revenue_dashboard_admin_only" time="0.678" /><testcase classname="tests.test_iteration51_analytics.TestAnalyticsDashboard" name="test_analytics_dashboard_endpoint" time="0.400" /></testsuite></testsuites>