<?xml version="1.0" encoding="utf-8"?><testsuites name="pytest tests"><testsuite name="pytest" errors="0" failures="0" skipped="0" tests="49" time="8.509" timestamp="2026-04-23T07:34:43.022395+00:00" hostname="agent-env-ddda26a5-0039-4bdf-be5b-72e8978514e2"><testcase classname="backend.tests.test_iteration83_phase_bcd.TestAuth" name="test_01_admin_login" time="0.472" /><testcase classname="backend.tests.test_iteration83_phase_bcd.TestAuth" name="test_02_partner_login" time="0.355" /><testcase classname="backend.tests.test_iteration83_phase_bcd.TestAuth" name="test_03_manager_login" time="0.322" /><testcase classname="backend.tests.test_iteration83_phase_bcd.TestAuth" name="test_04_client_login" time="0.366" /><testcase classname="backend.tests.test_iteration83_phase_bcd.TestSetupPA" name="test_05_partner_create_pa" time="0.155" /><testcase classname="backend.tests.test_iteration83_phase_bcd.TestSetupPA" name="test_06_send_payment_link" time="0.144" /><testcase classname="backend.tests.test_iteration83_phase_bcd.TestSetupPA" name="test_07_mock_payment" time="0.471" /><testcase classname="backend.tests.test_iteration83_phase_bcd.TestSetupPA" name="test_08_upload_document" time="0.101" /><testcase classname="backend.tests.test_iteration83_phase_bcd.TestSetupPA" name="test_09_client_submit_for_review" time="0.303" /><testcase classname="backend.tests.test_iteration83_phase_bcd.TestSetupPA" name="test_10_partner_forward_to_admin" time="0.129" /><testcase classname="backend.tests.test_iteration83_phase_bcd.TestSetupPA" name="test_11_admin_approve" time="0.105" /><testcase classname="backend.tests.test_iteration83_phase_bcd.TestSetupPA" name="test_12_partner_send_proposal" time="0.101" /><testcase classname="backend.tests.test_iteration83_phase_bcd.TestProposalDocs" name="test_13_proposal_pdf_partner" time="0.369" /><testcase classname="backend.tests.test_iteration83_phase_bcd.TestProposalDocs" name="test_14_proposal_pdf_admin" time="0.277" /><testcase classname="backend.tests.test_iteration83_phase_bcd.TestProposalDocs" name="test_15_proposal_pdf_case_manager" time="0.251" /><testcase classname="backend.tests.test_iteration83_phase_bcd.TestProposalDocs" name="test_16_proposal_pdf_invalid_pa" time="0.101" /><testcase classname="backend.tests.test_iteration83_phase_bcd.TestProposalDocs" name="test_17_invoice_pdf_partner" time="0.255" /><testcase classname="backend.tests.test_iteration83_phase_bcd.TestProposalDocs" name="test_18_send_invoice_partner" time="0.210" /><testcase classname="backend.tests.test_iteration83_phase_bcd.TestProposalDocs" name="test_19_send_invoice_admin" time="0.214" /><testcase classname="backend.tests.test_iteration83_phase_bcd.TestProposalDocs" name="test_20_list_invoices" time="0.106" /><testcase classname="backend.tests.test_iteration83_phase_bcd.TestProposalDocs" name="test_21_esign_requires_client" time="0.100" /><testcase classname="backend.tests.test_iteration83_phase_bcd.TestProposalDocs" name="test_22_esign_invalid_data_url" time="0.355" /><testcase classname="backend.tests.test_iteration83_phase_bcd.TestProposalDocs" name="test_23_get_esign_not_signed" time="0.103" /><testcase classname="backend.tests.test_iteration83_phase_bcd.TestConsentFlow" name="test_24_consent_requires_proposal_sent_stage" time="0.115" /><testcase classname="backend.tests.test_iteration83_phase_bcd.TestConsentFlow" name="test_25_get_consent_summary" time="0.107" /><testcase classname="backend.tests.test_iteration83_phase_bcd.TestPaymentHistory" name="test_26_payment_history_pa" time="0.101" /><testcase classname="backend.tests.test_iteration83_phase_bcd.TestPaymentHistory" name="test_27_payment_history_pa_admin" time="0.104" /><testcase classname="backend.tests.test_iteration83_phase_bcd.TestPaymentHistory" name="test_28_payment_history_invalid_pa" time="0.096" /><testcase classname="backend.tests.test_iteration83_phase_bcd.TestMilestones" name="test_29_find_or_create_case" time="0.100" /><testcase classname="backend.tests.test_iteration83_phase_bcd.TestMilestones" name="test_30_create_milestone" time="0.109" /><testcase classname="backend.tests.test_iteration83_phase_bcd.TestMilestones" name="test_31_create_milestone_invalid_amount" time="0.105" /><testcase classname="backend.tests.test_iteration83_phase_bcd.TestMilestones" name="test_32_list_milestones" time="0.111" /><testcase classname="backend.tests.test_iteration83_phase_bcd.TestMilestones" name="test_33_mark_milestone_paid" time="0.105" /><testcase classname="backend.tests.test_iteration83_phase_bcd.TestMilestones" name="test_34_delete_milestone" time="0.207" /><testcase classname="backend.tests.test_iteration83_phase_bcd.TestMilestones" name="test_35_payment_history_case" time="0.105" /><testcase classname="backend.tests.test_iteration83_phase_bcd.TestIntelligence" name="test_36_dropoff_leads_partner" time="0.145" /><testcase classname="backend.tests.test_iteration83_phase_bcd.TestIntelligence" name="test_37_dropoff_leads_admin" time="0.102" /><testcase classname="backend.tests.test_iteration83_phase_bcd.TestIntelligence" name="test_38_dropoff_leads_client_forbidden" time="0.097" /><testcase classname="backend.tests.test_iteration83_phase_bcd.TestIntelligence" name="test_39_nudge_lead" time="0.129" /><testcase classname="backend.tests.test_iteration83_phase_bcd.TestIntelligence" name="test_40_nudge_invalid_pa" time="0.102" /><testcase classname="backend.tests.test_iteration83_phase_bcd.TestIntelligence" name="test_41_smart_checklist" time="0.121" /><testcase classname="backend.tests.test_iteration83_phase_bcd.TestIntelligence" name="test_42_risk_score" time="0.121" /><testcase classname="backend.tests.test_iteration83_phase_bcd.TestIntelligence" name="test_43_risk_score_invalid_pa" time="0.105" /><testcase classname="backend.tests.test_iteration83_phase_bcd.TestRegressionPhaseA" name="test_44_pre_assessment_create" time="0.148" /><testcase classname="backend.tests.test_iteration83_phase_bcd.TestRegressionPhaseA" name="test_45_my_assessments" time="0.104" /><testcase classname="backend.tests.test_iteration83_phase_bcd.TestRegressionPhaseA" name="test_46_stats_overview" time="0.114" /><testcase classname="backend.tests.test_iteration83_phase_bcd.TestRegressionPhaseA" name="test_47_admin_queue" time="0.103" /><testcase classname="backend.tests.test_iteration83_phase_bcd.TestRegressionPhaseA" name="test_48_products_endpoint" time="0.114" /><testcase classname="backend.tests.test_iteration83_phase_bcd.TestRegressionPhaseA" name="test_49_health_check" time="0.162" /></testsuite></testsuites>