<?xml version="1.0" encoding="utf-8"?><testsuites name="pytest tests"><testsuite name="pytest" errors="0" failures="0" skipped="0" tests="20" time="51.762" timestamp="2026-05-07T04:55:37.987383+00:00" hostname="agent-env-ddda26a5-0039-4bdf-be5b-72e8978514e2"><testcase classname="backend.tests.test_iteration84_ai_optimistic.TestAIModelUpgrade" name="test_01_ai_proposal_sonnet_46" time="32.399" /><testcase classname="backend.tests.test_iteration84_ai_optimistic.TestAIModelUpgrade" name="test_02_ai_proposal_opus_46" time="14.668" /><testcase classname="backend.tests.test_iteration84_ai_optimistic.TestAIModelUpgrade" name="test_03_ai_proposal_unauthorized_role" time="0.527" /><testcase classname="backend.tests.test_iteration84_ai_optimistic.TestAIModelUpgrade" name="test_04_ai_proposal_invalid_pa" time="0.104" /><testcase classname="backend.tests.test_iteration84_ai_optimistic.TestPhaseARegression" name="test_05_pre_assessment_create" time="1.089" /><testcase classname="backend.tests.test_iteration84_ai_optimistic.TestPhaseARegression" name="test_06_my_assessments" time="0.146" /><testcase classname="backend.tests.test_iteration84_ai_optimistic.TestPhaseARegression" name="test_07_stats_overview" time="0.102" /><testcase classname="backend.tests.test_iteration84_ai_optimistic.TestPhaseARegression" name="test_08_admin_queue" time="0.121" /><testcase classname="backend.tests.test_iteration84_ai_optimistic.TestPhaseARegression" name="test_09_products_endpoint" time="0.131" /><testcase classname="backend.tests.test_iteration84_ai_optimistic.TestPhaseBCDRegression" name="test_10_payment_history_pa" time="0.576" /><testcase classname="backend.tests.test_iteration84_ai_optimistic.TestPhaseBCDRegression" name="test_11_dropoff_leads" time="0.121" /><testcase classname="backend.tests.test_iteration84_ai_optimistic.TestPhaseBCDRegression" name="test_12_smart_checklist" time="0.121" /><testcase classname="backend.tests.test_iteration84_ai_optimistic.TestPhaseBCDRegression" name="test_13_risk_score" time="0.125" /><testcase classname="backend.tests.test_iteration84_ai_optimistic.TestPhaseBCDRegression" name="test_14_pa_bundle" time="0.109" /><testcase classname="backend.tests.test_iteration84_ai_optimistic.TestPhaseBCDRegression" name="test_15_health_check" time="0.117" /><testcase classname="backend.tests.test_iteration84_ai_optimistic.TestOptimisticUIEndpoints" name="test_16_review_endpoint_exists" time="0.761" /><testcase classname="backend.tests.test_iteration84_ai_optimistic.TestOptimisticUIEndpoints" name="test_17_send_proposal_endpoint_exists" time="0.122" /><testcase classname="backend.tests.test_iteration84_ai_optimistic.TestOptimisticUIEndpoints" name="test_18_forward_to_admin_endpoint_exists" time="0.107" /><testcase classname="backend.tests.test_iteration84_ai_optimistic.TestOptimisticUIEndpoints" name="test_19_submit_final_endpoint_exists" time="0.120" /><testcase classname="backend.tests.test_iteration84_ai_optimistic.TestOptimisticUIEndpoints" name="test_20_approve_final_endpoint_exists" time="0.106" /></testsuite></testsuites>