<?xml version="1.0" encoding="utf-8"?><testsuites name="pytest tests"><testsuite name="pytest" errors="0" failures="0" skipped="0" tests="12" time="8.528" timestamp="2026-04-15T18:45:57.543965+00:00" hostname="agent-env-ddda26a5-0039-4bdf-be5b-72e8978514e2"><testcase classname="tests.test_iteration56_step_documents.TestAdminWorkflowStepDocuments" name="test_admin_login" time="0.561" /><testcase classname="tests.test_iteration56_step_documents.TestAdminWorkflowStepDocuments" name="test_get_products_with_workflow_steps" time="1.224" /><testcase classname="tests.test_iteration56_step_documents.TestAdminWorkflowStepDocuments" name="test_admin_add_document_to_workflow_step" time="0.549" /><testcase classname="tests.test_iteration56_step_documents.TestCMStepDocumentRequests" name="test_cm_login" time="0.457" /><testcase classname="tests.test_iteration56_step_documents.TestCMStepDocumentRequests" name="test_cm_get_cases" time="0.142" /><testcase classname="tests.test_iteration56_step_documents.TestCMStepDocumentRequests" name="test_cm_request_step_document_api" time="1.917" /><testcase classname="tests.test_iteration56_step_documents.TestCMStepDocumentRequests" name="test_cm_request_additional_document_api" time="2.385" /><testcase classname="tests.test_iteration56_step_documents.TestClientStepDocuments" name="test_client_login" time="0.331" /><testcase classname="tests.test_iteration56_step_documents.TestClientStepDocuments" name="test_client_get_step_documents" time="0.232" /><testcase classname="tests.test_iteration56_step_documents.TestClientStepDocuments" name="test_client_step_documents_show_admin_defaults" time="0.305" /><testcase classname="tests.test_iteration56_step_documents.TestDocNameFieldHandling" name="test_step_documents_handle_both_fields" time="0.135" /><testcase classname="tests.test_iteration56_step_documents.TestStepDocumentsSummary" name="test_summary_calculations" time="0.223" /></testsuite></testsuites>