<?xml version="1.0" encoding="utf-8"?><testsuites name="pytest tests"><testsuite name="pytest" errors="0" failures="0" skipped="0" tests="12" time="19.380" timestamp="2026-04-12T10:26:04.780742+00:00" hostname="agent-env-ddda26a5-0039-4bdf-be5b-72e8978514e2"><testcase classname="backend.tests.test_iteration54_messaging.TestMyCasesSummary" name="test_my_cases_summary_returns_cases" time="13.686" /><testcase classname="backend.tests.test_iteration54_messaging.TestMyCasesSummary" name="test_my_cases_summary_has_client_name" time="0.387" /><testcase classname="backend.tests.test_iteration54_messaging.TestMyCasesSummary" name="test_my_cases_summary_has_required_fields" time="0.404" /><testcase classname="backend.tests.test_iteration54_messaging.TestCMCommunicationHub" name="test_get_communications_for_case" time="0.423" /><testcase classname="backend.tests.test_iteration54_messaging.TestCMCommunicationHub" name="test_cm_can_send_message" time="0.480" /><testcase classname="backend.tests.test_iteration54_messaging.TestClientMessages" name="test_get_client_messages" time="0.356" /><testcase classname="backend.tests.test_iteration54_messaging.TestClientMessages" name="test_client_can_view_messages" time="0.437" /><testcase classname="backend.tests.test_iteration54_messaging.TestClientMessages" name="test_client_can_send_message" time="0.468" /><testcase classname="backend.tests.test_iteration54_messaging.TestTwoWaySync" name="test_cm_and_client_see_same_messages" time="0.748" /><testcase classname="backend.tests.test_iteration54_messaging.TestTwoWaySync" name="test_cm_message_visible_to_client" time="0.757" /><testcase classname="backend.tests.test_iteration54_messaging.TestTwoWaySync" name="test_client_message_visible_to_cm" time="0.768" /><testcase classname="backend.tests.test_iteration54_messaging.TestUnreadCount" name="test_get_unread_count" time="0.397" /></testsuite></testsuites>