<?xml version="1.0" encoding="utf-8"?><testsuites name="pytest tests"><testsuite name="pytest" errors="0" failures="2" skipped="0" tests="16" time="223.134" timestamp="2026-04-17T12:48:01.826699+00:00" hostname="agent-env-ddda26a5-0039-4bdf-be5b-72e8978514e2"><testcase classname="backend.tests.test_iteration64_ai_workflow.TestVisaCategoriesAustralia" name="test_australia_visa_categories_returns_200" time="11.609" /><testcase classname="backend.tests.test_iteration64_ai_workflow.TestVisaCategoriesAustralia" name="test_australia_returns_visa_subclasses" time="12.562" /><testcase classname="backend.tests.test_iteration64_ai_workflow.TestVisaCategoriesAustralia" name="test_australia_categories_have_fees_or_urls" time="10.842" /><testcase classname="backend.tests.test_iteration64_ai_workflow.TestVisaCategoriesCanada" name="test_canada_visa_categories_returns_200" time="10.030" /><testcase classname="backend.tests.test_iteration64_ai_workflow.TestVisaCategoriesCanada" name="test_canada_returns_visa_categories" time="7.927" /><testcase classname="backend.tests.test_iteration64_ai_workflow.TestWorkflowGenerateAustralia" name="test_australia_subclass_189_generate_returns_200" time="13.210"><failure message="AssertionError: Expected 200, got 500: {&quot;detail&quot;:&quot;AI returned invalid workflow format. Please try again.&quot;}&#10;assert 500 == 200&#10; +  where 500 = &lt;Response [500]&gt;.status_code">backend/tests/test_iteration64_ai_workflow.py:139: in test_australia_subclass_189_generate_returns_200
    assert response.status_code == 200, f"Expected 200, got {response.status_code}: {response.text}"
E   AssertionError: Expected 200, got 500: {"detail":"AI returned invalid workflow format. Please try again."}
E   assert 500 == 200
E    +  where 500 = &lt;Response [500]&gt;.status_code</failure></testcase><testcase classname="backend.tests.test_iteration64_ai_workflow.TestWorkflowGenerateAustralia" name="test_australia_pr_workflow_has_5_plus_steps" time="21.133" /><testcase classname="backend.tests.test_iteration64_ai_workflow.TestWorkflowGenerateAustralia" name="test_australia_pr_workflow_has_10_plus_docs" time="15.061" /><testcase classname="backend.tests.test_iteration64_ai_workflow.TestWorkflowGenerateAustralia" name="test_workflow_has_government_fees_per_step" time="22.708" /><testcase classname="backend.tests.test_iteration64_ai_workflow.TestWorkflowGenerateAustralia" name="test_workflow_has_success_tips" time="15.284" /><testcase classname="backend.tests.test_iteration64_ai_workflow.TestWorkflowGenerateAustralia" name="test_workflow_has_common_rejection_reasons" time="16.029" /><testcase classname="backend.tests.test_iteration64_ai_workflow.TestWorkflowGenerateCanada" name="test_canada_pr_generate_returns_200" time="24.074" /><testcase classname="backend.tests.test_iteration64_ai_workflow.TestWorkflowGenerateCanada" name="test_canada_pr_workflow_comprehensive" time="21.237"><failure message="assert 500 == 200&#10; +  where 500 = &lt;Response [500]&gt;.status_code">backend/tests/test_iteration64_ai_workflow.py:269: in test_canada_pr_workflow_comprehensive
    assert response.status_code == 200
E   assert 500 == 200
E    +  where 500 = &lt;Response [500]&gt;.status_code</failure></testcase><testcase classname="backend.tests.test_iteration64_ai_workflow.TestWorkflowSave" name="test_save_workflow_returns_200" time="21.082" /><testcase classname="backend.tests.test_iteration64_ai_workflow.TestCountriesAndTemplates" name="test_countries_endpoint_returns_many_countries" time="0.127" /><testcase classname="backend.tests.test_iteration64_ai_workflow.TestCountriesAndTemplates" name="test_templates_endpoint_returns_templates" time="0.114" /></testsuite></testsuites>