<?xml version="1.0" encoding="utf-8"?><testsuites name="pytest tests"><testsuite name="pytest" errors="0" failures="0" skipped="0" tests="15" time="52.752" timestamp="2026-04-17T18:13:09.187782+00:00" hostname="agent-env-ddda26a5-0039-4bdf-be5b-72e8978514e2"><testcase classname="backend.tests.test_iteration69_product_intake.TestProductIntakeSchema" name="test_base_schema_returns_sections" time="41.757" /><testcase classname="backend.tests.test_iteration69_product_intake.TestProductIntakeSchema" name="test_canada_pr_schema_returns_product_sections" time="0.782" /><testcase classname="backend.tests.test_iteration69_product_intake.TestProductIntakeSchema" name="test_canada_pr_language_scores_section" time="0.788" /><testcase classname="backend.tests.test_iteration69_product_intake.TestProductIntakeSchema" name="test_canada_pr_eca_section" time="0.767" /><testcase classname="backend.tests.test_iteration69_product_intake.TestProductIntakeSchema" name="test_canada_pr_express_entry_section" time="0.775" /><testcase classname="backend.tests.test_iteration69_product_intake.TestProductIntakeSchema" name="test_australia_pr_schema_returns_product_sections" time="0.769" /><testcase classname="backend.tests.test_iteration69_product_intake.TestProductIntakeSchema" name="test_australia_pr_skills_assessment_section" time="0.782" /><testcase classname="backend.tests.test_iteration69_product_intake.TestProductIntakeSchema" name="test_australia_pr_points_claim_section" time="0.751" /><testcase classname="backend.tests.test_iteration69_product_intake.TestProductIntakeSchema" name="test_uk_skilled_worker_schema" time="0.798" /><testcase classname="backend.tests.test_iteration69_product_intake.TestProductIntakeSchema" name="test_student_visa_schema" time="0.738" /><testcase classname="backend.tests.test_iteration69_product_intake.TestProductIntakeSchema" name="test_usa_h1b_schema" time="0.779" /><testcase classname="backend.tests.test_iteration69_product_intake.TestProductIntakeSchema" name="test_unknown_product_returns_empty_product_sections" time="0.790" /><testcase classname="backend.tests.test_iteration69_product_intake.TestProductIntakeSchema" name="test_client_can_access_product_schema" time="0.795" /><testcase classname="backend.tests.test_iteration69_product_intake.TestProductIntakeSchema" name="test_field_types_are_correct" time="0.807" /><testcase classname="backend.tests.test_iteration69_product_intake.TestProductIntakeSchema" name="test_total_fields_count_is_accurate" time="0.789" /></testsuite></testsuites>