<?xml version="1.0" encoding="utf-8"?><testsuites name="pytest tests"><testsuite name="pytest" errors="0" failures="0" skipped="0" tests="19" time="9.044" timestamp="2026-04-04T06:14:44.724350+00:00" hostname="agent-env-ddda26a5-0039-4bdf-be5b-72e8978514e2"><testcase classname="backend.tests.test_iteration24_email_mobile.TestEmailServiceIntegration" name="test_email_logs_endpoint_admin_access" time="0.491" /><testcase classname="backend.tests.test_iteration24_email_mobile.TestEmailServiceIntegration" name="test_email_logs_endpoint_non_admin_forbidden" time="0.362" /><testcase classname="backend.tests.test_iteration24_email_mobile.TestEmailServiceIntegration" name="test_email_logs_endpoint_client_forbidden" time="0.369" /><testcase classname="backend.tests.test_iteration24_email_mobile.TestEmailServiceIntegration" name="test_sale_approval_creates_email_log" time="1.219" /><testcase classname="backend.tests.test_iteration24_email_mobile.TestEmailServiceIntegration" name="test_sale_rejection_creates_email_log" time="0.884" /><testcase classname="backend.tests.test_iteration24_email_mobile.TestTicketEmailNotification" name="test_ticket_reply_creates_email_log" time="0.823" /><testcase classname="backend.tests.test_iteration24_email_mobile.TestCoreAPIFunctionality" name="test_admin_login" time="0.358" /><testcase classname="backend.tests.test_iteration24_email_mobile.TestCoreAPIFunctionality" name="test_partner_login" time="0.321" /><testcase classname="backend.tests.test_iteration24_email_mobile.TestCoreAPIFunctionality" name="test_manager_login" time="0.324" /><testcase classname="backend.tests.test_iteration24_email_mobile.TestCoreAPIFunctionality" name="test_client_login" time="0.344" /><testcase classname="backend.tests.test_iteration24_email_mobile.TestCoreAPIFunctionality" name="test_products_endpoint" time="0.390" /><testcase classname="backend.tests.test_iteration24_email_mobile.TestCoreAPIFunctionality" name="test_sales_endpoint" time="0.382" /><testcase classname="backend.tests.test_iteration24_email_mobile.TestCoreAPIFunctionality" name="test_cases_endpoint" time="0.373" /><testcase classname="backend.tests.test_iteration24_email_mobile.TestCoreAPIFunctionality" name="test_tickets_endpoint" time="0.404" /><testcase classname="backend.tests.test_iteration24_email_mobile.TestCoreAPIFunctionality" name="test_dashboard_stats" time="0.406" /><testcase classname="backend.tests.test_iteration24_email_mobile.TestCoreAPIFunctionality" name="test_activity_logs_endpoint" time="0.402" /><testcase classname="backend.tests.test_iteration24_email_mobile.TestCoreAPIFunctionality" name="test_analytics_endpoint" time="0.369" /><testcase classname="backend.tests.test_iteration24_email_mobile.TestCoreAPIFunctionality" name="test_workflows_endpoint" time="0.372" /><testcase classname="backend.tests.test_iteration24_email_mobile.TestCoreAPIFunctionality" name="test_marketing_promo_codes" time="0.376" /></testsuite></testsuites>