<?xml version="1.0" encoding="utf-8"?><testsuites name="pytest tests"><testsuite name="pytest" errors="0" failures="0" skipped="4" tests="14" time="2.701" timestamp="2026-04-03T11:10:11.858663+00:00" hostname="agent-env-ddda26a5-0039-4bdf-be5b-72e8978514e2"><testcase classname="backend.tests.test_cm_document_privileges.TestHealthCheck" name="test_api_health" time="0.225" /><testcase classname="backend.tests.test_cm_document_privileges.TestDocumentReviewEndpoint" name="test_review_requires_comment_for_rejection" time="0.580"><skipped type="pytest.skip" message="No pending documents available for testing">/app/backend/tests/test_cm_document_privileges.py:93: No pending documents available for testing</skipped></testcase><testcase classname="backend.tests.test_cm_document_privileges.TestDocumentReviewEndpoint" name="test_review_requires_comment_for_revision_required" time="0.000"><skipped type="pytest.skip" message="No pending documents available for testing">/app/backend/tests/test_cm_document_privileges.py:109: No pending documents available for testing</skipped></testcase><testcase classname="backend.tests.test_cm_document_privileges.TestDocumentReviewEndpoint" name="test_review_rejects_short_comment" time="0.000"><skipped type="pytest.skip" message="No pending documents available for testing">/app/backend/tests/test_cm_document_privileges.py:124: No pending documents available for testing</skipped></testcase><testcase classname="backend.tests.test_cm_document_privileges.TestDocumentReviewEndpoint" name="test_review_approval_without_comment_succeeds" time="0.000"><skipped type="pytest.skip" message="No pending documents available for testing">/app/backend/tests/test_cm_document_privileges.py:138: No pending documents available for testing</skipped></testcase><testcase classname="backend.tests.test_cm_document_privileges.TestDocumentReviewerInfo" name="test_get_case_documents_returns_uploader_and_reviewer_names" time="0.108" /><testcase classname="backend.tests.test_cm_document_privileges.TestDocumentReviewNotification" name="test_review_creates_notification_for_uploader" time="0.544" /><testcase classname="backend.tests.test_cm_document_privileges.TestTicketAutoCreation" name="test_request_additional_doc_creates_ticket" time="0.198" /><testcase classname="backend.tests.test_cm_document_privileges.TestCMDashboardDocumentsTab" name="test_cm_can_access_all_documents" time="0.333" /><testcase classname="backend.tests.test_cm_document_privileges.TestCMDashboardDocumentsTab" name="test_documents_have_required_fields" time="0.101" /><testcase classname="backend.tests.test_cm_document_privileges.TestBatchDocumentReview" name="test_batch_approve_multiple_documents" time="0.093" /><testcase classname="backend.tests.test_cm_document_privileges.TestBatchDocumentReview" name="test_batch_reject_requires_comment" time="0.131" /><testcase classname="backend.tests.test_cm_document_privileges.TestDocumentDownload" name="test_cm_can_download_document" time="0.097" /><testcase classname="backend.tests.test_cm_document_privileges.TestReviewDialogFeatures" name="test_review_stores_reviewer_name" time="0.223" /></testsuite></testsuites>