<?xml version="1.0" encoding="utf-8"?><testsuites name="pytest tests"><testsuite name="pytest" errors="0" failures="0" skipped="0" tests="42" time="48.573" timestamp="2026-01-18T10:10:33.240101+00:00" hostname="agent-env-4808bf66-6368-4adb-8787-09e47b5edb2b"><testcase classname="tests.test_mysql_migration.TestAuthentication" name="test_admin_login" time="0.342" /><testcase classname="tests.test_mysql_migration.TestAuthentication" name="test_case_manager_login" time="0.298" /><testcase classname="tests.test_mysql_migration.TestAuthentication" name="test_partner_login" time="0.276" /><testcase classname="tests.test_mysql_migration.TestAuthentication" name="test_client_login" time="0.264" /><testcase classname="tests.test_mysql_migration.TestAuthentication" name="test_invalid_credentials" time="0.037" /><testcase classname="tests.test_mysql_migration.TestAuthentication" name="test_get_current_user" time="0.305" /><testcase classname="tests.test_mysql_migration.TestUsersAPI" name="test_admin_get_all_users" time="0.333" /><testcase classname="tests.test_mysql_migration.TestUsersAPI" name="test_non_admin_cannot_list_users" time="0.304" /><testcase classname="tests.test_mysql_migration.TestUsersAPI" name="test_get_users_by_role" time="0.297" /><testcase classname="tests.test_mysql_migration.TestUsersAPI" name="test_get_ticket_recipients" time="0.368" /><testcase classname="tests.test_mysql_migration.TestProductsAPI" name="test_get_products" time="0.299" /><testcase classname="tests.test_mysql_migration.TestProductsAPI" name="test_product_has_workflow_steps" time="0.300" /><testcase classname="tests.test_mysql_migration.TestProductsAPI" name="test_create_product_fixed_commission" time="0.346" /><testcase classname="tests.test_mysql_migration.TestProductsAPI" name="test_create_product_percentage_commission" time="0.341" /><testcase classname="tests.test_mysql_migration.TestProductsAPI" name="test_create_product_tiered_commission" time="0.363" /><testcase classname="tests.test_mysql_migration.TestSalesAPI" name="test_admin_get_all_sales" time="0.311" /><testcase classname="tests.test_mysql_migration.TestSalesAPI" name="test_admin_get_pending_sales" time="0.319" /><testcase classname="tests.test_mysql_migration.TestSalesAPI" name="test_partner_get_my_sales" time="0.298" /><testcase classname="tests.test_mysql_migration.TestSalesAPI" name="test_sales_stats" time="0.310" /><testcase classname="tests.test_mysql_migration.TestCasesAPI" name="test_admin_get_all_cases" time="0.303" /><testcase classname="tests.test_mysql_migration.TestCasesAPI" name="test_manager_get_my_cases" time="0.307" /><testcase classname="tests.test_mysql_migration.TestCasesAPI" name="test_client_get_my_cases" time="0.306" /><testcase classname="tests.test_mysql_migration.TestCasesAPI" name="test_partner_get_my_cases" time="0.312" /><testcase classname="tests.test_mysql_migration.TestCasesAPI" name="test_get_case_detail" time="0.299" /><testcase classname="tests.test_mysql_migration.TestTicketsAPI" name="test_client_get_my_tickets" time="0.304" /><testcase classname="tests.test_mysql_migration.TestTicketsAPI" name="test_admin_get_all_tickets" time="0.307" /><testcase classname="tests.test_mysql_migration.TestTicketsAPI" name="test_ticket_stats" time="0.305" /><testcase classname="tests.test_mysql_migration.TestTicketsAPI" name="test_create_ticket" time="0.310" /><testcase classname="tests.test_mysql_migration.TestTicketsAPI" name="test_get_ticket_detail" time="0.421" /><testcase classname="tests.test_mysql_migration.TestNotificationsAPI" name="test_get_notifications" time="0.327" /><testcase classname="tests.test_mysql_migration.TestNotificationsAPI" name="test_get_unread_notifications" time="0.354" /><testcase classname="tests.test_mysql_migration.TestNotificationsAPI" name="test_mark_all_read" time="0.340" /><testcase classname="tests.test_mysql_migration.TestDocumentsAPI" name="test_get_case_documents" time="0.336" /><testcase classname="tests.test_mysql_migration.TestReportsAPI" name="test_admin_dashboard_stats" time="0.300" /><testcase classname="tests.test_mysql_migration.TestReportsAPI" name="test_partner_commissions_report" time="0.310" /><testcase classname="tests.test_mysql_migration.TestReportsAPI" name="test_sales_report" time="0.313" /><testcase classname="tests.test_mysql_migration.TestReportsAPI" name="test_commission_report" time="35.968" /><testcase classname="tests.test_mysql_migration.TestRoleDashboardStats" name="test_admin_stats_dashboard" time="0.336" /><testcase classname="tests.test_mysql_migration.TestRoleDashboardStats" name="test_partner_stats_dashboard" time="0.303" /><testcase classname="tests.test_mysql_migration.TestRoleDashboardStats" name="test_case_manager_stats_dashboard" time="0.303" /><testcase classname="tests.test_mysql_migration.TestRoleDashboardStats" name="test_client_stats_dashboard" time="0.297" /><testcase classname="tests.test_mysql_migration.TestHealthCheck" name="test_health_check" time="0.035" /></testsuite></testsuites>