<?xml version="1.0" encoding="utf-8"?><testsuites name="pytest tests"><testsuite name="pytest" errors="0" failures="0" skipped="0" tests="16" time="2.535" timestamp="2026-04-17T12:22:25.836087+00:00" hostname="agent-env-ddda26a5-0039-4bdf-be5b-72e8978514e2"><testcase classname="backend.tests.test_iteration62_ai_workflow.TestCountriesAPI" name="test_countries_endpoint_returns_51_countries" time="0.629" /><testcase classname="backend.tests.test_iteration62_ai_workflow.TestCountriesAPI" name="test_countries_sorted_alphabetically" time="0.126" /><testcase classname="backend.tests.test_iteration62_ai_workflow.TestCountriesAPI" name="test_countries_have_required_fields" time="0.154" /><testcase classname="backend.tests.test_iteration62_ai_workflow.TestCountriesAPI" name="test_expected_countries_present" time="0.110" /><testcase classname="backend.tests.test_iteration62_ai_workflow.TestTemplatesAPI" name="test_templates_endpoint_returns_8_templates" time="0.137" /><testcase classname="backend.tests.test_iteration62_ai_workflow.TestTemplatesAPI" name="test_templates_have_required_fields" time="0.135" /><testcase classname="backend.tests.test_iteration62_ai_workflow.TestTemplatesAPI" name="test_template_ids_present" time="0.114" /><testcase classname="backend.tests.test_iteration62_ai_workflow.TestAISuggestBulkAPI" name="test_ai_suggest_bulk_australia_pr" time="0.102" /><testcase classname="backend.tests.test_iteration62_ai_workflow.TestAISuggestBulkAPI" name="test_ai_suggest_bulk_canada_pr" time="0.095" /><testcase classname="backend.tests.test_iteration62_ai_workflow.TestAISuggestBulkAPI" name="test_ai_suggest_bulk_returns_documents" time="0.112" /><testcase classname="backend.tests.test_iteration62_ai_workflow.TestAISuggestStepDocsAPI" name="test_ai_suggest_step_docs_returns_template_source" time="0.111" /><testcase classname="backend.tests.test_iteration62_ai_workflow.TestWorkflowSaveAPI" name="test_save_workflow_as_product" time="0.134" /><testcase classname="backend.tests.test_iteration62_ai_workflow.TestCountryDetails" name="test_australia_has_services" time="0.150" /><testcase classname="backend.tests.test_iteration62_ai_workflow.TestCountryDetails" name="test_canada_has_services" time="0.104" /><testcase classname="backend.tests.test_iteration62_ai_workflow.TestCountryDetails" name="test_first_country_is_argentina" time="0.119" /><testcase classname="backend.tests.test_iteration62_ai_workflow.TestCountryDetails" name="test_last_country_is_vietnam" time="0.122" /></testsuite></testsuites>