<?xml version="1.0" encoding="utf-8"?><testsuites name="pytest tests"><testsuite name="pytest" errors="0" failures="1" skipped="1" tests="12" time="4.844" timestamp="2026-04-08T22:27:34.935366+00:00" hostname="agent-env-ddda26a5-0039-4bdf-be5b-72e8978514e2"><testcase classname="backend.tests.test_iteration31_logo_bulk_upload.TestHealthAndAuth" name="test_health_check" time="0.228" /><testcase classname="backend.tests.test_iteration31_logo_bulk_upload.TestHealthAndAuth" name="test_admin_login" time="0.346" /><testcase classname="backend.tests.test_iteration31_logo_bulk_upload.TestHealthAndAuth" name="test_case_manager_login" time="0.340" /><testcase classname="backend.tests.test_iteration31_logo_bulk_upload.TestHealthAndAuth" name="test_partner_login" time="0.339" /><testcase classname="backend.tests.test_iteration31_logo_bulk_upload.TestHealthAndAuth" name="test_client_login" time="0.388" /><testcase classname="backend.tests.test_iteration31_logo_bulk_upload.TestPDFReportsWithLogo" name="test_sales_report_pdf_with_logo" time="0.788" /><testcase classname="backend.tests.test_iteration31_logo_bulk_upload.TestPDFReportsWithLogo" name="test_commission_report_pdf_with_logo" time="0.537"><failure message="AssertionError: PDF size 2073 bytes is too small, logo may be missing&#10;assert 2073 &gt; (100 * 1024)">backend/tests/test_iteration31_logo_bulk_upload.py:113: in test_commission_report_pdf_with_logo
    assert content_length &gt; 100 * 1024, f"PDF size {content_length} bytes is too small, logo may be missing"
E   AssertionError: PDF size 2073 bytes is too small, logo may be missing
E   assert 2073 &gt; (100 * 1024)</failure></testcase><testcase classname="backend.tests.test_iteration31_logo_bulk_upload.TestPaymentReceiptPDF" name="test_payment_receipt_pdf_with_logo" time="0.526"><skipped type="pytest.skip" message="No sales with payment transactions found">/app/backend/tests/test_iteration31_logo_bulk_upload.py:147: No sales with payment transactions found</skipped></testcase><testcase classname="backend.tests.test_iteration31_logo_bulk_upload.TestBulkUploadWithPerFileMetadata" name="test_bulk_upload_with_per_file_types" time="0.578" /><testcase classname="backend.tests.test_iteration31_logo_bulk_upload.TestBulkUploadWithPerFileMetadata" name="test_bulk_upload_with_default_type" time="0.625" /><testcase classname="backend.tests.test_iteration31_logo_bulk_upload.TestLogoFileExists" name="test_frontend_logo_exists" time="0.000" /><testcase classname="backend.tests.test_iteration31_logo_bulk_upload.TestLogoFileExists" name="test_backend_logo_exists" time="0.000" /></testsuite></testsuites>