<?xml version="1.0" encoding="utf-8"?><testsuites name="pytest tests"><testsuite name="pytest" errors="0" failures="0" skipped="0" tests="32" time="42.292" timestamp="2026-04-17T13:30:45.767674+00:00" hostname="agent-env-ddda26a5-0039-4bdf-be5b-72e8978514e2"><testcase classname="backend.tests.test_government_forms.TestGovernmentFormsAllCountries" name="test_get_all_countries_returns_200" time="37.036" /><testcase classname="backend.tests.test_government_forms.TestGovernmentFormsAllCountries" name="test_returns_7_countries" time="0.149" /><testcase classname="backend.tests.test_government_forms.TestGovernmentFormsAllCountries" name="test_countries_have_required_fields" time="0.112" /><testcase classname="backend.tests.test_government_forms.TestGovernmentFormsAllCountries" name="test_australia_has_12_forms" time="0.126" /><testcase classname="backend.tests.test_government_forms.TestGovernmentFormsAllCountries" name="test_canada_has_10_forms" time="0.098" /><testcase classname="backend.tests.test_government_forms.TestGovernmentFormsAllCountries" name="test_usa_has_10_forms" time="0.186" /><testcase classname="backend.tests.test_government_forms.TestGovernmentFormsAllCountries" name="test_uk_has_5_forms" time="0.140" /><testcase classname="backend.tests.test_government_forms.TestGovernmentFormsAllCountries" name="test_new_zealand_has_5_forms" time="0.103" /><testcase classname="backend.tests.test_government_forms.TestGovernmentFormsAllCountries" name="test_uae_has_3_forms" time="0.099" /><testcase classname="backend.tests.test_government_forms.TestGovernmentFormsAllCountries" name="test_singapore_has_3_forms" time="0.170" /><testcase classname="backend.tests.test_government_forms.TestGovernmentFormsByCountry" name="test_australia_returns_200" time="0.115" /><testcase classname="backend.tests.test_government_forms.TestGovernmentFormsByCountry" name="test_australia_returns_12_forms" time="0.112" /><testcase classname="backend.tests.test_government_forms.TestGovernmentFormsByCountry" name="test_australia_forms_have_urls" time="0.102" /><testcase classname="backend.tests.test_government_forms.TestGovernmentFormsByCountry" name="test_australia_forms_have_required_fields" time="0.115" /><testcase classname="backend.tests.test_government_forms.TestGovernmentFormsByCountry" name="test_canada_returns_10_forms" time="0.111" /><testcase classname="backend.tests.test_government_forms.TestGovernmentFormsByCountry" name="test_usa_returns_10_forms" time="0.119" /><testcase classname="backend.tests.test_government_forms.TestGovernmentFormsByCountry" name="test_uk_returns_5_forms" time="0.226" /><testcase classname="backend.tests.test_government_forms.TestGovernmentFormsByCountry" name="test_new_zealand_returns_5_forms" time="0.109" /><testcase classname="backend.tests.test_government_forms.TestGovernmentFormsByCountry" name="test_uae_returns_3_forms" time="0.110" /><testcase classname="backend.tests.test_government_forms.TestGovernmentFormsByCountry" name="test_singapore_returns_3_forms" time="0.116" /><testcase classname="backend.tests.test_government_forms.TestGovernmentFormsByCountry" name="test_unknown_country_returns_empty" time="0.114" /><testcase classname="backend.tests.test_government_forms.TestGovernmentFormsByVisa" name="test_australia_189_returns_filtered_forms" time="0.112" /><testcase classname="backend.tests.test_government_forms.TestGovernmentFormsByVisa" name="test_australia_500_returns_student_forms" time="0.156" /><testcase classname="backend.tests.test_government_forms.TestGovernmentFormsByVisa" name="test_canada_express_entry_returns_filtered_forms" time="0.112" /><testcase classname="backend.tests.test_government_forms.TestGovernmentFormsByVisa" name="test_canada_student_returns_study_permit_form" time="0.109" /><testcase classname="backend.tests.test_government_forms.TestGovernmentFormsByVisa" name="test_usa_h1b_returns_employer_forms" time="0.118" /><testcase classname="backend.tests.test_government_forms.TestGovernmentFormsByVisa" name="test_usa_green_card_returns_immigrant_forms" time="0.107" /><testcase classname="backend.tests.test_government_forms.TestGovernmentFormsByVisa" name="test_uk_skilled_worker_returns_forms" time="0.110" /><testcase classname="backend.tests.test_government_forms.TestGovernmentFormsByVisa" name="test_singapore_ep_returns_forms" time="0.104" /><testcase classname="backend.tests.test_government_forms.TestFormDataIntegrity" name="test_all_forms_have_valid_urls" time="0.785" /><testcase classname="backend.tests.test_government_forms.TestFormDataIntegrity" name="test_total_forms_count_is_48" time="0.110" /><testcase classname="backend.tests.test_government_forms.TestFormDataIntegrity" name="test_mandatory_forms_exist" time="0.802" /></testsuite></testsuites>