<?xml version="1.0" encoding="utf-8"?><testsuites name="pytest tests"><testsuite name="pytest" errors="0" failures="0" skipped="0" tests="17" time="4.182" timestamp="2026-04-03T10:49:39.496368+00:00" hostname="agent-env-ddda26a5-0039-4bdf-be5b-72e8978514e2"><testcase classname="backend.tests.test_phase2_features.TestCommissionEffectiveDate" name="test_update_user_commission_rate_tracks_history" time="0.790" /><testcase classname="backend.tests.test_phase2_features.TestClientTicketRouting" name="test_client_ticket_document_category_routes_to_case_manager" time="0.535" /><testcase classname="backend.tests.test_phase2_features.TestClientTicketRouting" name="test_client_ticket_payment_category_routes_to_case_manager" time="0.202" /><testcase classname="backend.tests.test_phase2_features.TestClientTicketRouting" name="test_client_ticket_general_category_routes_to_admin" time="0.232" /><testcase classname="backend.tests.test_phase2_features.TestClientTicketRouting" name="test_admin_can_reassign_ticket" time="0.343" /><testcase classname="backend.tests.test_phase2_features.TestRefundModule" name="test_create_refund_reduces_amount_received_and_commission" time="0.251" /><testcase classname="backend.tests.test_phase2_features.TestRefundModule" name="test_refund_validation_min_reason_length" time="0.211" /><testcase classname="backend.tests.test_phase2_features.TestRefundModule" name="test_refund_validation_positive_amount" time="0.233" /><testcase classname="backend.tests.test_phase2_features.TestRefundModule" name="test_refund_validation_amount_not_exceeding_received" time="0.212" /><testcase classname="backend.tests.test_phase2_features.TestRefundModule" name="test_get_refunds_returns_list_with_client_info" time="0.095" /><testcase classname="backend.tests.test_phase2_features.TestRefundModule" name="test_get_refunds_by_sale" time="0.195" /><testcase classname="backend.tests.test_phase2_features.TestCurrencyConversion" name="test_get_exchange_rate" time="0.105" /><testcase classname="backend.tests.test_phase2_features.TestCurrencyConversion" name="test_update_exchange_rate" time="0.245" /><testcase classname="backend.tests.test_phase2_features.TestPaymentCollectionTracker" name="test_get_payment_deadlines_returns_summary_and_items" time="0.105" /><testcase classname="backend.tests.test_phase2_features.TestPaymentCollectionTracker" name="test_payment_tracker_urgency_categorization" time="0.113" /><testcase classname="backend.tests.test_phase2_features.TestTicketClosureComment" name="test_ticket_shows_closure_comment_when_resolved" time="0.108" /><testcase classname="backend.tests.test_phase2_features.TestHealthCheck" name="test_api_accessible" time="0.095" /></testsuite></testsuites>