<?xml version="1.0" encoding="utf-8"?><testsuites name="pytest tests"><testsuite name="pytest" errors="0" failures="0" skipped="0" tests="12" time="3.381" timestamp="2026-04-08T20:28:53.864367+00:00" hostname="agent-env-ddda26a5-0039-4bdf-be5b-72e8978514e2"><testcase classname="tests.test_iteration28_stripe_payments.TestHealthCheck" name="test_health_endpoint" time="0.221" /><testcase classname="tests.test_iteration28_stripe_payments.TestMyProposals" name="test_my_proposals_returns_sales_with_price_breakdown" time="0.370" /><testcase classname="tests.test_iteration28_stripe_payments.TestMyProposals" name="test_my_proposals_includes_payment_history" time="0.062" /><testcase classname="tests.test_iteration28_stripe_payments.TestMyProposals" name="test_my_proposals_requires_auth" time="0.061" /><testcase classname="tests.test_iteration28_stripe_payments.TestCreateCheckout" name="test_create_checkout_for_approved_sale_with_pending" time="0.794" /><testcase classname="tests.test_iteration28_stripe_payments.TestCreateCheckout" name="test_create_checkout_rejects_pending_sale" time="0.329" /><testcase classname="tests.test_iteration28_stripe_payments.TestCreateCheckout" name="test_create_checkout_requires_auth" time="0.054" /><testcase classname="tests.test_iteration28_stripe_payments.TestPaymentStatus" name="test_payment_status_returns_status" time="0.298" /><testcase classname="tests.test_iteration28_stripe_payments.TestPaymentStatus" name="test_payment_status_404_for_invalid_session" time="0.052" /><testcase classname="tests.test_iteration28_stripe_payments.TestPaymentHistory" name="test_payment_history_returns_transactions" time="0.171" /><testcase classname="tests.test_iteration28_stripe_payments.TestStripeWebhook" name="test_webhook_endpoint_exists" time="0.059" /><testcase classname="tests.test_iteration28_stripe_payments.TestFullPaymentFlow" name="test_full_payment_flow" time="0.843" /></testsuite></testsuites>