<?xml version="1.0" encoding="utf-8"?><testsuites name="pytest tests"><testsuite name="pytest" errors="0" failures="0" skipped="0" tests="42" time="17.882" timestamp="2026-04-02T07:03:55.850135+00:00" hostname="agent-env-4808bf66-6368-4adb-8787-09e47b5edb2b"><testcase classname="tests.test_mysql_migration.TestAuthentication" name="test_admin_login" time="0.351" /><testcase classname="tests.test_mysql_migration.TestAuthentication" name="test_case_manager_login" time="0.326" /><testcase classname="tests.test_mysql_migration.TestAuthentication" name="test_partner_login" time="0.320" /><testcase classname="tests.test_mysql_migration.TestAuthentication" name="test_client_login" time="0.320" /><testcase classname="tests.test_mysql_migration.TestAuthentication" name="test_invalid_credentials" time="0.103" /><testcase classname="tests.test_mysql_migration.TestAuthentication" name="test_get_current_user" time="0.435" /><testcase classname="tests.test_mysql_migration.TestUsersAPI" name="test_admin_get_all_users" time="0.458" /><testcase classname="tests.test_mysql_migration.TestUsersAPI" name="test_non_admin_cannot_list_users" time="0.434" /><testcase classname="tests.test_mysql_migration.TestUsersAPI" name="test_get_users_by_role" time="0.440" /><testcase classname="tests.test_mysql_migration.TestUsersAPI" name="test_get_ticket_recipients" time="0.427" /><testcase classname="tests.test_mysql_migration.TestProductsAPI" name="test_get_products" time="0.422" /><testcase classname="tests.test_mysql_migration.TestProductsAPI" name="test_product_has_workflow_steps" time="0.503" /><testcase classname="tests.test_mysql_migration.TestProductsAPI" name="test_create_product_fixed_commission" time="0.546" /><testcase classname="tests.test_mysql_migration.TestProductsAPI" name="test_create_product_percentage_commission" time="0.550" /><testcase classname="tests.test_mysql_migration.TestProductsAPI" name="test_create_product_tiered_commission" time="0.541" /><testcase classname="tests.test_mysql_migration.TestSalesAPI" name="test_admin_get_all_sales" time="0.411" /><testcase classname="tests.test_mysql_migration.TestSalesAPI" name="test_admin_get_pending_sales" time="0.417" /><testcase classname="tests.test_mysql_migration.TestSalesAPI" name="test_partner_get_my_sales" time="0.435" /><testcase classname="tests.test_mysql_migration.TestSalesAPI" name="test_sales_stats" time="0.419" /><testcase classname="tests.test_mysql_migration.TestCasesAPI" name="test_admin_get_all_cases" time="0.436" /><testcase classname="tests.test_mysql_migration.TestCasesAPI" name="test_manager_get_my_cases" time="0.420" /><testcase classname="tests.test_mysql_migration.TestCasesAPI" name="test_client_get_my_cases" time="0.427" /><testcase classname="tests.test_mysql_migration.TestCasesAPI" name="test_partner_get_my_cases" time="0.447" /><testcase classname="tests.test_mysql_migration.TestCasesAPI" name="test_get_case_detail" time="0.519" /><testcase classname="tests.test_mysql_migration.TestTicketsAPI" name="test_client_get_my_tickets" time="0.455" /><testcase classname="tests.test_mysql_migration.TestTicketsAPI" name="test_admin_get_all_tickets" time="0.437" /><testcase classname="tests.test_mysql_migration.TestTicketsAPI" name="test_ticket_stats" time="0.430" /><testcase classname="tests.test_mysql_migration.TestTicketsAPI" name="test_create_ticket" time="0.444" /><testcase classname="tests.test_mysql_migration.TestTicketsAPI" name="test_get_ticket_detail" time="0.532" /><testcase classname="tests.test_mysql_migration.TestNotificationsAPI" name="test_get_notifications" time="0.425" /><testcase classname="tests.test_mysql_migration.TestNotificationsAPI" name="test_get_unread_notifications" time="0.426" /><testcase classname="tests.test_mysql_migration.TestNotificationsAPI" name="test_mark_all_read" time="0.423" /><testcase classname="tests.test_mysql_migration.TestDocumentsAPI" name="test_get_case_documents" time="0.574" /><testcase classname="tests.test_mysql_migration.TestReportsAPI" name="test_admin_dashboard_stats" time="0.441" /><testcase classname="tests.test_mysql_migration.TestReportsAPI" name="test_partner_commissions_report" time="0.420" /><testcase classname="tests.test_mysql_migration.TestReportsAPI" name="test_sales_report" time="0.432" /><testcase classname="tests.test_mysql_migration.TestReportsAPI" name="test_commission_report" time="0.440" /><testcase classname="tests.test_mysql_migration.TestRoleDashboardStats" name="test_admin_stats_dashboard" time="0.409" /><testcase classname="tests.test_mysql_migration.TestRoleDashboardStats" name="test_partner_stats_dashboard" time="0.413" /><testcase classname="tests.test_mysql_migration.TestRoleDashboardStats" name="test_case_manager_stats_dashboard" time="0.437" /><testcase classname="tests.test_mysql_migration.TestRoleDashboardStats" name="test_client_stats_dashboard" time="0.423" /><testcase classname="tests.test_mysql_migration.TestHealthCheck" name="test_health_check" time="0.094" /></testsuite></testsuites>