<?xml version="1.0" encoding="utf-8"?><testsuites name="pytest tests"><testsuite name="pytest" errors="0" failures="0" skipped="0" tests="16" time="17.060" timestamp="2026-04-03T10:19:09.392714+00:00" hostname="agent-env-ddda26a5-0039-4bdf-be5b-72e8978514e2"><testcase classname="backend.tests.test_phase1_features.TestCommissionCalculation" name="test_create_sale_commission_on_received" time="3.051" /><testcase classname="backend.tests.test_phase1_features.TestCommissionCalculation" name="test_approve_sale_commission_on_received" time="2.212" /><testcase classname="backend.tests.test_phase1_features.TestRejectionReason" name="test_reject_without_reason_fails" time="0.963" /><testcase classname="backend.tests.test_phase1_features.TestRejectionReason" name="test_reject_with_short_reason_fails" time="0.969" /><testcase classname="backend.tests.test_phase1_features.TestRejectionReason" name="test_reject_with_valid_reason_succeeds" time="2.136" /><testcase classname="backend.tests.test_phase1_features.TestTicketClosureComment" name="test_close_ticket_without_comment_fails" time="0.550" /><testcase classname="backend.tests.test_phase1_features.TestTicketClosureComment" name="test_close_ticket_with_short_comment_fails" time="0.839" /><testcase classname="backend.tests.test_phase1_features.TestTicketClosureComment" name="test_close_ticket_with_valid_comment_succeeds" time="0.550" /><testcase classname="backend.tests.test_phase1_features.TestTicketClosureComment" name="test_resolve_ticket_requires_comment" time="0.527" /><testcase classname="backend.tests.test_phase1_features.TestWorkflowDuplicatePrevention" name="test_duplicate_step_name_fails" time="0.770" /><testcase classname="backend.tests.test_phase1_features.TestWorkflowDuplicatePrevention" name="test_duplicate_step_name_case_insensitive" time="0.788" /><testcase classname="backend.tests.test_phase1_features.TestRecordPayment" name="test_record_payment_updates_received_and_commission" time="2.169" /><testcase classname="backend.tests.test_phase1_features.TestEnhancedSalesReport" name="test_sales_report_has_required_fields" time="0.456" /><testcase classname="backend.tests.test_phase1_features.TestEnhancedSalesReport" name="test_get_sales_returns_pending_and_category" time="0.430" /><testcase classname="backend.tests.test_phase1_features.TestDashboardStats" name="test_dashboard_has_received_and_pending" time="0.421" /><testcase classname="backend.tests.test_phase1_features.TestHealthCheck" name="test_api_health" time="0.099" /></testsuite></testsuites>