<?xml version="1.0" encoding="utf-8"?><testsuites name="pytest tests"><testsuite name="pytest" errors="0" failures="0" skipped="0" tests="45" time="23.659" timestamp="2026-04-03T07:20:25.745953+00:00" hostname="agent-env-ddda26a5-0039-4bdf-be5b-72e8978514e2"><testcase classname="tests.test_mongodb_backend.TestHealthCheck" name="test_health_endpoint" time="0.216" /><testcase classname="tests.test_mongodb_backend.TestAuthentication" name="test_admin_login" time="0.379" /><testcase classname="tests.test_mongodb_backend.TestAuthentication" name="test_case_manager_login" time="0.338" /><testcase classname="tests.test_mongodb_backend.TestAuthentication" name="test_partner_login" time="0.338" /><testcase classname="tests.test_mongodb_backend.TestAuthentication" name="test_client_login" time="0.325" /><testcase classname="tests.test_mongodb_backend.TestAuthentication" name="test_invalid_login" time="0.101" /><testcase classname="tests.test_mongodb_backend.TestAdminDashboard" name="test_admin_dashboard_stats" time="0.423" /><testcase classname="tests.test_mongodb_backend.TestAdminDashboard" name="test_get_all_sales" time="0.441" /><testcase classname="tests.test_mongodb_backend.TestAdminDashboard" name="test_get_sales_with_status_filter" time="0.432" /><testcase classname="tests.test_mongodb_backend.TestAdminDashboard" name="test_get_all_cases" time="0.435" /><testcase classname="tests.test_mongodb_backend.TestAdminDashboard" name="test_get_all_users" time="0.432" /><testcase classname="tests.test_mongodb_backend.TestProducts" name="test_get_products" time="0.444" /><testcase classname="tests.test_mongodb_backend.TestProducts" name="test_create_product" time="0.425" /><testcase classname="tests.test_mongodb_backend.TestProducts" name="test_update_product" time="0.544" /><testcase classname="tests.test_mongodb_backend.TestProducts" name="test_delete_product" time="0.532" /><testcase classname="tests.test_mongodb_backend.TestSales" name="test_create_sale_bank_transfer" time="0.867" /><testcase classname="tests.test_mongodb_backend.TestSales" name="test_create_sale_online_payment" time="0.859" /><testcase classname="tests.test_mongodb_backend.TestSales" name="test_approve_sale_returns_credentials" time="1.273" /><testcase classname="tests.test_mongodb_backend.TestCaseManager" name="test_my_cases" time="0.460" /><testcase classname="tests.test_mongodb_backend.TestCaseManager" name="test_case_manager_stats" time="0.431" /><testcase classname="tests.test_mongodb_backend.TestCaseManager" name="test_update_workflow_step" time="0.878" /><testcase classname="tests.test_mongodb_backend.TestInformationSheet" name="test_save_and_retrieve_information_sheet" time="0.946" /><testcase classname="tests.test_mongodb_backend.TestDocuments" name="test_upload_document" time="0.861" /><testcase classname="tests.test_mongodb_backend.TestDocuments" name="test_get_case_documents" time="0.862" /><testcase classname="tests.test_mongodb_backend.TestCaseManagerAssignment" name="test_assign_case_manager" time="0.632" /><testcase classname="tests.test_mongodb_backend.TestActivityLogs" name="test_get_activity_logs" time="0.449" /><testcase classname="tests.test_mongodb_backend.TestActivityLogs" name="test_get_activity_stats" time="0.438" /><testcase classname="tests.test_mongodb_backend.TestAnalytics" name="test_sales_trend" time="0.438" /><testcase classname="tests.test_mongodb_backend.TestAnalytics" name="test_sales_by_status" time="0.453" /><testcase classname="tests.test_mongodb_backend.TestAnalytics" name="test_top_products" time="0.433" /><testcase classname="tests.test_mongodb_backend.TestAnalytics" name="test_top_partners" time="0.436" /><testcase classname="tests.test_mongodb_backend.TestGlobalSearch" name="test_global_search" time="0.427" /><testcase classname="tests.test_mongodb_backend.TestGlobalSearch" name="test_quick_search" time="0.431" /><testcase classname="tests.test_mongodb_backend.TestPartnerCommissions" name="test_partner_dashboard_stats" time="0.414" /><testcase classname="tests.test_mongodb_backend.TestPartnerCommissions" name="test_partner_report" time="0.459" /><testcase classname="tests.test_mongodb_backend.TestPartnerCommissions" name="test_partner_commissions_report" time="0.430" /><testcase classname="tests.test_mongodb_backend.TestTickets" name="test_get_tickets" time="0.417" /><testcase classname="tests.test_mongodb_backend.TestTickets" name="test_create_ticket" time="0.424" /><testcase classname="tests.test_mongodb_backend.TestNotifications" name="test_get_notifications" time="0.417" /><testcase classname="tests.test_mongodb_backend.TestSettings" name="test_get_settings" time="0.419" /><testcase classname="tests.test_mongodb_backend.TestImpersonation" name="test_admin_can_impersonate" time="0.541" /><testcase classname="tests.test_mongodb_backend.TestImpersonation" name="test_non_admin_cannot_impersonate" time="0.866" /><testcase classname="tests.test_mongodb_backend.TestClientDashboard" name="test_client_dashboard_stats" time="0.416" /><testcase classname="tests.test_mongodb_backend.TestClientDashboard" name="test_client_my_cases" time="0.440" /><testcase classname="tests.test_mongodb_backend.TestRequestAdditionalDocuments" name="test_request_additional_document" time="0.853" /></testsuite></testsuites>