<?xml version="1.0" encoding="utf-8"?><testsuites name="pytest tests"><testsuite name="pytest" errors="0" failures="0" skipped="0" tests="25" time="51.041" timestamp="2026-04-17T20:05:38.142615+00:00" hostname="agent-env-ddda26a5-0039-4bdf-be5b-72e8978514e2"><testcase classname="backend.tests.test_iteration72_share_estimate.TestShareEstimateFeature" name="test_create_share_link_partner_own_estimate" time="44.121" /><testcase classname="backend.tests.test_iteration72_share_estimate.TestShareEstimateFeature" name="test_admin_can_share_any_estimate" time="0.453" /><testcase classname="backend.tests.test_iteration72_share_estimate.TestShareEstimateFeature" name="test_non_owner_cannot_share_403" time="0.445" /><testcase classname="backend.tests.test_iteration72_share_estimate.TestShareEstimateFeature" name="test_update_share_link_reuses_token" time="0.282" /><testcase classname="backend.tests.test_iteration72_share_estimate.TestShareEstimateFeature" name="test_deactivate_share_link_owner" time="0.253" /><testcase classname="backend.tests.test_iteration72_share_estimate.TestShareEstimateFeature" name="test_deactivate_share_link_admin" time="0.242" /><testcase classname="backend.tests.test_iteration72_share_estimate.TestShareEstimateFeature" name="test_deactivate_non_owner_403" time="0.304" /><testcase classname="backend.tests.test_iteration72_share_estimate.TestShareEstimateFeature" name="test_get_share_stats_owner" time="0.237" /><testcase classname="backend.tests.test_iteration72_share_estimate.TestShareEstimateFeature" name="test_get_share_stats_admin" time="0.111" /><testcase classname="backend.tests.test_iteration72_share_estimate.TestShareEstimateFeature" name="test_get_share_stats_non_owner_403" time="0.130" /><testcase classname="backend.tests.test_iteration72_share_estimate.TestShareEstimateFeature" name="test_public_view_no_auth" time="0.249" /><testcase classname="backend.tests.test_iteration72_share_estimate.TestShareEstimateFeature" name="test_public_view_increments_view_count" time="0.654" /><testcase classname="backend.tests.test_iteration72_share_estimate.TestShareEstimateFeature" name="test_public_view_404_if_deactivated" time="0.317" /><testcase classname="backend.tests.test_iteration72_share_estimate.TestShareEstimateFeature" name="test_public_view_410_if_expired" time="0.423" /><testcase classname="backend.tests.test_iteration72_share_estimate.TestShareEstimateFeature" name="test_lead_capture_creates_lead" time="0.224" /><testcase classname="backend.tests.test_iteration72_share_estimate.TestShareEstimateFeature" name="test_lead_capture_increments_lead_count" time="0.500" /><testcase classname="backend.tests.test_iteration72_share_estimate.TestShareEstimateFeature" name="test_lead_capture_403_if_disabled" time="0.242" /><testcase classname="backend.tests.test_iteration72_share_estimate.TestShareEstimateFeature" name="test_lead_validation_name_required" time="0.255" /><testcase classname="backend.tests.test_iteration72_share_estimate.TestShareEstimateFeature" name="test_lead_validation_email_required" time="0.225" /><testcase classname="backend.tests.test_iteration72_share_estimate.TestShareEstimateFeature" name="test_lead_phone_message_optional" time="0.250" /><testcase classname="backend.tests.test_iteration72_share_estimate.TestShareEstimateFeature" name="test_invalid_share_token_404" time="0.121" /><testcase classname="backend.tests.test_iteration72_share_estimate.TestShareEstimateFeature" name="test_share_nonexistent_estimate_404" time="0.107" /><testcase classname="backend.tests.test_iteration72_share_estimate.TestShareEstimateFeature" name="test_stats_nonexistent_estimate_404" time="0.114" /><testcase classname="backend.tests.test_iteration72_share_estimate.TestShareEstimateFeature" name="test_deactivate_nonexistent_estimate_404" time="0.106" /><testcase classname="backend.tests.test_iteration72_share_estimate.TestShareEstimateFeature" name="test_expiry_days_validation" time="0.583" /></testsuite></testsuites>