<?xml version="1.0" encoding="utf-8"?><testsuites name="pytest tests"><testsuite name="pytest" errors="0" failures="0" skipped="0" tests="14" time="6.601" timestamp="2026-04-12T09:54:17.014178+00:00" hostname="agent-env-ddda26a5-0039-4bdf-be5b-72e8978514e2"><testcase classname="backend.tests.test_iteration52_messaging.TestClientMessagingBugFixes" name="test_client_login" time="0.420" /><testcase classname="backend.tests.test_iteration52_messaging.TestClientMessagingBugFixes" name="test_cm_login" time="0.318" /><testcase classname="backend.tests.test_iteration52_messaging.TestClientMessagingBugFixes" name="test_client_get_conversations" time="0.397" /><testcase classname="backend.tests.test_iteration52_messaging.TestClientMessagingBugFixes" name="test_client_get_case_messages" time="0.503" /><testcase classname="backend.tests.test_iteration52_messaging.TestClientMessagingBugFixes" name="test_client_send_message" time="0.412" /><testcase classname="backend.tests.test_iteration52_messaging.TestClientMessagingBugFixes" name="test_client_message_appears_in_history" time="0.455" /><testcase classname="backend.tests.test_iteration52_messaging.TestClientMessagingBugFixes" name="test_cm_get_communications" time="0.415" /><testcase classname="backend.tests.test_iteration52_messaging.TestClientMessagingBugFixes" name="test_cm_send_message" time="0.422" /><testcase classname="backend.tests.test_iteration52_messaging.TestClientMessagingBugFixes" name="test_cm_message_appears_in_history" time="0.479" /><testcase classname="backend.tests.test_iteration52_messaging.TestClientMessagingBugFixes" name="test_two_way_sync_cm_to_client" time="0.793" /><testcase classname="backend.tests.test_iteration52_messaging.TestClientMessagingBugFixes" name="test_two_way_sync_client_to_cm" time="0.756" /><testcase classname="backend.tests.test_iteration52_messaging.TestClientMessagingBugFixes" name="test_client_cannot_send_empty_message" time="0.431" /><testcase classname="backend.tests.test_iteration52_messaging.TestClientMessagingBugFixes" name="test_client_cannot_access_other_case" time="0.366" /><testcase classname="backend.tests.test_iteration52_messaging.TestClientMessagingBugFixes" name="test_unread_count_endpoint" time="0.362" /></testsuite></testsuites>