<?xml version="1.0" encoding="utf-8"?><testsuites name="pytest tests"><testsuite name="pytest" errors="0" failures="0" skipped="0" tests="27" time="8.514" timestamp="2026-01-16T12:57:58.748922+00:00" hostname="agent-env-d79a1386-6fa8-41ba-ab69-3a56150ed59c"><testcase classname="tests.test_leamss_api.TestAuthentication" name="test_admin_login" time="0.343" /><testcase classname="tests.test_leamss_api.TestAuthentication" name="test_case_manager_login" time="0.266" /><testcase classname="tests.test_leamss_api.TestAuthentication" name="test_partner_login" time="0.269" /><testcase classname="tests.test_leamss_api.TestAuthentication" name="test_client_login" time="0.311" /><testcase classname="tests.test_leamss_api.TestAuthentication" name="test_invalid_login" time="0.036" /><testcase classname="tests.test_leamss_api.TestProducts" name="test_get_products" time="0.299" /><testcase classname="tests.test_leamss_api.TestProducts" name="test_create_product_fixed_commission" time="0.316" /><testcase classname="tests.test_leamss_api.TestProducts" name="test_create_product_tiered_commission" time="0.302" /><testcase classname="tests.test_leamss_api.TestProducts" name="test_create_product_custom_commission" time="0.343" /><testcase classname="tests.test_leamss_api.TestProducts" name="test_verify_commission_types_in_products_list" time="0.300" /><testcase classname="tests.test_leamss_api.TestProducts" name="test_delete_test_products" time="0.422" /><testcase classname="tests.test_leamss_api.TestSalesApproval" name="test_get_pending_sales" time="0.301" /><testcase classname="tests.test_leamss_api.TestSalesApproval" name="test_get_partner_sales" time="0.330" /><testcase classname="tests.test_leamss_api.TestSalesApproval" name="test_get_case_managers" time="0.334" /><testcase classname="tests.test_leamss_api.TestCases" name="test_admin_get_all_cases" time="0.298" /><testcase classname="tests.test_leamss_api.TestCases" name="test_manager_get_my_cases" time="0.295" /><testcase classname="tests.test_leamss_api.TestCases" name="test_client_get_my_cases" time="0.336" /><testcase classname="tests.test_leamss_api.TestCases" name="test_case_has_workflow_steps" time="0.294" /><testcase classname="tests.test_leamss_api.TestDocuments" name="test_get_case_documents" time="0.355" /><testcase classname="tests.test_leamss_api.TestTickets" name="test_get_my_tickets" time="0.314" /><testcase classname="tests.test_leamss_api.TestTickets" name="test_admin_get_all_tickets" time="0.301" /><testcase classname="tests.test_leamss_api.TestNotifications" name="test_get_notifications" time="0.298" /><testcase classname="tests.test_leamss_api.TestDashboardStats" name="test_admin_dashboard_stats" time="0.320" /><testcase classname="tests.test_leamss_api.TestDashboardStats" name="test_partner_dashboard_stats" time="0.322" /><testcase classname="tests.test_leamss_api.TestDashboardStats" name="test_manager_dashboard_stats" time="0.299" /><testcase classname="tests.test_leamss_api.TestDashboardStats" name="test_client_dashboard_stats" time="0.370" /><testcase classname="tests.test_leamss_api.TestUserManagement" name="test_get_all_users" time="0.348" /></testsuite></testsuites>