<?xml version="1.0" encoding="utf-8"?><testsuites name="pytest tests"><testsuite name="pytest" errors="0" failures="0" skipped="0" tests="37" time="7.996" timestamp="2026-04-09T20:26:54.040543+00:00" hostname="agent-env-ddda26a5-0039-4bdf-be5b-72e8978514e2"><testcase classname="backend.tests.test_phase7_features.TestAuthentication" name="test_admin_login" time="0.492" /><testcase classname="backend.tests.test_phase7_features.TestAuthentication" name="test_case_manager_login" time="0.425" /><testcase classname="backend.tests.test_phase7_features.TestAuthentication" name="test_client_login" time="0.373" /><testcase classname="backend.tests.test_phase7_features.TestAuthentication" name="test_partner_login" time="0.372" /><testcase classname="backend.tests.test_phase7_features.TestCaseTimeline" name="test_get_case_timeline" time="0.628" /><testcase classname="backend.tests.test_phase7_features.TestCaseTimeline" name="test_timeline_event_structure" time="0.163" /><testcase classname="backend.tests.test_phase7_features.TestCaseTimeline" name="test_timeline_as_case_manager" time="0.554" /><testcase classname="backend.tests.test_phase7_features.TestCaseNotes" name="test_create_note_as_admin" time="0.122" /><testcase classname="backend.tests.test_phase7_features.TestCaseNotes" name="test_create_note_as_cm" time="0.173" /><testcase classname="backend.tests.test_phase7_features.TestCaseNotes" name="test_get_notes_for_case" time="0.115" /><testcase classname="backend.tests.test_phase7_features.TestCaseNotes" name="test_client_cannot_create_note" time="0.496" /><testcase classname="backend.tests.test_phase7_features.TestCaseTags" name="test_update_case_tags" time="0.111" /><testcase classname="backend.tests.test_phase7_features.TestCaseTags" name="test_get_case_tags" time="0.108" /><testcase classname="backend.tests.test_phase7_features.TestCannedResponses" name="test_create_canned_response" time="0.142" /><testcase classname="backend.tests.test_phase7_features.TestCannedResponses" name="test_list_canned_responses" time="0.132" /><testcase classname="backend.tests.test_phase7_features.TestCannedResponses" name="test_use_canned_response" time="0.225" /><testcase classname="backend.tests.test_phase7_features.TestCannedResponses" name="test_cm_can_create_response" time="0.122" /><testcase classname="backend.tests.test_phase7_features.TestReferrals" name="test_create_referral_as_client" time="0.157" /><testcase classname="backend.tests.test_phase7_features.TestReferrals" name="test_list_referrals_as_client" time="0.151" /><testcase classname="backend.tests.test_phase7_features.TestReferrals" name="test_list_referrals_as_admin" time="0.146" /><testcase classname="backend.tests.test_phase7_features.TestReferrals" name="test_update_referral_status" time="0.228" /><testcase classname="backend.tests.test_phase7_features.TestReferrals" name="test_referral_stats" time="0.122" /><testcase classname="backend.tests.test_phase7_features.TestGreetings" name="test_get_greeting_templates" time="0.152" /><testcase classname="backend.tests.test_phase7_features.TestGreetings" name="test_send_greeting_custom" time="0.117" /><testcase classname="backend.tests.test_phase7_features.TestGreetings" name="test_send_greeting_festival" time="0.122" /><testcase classname="backend.tests.test_phase7_features.TestGreetings" name="test_greeting_history" time="0.140" /><testcase classname="backend.tests.test_phase7_features.TestGreetings" name="test_client_cannot_send_greeting" time="0.124" /><testcase classname="backend.tests.test_phase7_features.TestConversionFunnel" name="test_conversion_funnel_admin" time="0.116" /><testcase classname="backend.tests.test_phase7_features.TestConversionFunnel" name="test_conversion_funnel_partner" time="0.460" /><testcase classname="backend.tests.test_phase7_features.TestConversionFunnel" name="test_conversion_funnel_client_restricted" time="0.118" /><testcase classname="backend.tests.test_phase7_features.TestCountryProductAnalytics" name="test_country_product_admin" time="0.118" /><testcase classname="backend.tests.test_phase7_features.TestCountryProductAnalytics" name="test_country_product_partner" time="0.132" /><testcase classname="backend.tests.test_phase7_features.TestCommissionAnalytics" name="test_commission_analytics_admin" time="0.140" /><testcase classname="backend.tests.test_phase7_features.TestCommissionAnalytics" name="test_commission_analytics_partner" time="0.127" /><testcase classname="backend.tests.test_phase7_features.TestCommissionAnalytics" name="test_commission_analytics_monthly_trend" time="0.147" /><testcase classname="backend.tests.test_phase7_features.TestSurveySubmit" name="test_survey_stats_admin" time="0.125" /><testcase classname="backend.tests.test_phase7_features.TestHealthEndpoint" name="test_health" time="0.183" /></testsuite></testsuites>