<?xml version="1.0" encoding="utf-8"?><testsuites name="pytest tests"><testsuite name="pytest" errors="0" failures="0" skipped="0" tests="28" time="24.619" timestamp="2026-04-17T19:38:32.095695+00:00" hostname="agent-env-ddda26a5-0039-4bdf-be5b-72e8978514e2"><testcase classname="backend.tests.test_iteration71_fee_calculator.TestAuthRequired" name="test_countries_requires_auth" time="17.679" /><testcase classname="backend.tests.test_iteration71_fee_calculator.TestAuthRequired" name="test_country_detail_requires_auth" time="0.135" /><testcase classname="backend.tests.test_iteration71_fee_calculator.TestAuthRequired" name="test_exchange_rates_requires_auth" time="0.124" /><testcase classname="backend.tests.test_iteration71_fee_calculator.TestAuthRequired" name="test_calculate_requires_auth" time="0.115" /><testcase classname="backend.tests.test_iteration71_fee_calculator.TestAuthRequired" name="test_save_estimate_requires_auth" time="0.124" /><testcase classname="backend.tests.test_iteration71_fee_calculator.TestAuthRequired" name="test_list_estimates_requires_auth" time="0.125" /><testcase classname="backend.tests.test_iteration71_fee_calculator.TestAuthRequired" name="test_delete_estimate_requires_auth" time="0.115" /><testcase classname="backend.tests.test_iteration71_fee_calculator.TestListCountries" name="test_list_countries_returns_20" time="0.471" /><testcase classname="backend.tests.test_iteration71_fee_calculator.TestListCountries" name="test_list_countries_all_roles" time="1.442" /><testcase classname="backend.tests.test_iteration71_fee_calculator.TestCountryDetail" name="test_canada_detail" time="0.112" /><testcase classname="backend.tests.test_iteration71_fee_calculator.TestCountryDetail" name="test_australia_detail" time="0.110" /><testcase classname="backend.tests.test_iteration71_fee_calculator.TestCountryDetail" name="test_uk_detail" time="0.103" /><testcase classname="backend.tests.test_iteration71_fee_calculator.TestCountryDetail" name="test_usa_detail" time="0.102" /><testcase classname="backend.tests.test_iteration71_fee_calculator.TestCountryDetail" name="test_invalid_country_returns_404" time="0.122" /><testcase classname="backend.tests.test_iteration71_fee_calculator.TestExchangeRates" name="test_exchange_rates_structure" time="0.262" /><testcase classname="backend.tests.test_iteration71_fee_calculator.TestCalculateFees" name="test_canada_express_entry_2_adults_1_child" time="0.111" /><testcase classname="backend.tests.test_iteration71_fee_calculator.TestCalculateFees" name="test_mandatory_only_flow" time="0.107" /><testcase classname="backend.tests.test_iteration71_fee_calculator.TestCalculateFees" name="test_optional_selection_via_include_optional_ids" time="0.222" /><testcase classname="backend.tests.test_iteration71_fee_calculator.TestCalculateFees" name="test_per_applicant_multiplier" time="0.249" /><testcase classname="backend.tests.test_iteration71_fee_calculator.TestCalculateFees" name="test_bad_country_returns_404" time="0.119" /><testcase classname="backend.tests.test_iteration71_fee_calculator.TestCalculateFees" name="test_bad_category_returns_404" time="0.109" /><testcase classname="backend.tests.test_iteration71_fee_calculator.TestSaveAndListEstimates" name="test_save_estimate_and_list" time="0.343" /><testcase classname="backend.tests.test_iteration71_fee_calculator.TestSaveAndListEstimates" name="test_list_estimates_with_case_id_filter" time="0.379" /><testcase classname="backend.tests.test_iteration71_fee_calculator.TestDeleteEstimate" name="test_creator_can_delete_own_estimate" time="0.263" /><testcase classname="backend.tests.test_iteration71_fee_calculator.TestDeleteEstimate" name="test_admin_can_delete_any_estimate" time="0.228" /><testcase classname="backend.tests.test_iteration71_fee_calculator.TestDeleteEstimate" name="test_non_creator_non_admin_gets_403" time="0.383" /><testcase classname="backend.tests.test_iteration71_fee_calculator.TestDeleteEstimate" name="test_delete_nonexistent_returns_404" time="0.122" /><testcase classname="backend.tests.test_iteration71_fee_calculator.TestPartnerVisibility" name="test_partner_sees_only_own_estimates" time="0.737" /></testsuite></testsuites>