<?xml version="1.0" encoding="utf-8"?><testsuites name="pytest tests"><testsuite name="pytest" errors="0" failures="0" skipped="0" tests="15" time="3.341" timestamp="2026-04-12T10:06:26.326097+00:00" hostname="agent-env-ddda26a5-0039-4bdf-be5b-72e8978514e2"><testcase classname="backend.tests.test_iteration53_payment_reminders.TestPaymentRemindersAPI" name="test_get_pending_payments_returns_items_and_stats" time="0.801" /><testcase classname="backend.tests.test_iteration53_payment_reminders.TestPaymentRemindersAPI" name="test_stats_has_required_fields" time="0.116" /><testcase classname="backend.tests.test_iteration53_payment_reminders.TestPaymentRemindersAPI" name="test_pending_item_has_required_fields" time="0.126" /><testcase classname="backend.tests.test_iteration53_payment_reminders.TestPaymentRemindersAPI" name="test_pending_payments_sorted_by_urgency" time="0.125" /><testcase classname="backend.tests.test_iteration53_payment_reminders.TestPaymentRemindersAPI" name="test_pending_payments_requires_admin" time="0.104" /><testcase classname="backend.tests.test_iteration53_payment_reminders.TestPaymentRemindersAPI" name="test_send_reminder_quick_remind" time="0.233" /><testcase classname="backend.tests.test_iteration53_payment_reminders.TestPaymentRemindersAPI" name="test_send_reminder_with_custom_message" time="0.238" /><testcase classname="backend.tests.test_iteration53_payment_reminders.TestPaymentRemindersAPI" name="test_send_reminder_invalid_sale_id" time="0.094" /><testcase classname="backend.tests.test_iteration53_payment_reminders.TestPaymentRemindersAPI" name="test_send_reminder_requires_admin" time="0.248" /><testcase classname="backend.tests.test_iteration53_payment_reminders.TestPaymentRemindersAPI" name="test_bulk_send_reminders" time="0.112" /><testcase classname="backend.tests.test_iteration53_payment_reminders.TestPaymentRemindersAPI" name="test_bulk_send_requires_admin" time="0.093" /><testcase classname="backend.tests.test_iteration53_payment_reminders.TestPaymentRemindersAPI" name="test_get_reminder_history" time="0.102" /><testcase classname="backend.tests.test_iteration53_payment_reminders.TestPaymentRemindersAPI" name="test_history_requires_admin" time="0.103" /><testcase classname="backend.tests.test_iteration53_payment_reminders.TestPaymentRemindersAPI" name="test_reminder_count_increments_after_send" time="0.358" /><testcase classname="backend.tests.test_iteration53_payment_reminders.TestPaymentRemindersAPI" name="test_history_updated_after_send" time="0.435" /></testsuite></testsuites>