<?xml version="1.0" encoding="utf-8"?><testsuites name="pytest tests"><testsuite name="pytest" errors="0" failures="0" skipped="0" tests="14" time="29.710" timestamp="2026-04-22T22:44:38.032699+00:00" hostname="agent-env-ddda26a5-0039-4bdf-be5b-72e8978514e2"><testcase classname="backend.tests.test_iteration80_filter_flows.TestCleanDBState" name="test_admin_login_works" time="19.956" /><testcase classname="backend.tests.test_iteration80_filter_flows.TestCleanDBState" name="test_partner_login_works" time="0.675" /><testcase classname="backend.tests.test_iteration80_filter_flows.TestCleanDBState" name="test_partner_my_assessments_empty" time="0.791" /><testcase classname="backend.tests.test_iteration80_filter_flows.TestCleanDBState" name="test_admin_queue_empty" time="0.789" /><testcase classname="backend.tests.test_iteration80_filter_flows.TestCleanDBState" name="test_cases_empty" time="0.783" /><testcase classname="backend.tests.test_iteration80_filter_flows.TestCleanDBState" name="test_seeded_users_exist" time="0.814" /><testcase classname="backend.tests.test_iteration80_filter_flows.TestCleanDBState" name="test_products_preserved" time="0.845" /><testcase classname="backend.tests.test_iteration80_filter_flows.TestCleanDBState" name="test_upsell_bundles_preserved" time="0.837" /><testcase classname="backend.tests.test_iteration80_filter_flows.TestCleanDBState" name="test_fee_database_preserved" time="0.789" /><testcase classname="backend.tests.test_iteration80_filter_flows.TestCleanDBState" name="test_promo_codes_preserved" time="0.788" /><testcase classname="backend.tests.test_iteration80_filter_flows.TestPreAssessmentStatsEndpoint" name="test_stats_overview" time="0.443" /><testcase classname="backend.tests.test_iteration80_filter_flows.TestAIProposalClaude" name="test_ai_proposal_model" time="0.455" /><testcase classname="backend.tests.test_iteration80_filter_flows.TestDashboardStats" name="test_admin_dashboard_stats" time="0.802" /><testcase classname="backend.tests.test_iteration80_filter_flows.TestDashboardStats" name="test_partner_dashboard_stats" time="0.878" /></testsuite></testsuites>