<?xml version="1.0" encoding="utf-8"?><testsuites name="pytest tests"><testsuite name="pytest" errors="0" failures="0" skipped="0" tests="25" time="77.942" timestamp="2026-04-17T20:44:28.808664+00:00" hostname="agent-env-ddda26a5-0039-4bdf-be5b-72e8978514e2"><testcase classname="backend.tests.test_iteration73_fee_catalog_crud.TestFeeCatalogAdminCRUD" name="test_admin_reseed_catalog" time="0.528" /><testcase classname="backend.tests.test_iteration73_fee_catalog_crud.TestFeeCatalogAdminCRUD" name="test_admin_get_catalog" time="0.170" /><testcase classname="backend.tests.test_iteration73_fee_catalog_crud.TestFeeCatalogAdminCRUD" name="test_admin_catalog_non_admin_403" time="0.494" /><testcase classname="backend.tests.test_iteration73_fee_catalog_crud.TestFeeCatalogAdminCRUD" name="test_admin_catalog_no_token_unauthorized" time="0.118" /><testcase classname="backend.tests.test_iteration73_fee_catalog_crud.TestFeeCatalogAdminCRUD" name="test_admin_create_country" time="0.291" /><testcase classname="backend.tests.test_iteration73_fee_catalog_crud.TestFeeCatalogAdminCRUD" name="test_admin_create_country_duplicate_409" time="0.121" /><testcase classname="backend.tests.test_iteration73_fee_catalog_crud.TestFeeCatalogAdminCRUD" name="test_admin_update_country_meta" time="0.457" /><testcase classname="backend.tests.test_iteration73_fee_catalog_crud.TestFeeCatalogAdminCRUD" name="test_admin_update_country_404" time="0.137" /><testcase classname="backend.tests.test_iteration73_fee_catalog_crud.TestFeeCatalogAdminCRUD" name="test_admin_delete_country" time="0.483" /><testcase classname="backend.tests.test_iteration73_fee_catalog_crud.TestFeeCatalogAdminCRUD" name="test_admin_add_category" time="0.242" /><testcase classname="backend.tests.test_iteration73_fee_catalog_crud.TestFeeCatalogAdminCRUD" name="test_admin_add_category_duplicate_409" time="0.110" /><testcase classname="backend.tests.test_iteration73_fee_catalog_crud.TestFeeCatalogAdminCRUD" name="test_admin_update_category" time="0.377" /><testcase classname="backend.tests.test_iteration73_fee_catalog_crud.TestFeeCatalogAdminCRUD" name="test_admin_update_category_404" time="0.122" /><testcase classname="backend.tests.test_iteration73_fee_catalog_crud.TestFeeCatalogAdminCRUD" name="test_admin_delete_category" time="0.234" /><testcase classname="backend.tests.test_iteration73_fee_catalog_crud.TestFeeCatalogAdminCRUD" name="test_admin_delete_category_nonexistent" time="0.109" /><testcase classname="backend.tests.test_iteration73_fee_catalog_crud.TestFeeCatalogAdminCRUD" name="test_countries_all_roles_access" time="0.745" /><testcase classname="backend.tests.test_iteration73_fee_catalog_crud.TestFeeCatalogAdminCRUD" name="test_country_detail_backward_compat" time="0.108" /><testcase classname="backend.tests.test_iteration73_fee_catalog_crud.TestFeeCatalogAdminCRUD" name="test_calculate_with_overrides" time="0.271" /><testcase classname="backend.tests.test_iteration73_fee_catalog_crud.TestFeeCatalogAdminCRUD" name="test_calculate_with_extra_lines" time="0.138" /><testcase classname="backend.tests.test_iteration73_fee_catalog_crud.TestFeeCatalogAdminCRUD" name="test_calculate_math_with_overrides" time="0.254" /><testcase classname="backend.tests.test_iteration73_fee_catalog_crud.TestFeeCatalogAdminCRUD" name="test_non_admin_cannot_access_admin_endpoints" time="1.838" /><testcase classname="backend.tests.test_iteration73_fee_catalog_crud.TestFeeCatalogAdminCRUD" name="test_no_token_unauthorized_on_admin_endpoints" time="1.015" /><testcase classname="backend.tests.test_iteration73_fee_catalog_crud.TestFeeCatalogAdminCRUD" name="test_new_country_appears_in_countries_list" time="68.459" /><testcase classname="backend.tests.test_iteration73_fee_catalog_crud.TestFeeCatalogAdminCRUD" name="test_deleted_country_removed_from_list" time="0.516" /><testcase classname="backend.tests.test_iteration73_fee_catalog_crud.TestFeeCatalogAdminCRUD" name="test_reseed_restores_clean_state" time="0.503" /></testsuite></testsuites>