<?xml version="1.0" encoding="utf-8"?><testsuites name="pytest tests"><testsuite name="pytest" errors="0" failures="1" skipped="0" tests="43" time="57.780" timestamp="2026-05-16T19:20:07.643896+00:00" hostname="agent-env-f3914c7c-9917-4323-8543-c47577c5680e"><testcase classname="backend.tests.test_phase4d_unification" name="test_login_all_roles[creds0-admin]" time="0.349" /><testcase classname="backend.tests.test_phase4d_unification" name="test_login_all_roles[creds1-partner]" time="0.329" /><testcase classname="backend.tests.test_phase4d_unification" name="test_login_all_roles[creds2-cm]" time="0.340" /><testcase classname="backend.tests.test_phase4d_unification" name="test_login_all_roles[creds3-sexec]" time="0.328" /><testcase classname="backend.tests.test_phase4d_unification" name="test_login_all_roles[creds4-client]" time="0.328" /><testcase classname="backend.tests.test_phase4d_unification.TestPeopleList" name="test_list_people_basic" time="0.441" /><testcase classname="backend.tests.test_phase4d_unification.TestPeopleList" name="test_list_filter_person_type" time="0.105" /><testcase classname="backend.tests.test_phase4d_unification.TestPeopleList" name="test_list_filter_search" time="0.110" /><testcase classname="backend.tests.test_phase4d_unification.TestPeopleList" name="test_list_filter_status_active" time="0.115" /><testcase classname="backend.tests.test_phase4d_unification.TestPeopleStats" name="test_stats_shape" time="0.108" /><testcase classname="backend.tests.test_phase4d_unification.TestPeopleStats" name="test_stats_has_expected_types" time="0.112" /><testcase classname="backend.tests.test_phase4d_unification.TestPeopleRBAC" name="test_partner_forbidden_list" time="0.463" /><testcase classname="backend.tests.test_phase4d_unification.TestPeopleRBAC" name="test_partner_forbidden_stats" time="0.122" /><testcase classname="backend.tests.test_phase4d_unification.TestPeopleRBAC" name="test_partner_forbidden_post" time="0.114" /><testcase classname="backend.tests.test_phase4d_unification.TestPeopleGet" name="test_get_404" time="0.107" /><testcase classname="backend.tests.test_phase4d_unification.TestPeopleGet" name="test_get_admin_self" time="0.205" /><testcase classname="backend.tests.test_phase4d_unification.TestPeopleAdd" name="test_add_employee_internal_missing_role_400" time="0.107" /><testcase classname="backend.tests.test_phase4d_unification.TestPeopleAdd" name="test_add_employee_internal_ok" time="0.458" /><testcase classname="backend.tests.test_phase4d_unification.TestPeopleAdd" name="test_add_duplicate_email_409" time="0.112" /><testcase classname="backend.tests.test_phase4d_unification.TestPeopleAdd" name="test_add_partner_external" time="0.442" /><testcase classname="backend.tests.test_phase4d_unification.TestPeopleAdd" name="test_add_vendor_missing_category_400" time="0.106" /><testcase classname="backend.tests.test_phase4d_unification.TestPeopleAdd" name="test_add_vendor_internal_case_manager_creates_linked_user" time="0.807" /><testcase classname="backend.tests.test_phase4d_unification.TestPeopleAdd" name="test_add_vendor_internal_sales_commission_creates_linked_user" time="0.343" /><testcase classname="backend.tests.test_phase4d_unification.TestPeopleAdd" name="test_add_vendor_external" time="0.218" /><testcase classname="backend.tests.test_phase4d_unification.TestPeopleLifecycle" name="test_patch_name_and_role" time="0.552" /><testcase classname="backend.tests.test_phase4d_unification.TestPeopleLifecycle" name="test_deactivate_reactivate" time="0.761" /><testcase classname="backend.tests.test_phase4d_unification.TestPeopleLifecycle" name="test_deactivate_cascades_to_linked_vendor" time="0.570" /><testcase classname="backend.tests.test_phase4d_unification.TestPeopleLifecycle" name="test_reset_password" time="1.013" /><testcase classname="backend.tests.test_phase4d_unification.TestPeopleLifecycle" name="test_reset_password_vendor_only_404" time="0.328" /><testcase classname="backend.tests.test_phase4d_unification.TestFinanceDashboard" name="test_sales_commission_all" time="0.139" /><testcase classname="backend.tests.test_phase4d_unification.TestFinanceDashboard" name="test_sales_commission_leaderboard" time="0.101" /><testcase classname="backend.tests.test_phase4d_unification.TestFinanceDashboard" name="test_payouts_queue" time="0.111" /><testcase classname="backend.tests.test_phase4d_unification.TestFinanceDashboard" name="test_payouts_stats" time="0.101" /><testcase classname="backend.tests.test_phase4d_unification.TestExpressSaleModes" name="test_express_token_mode_ok" time="0.286" /><testcase classname="backend.tests.test_phase4d_unification.TestExpressSaleModes" name="test_express_direct_mode_ok" time="0.185" /><testcase classname="backend.tests.test_phase4d_unification.TestExpressSaleModes" name="test_express_token_missing_amount_400" time="0.114" /><testcase classname="backend.tests.test_phase4d_unification.TestExpressSaleModes" name="test_express_invalid_mode_400" time="30.032"><failure message="requests.exceptions.ConnectTimeout: HTTPSConnectionPool(host='staff-dashboard-66.preview.emergentagent.com', port=443): Max retries exceeded with url: /api/pre-assessment/create (Caused by ConnectTimeoutError(&lt;HTTPSConnection(host='staff-dashboard-66.preview.emergentagent.com', port=443) at 0xfd6a9103c310&gt;, 'Connection to staff-dashboard-66.preview.emergentagent.com timed out. (connect timeout=15)'))">E   TimeoutError: timed out

The above exception was the direct cause of the following exception:
E   urllib3.exceptions.ConnectTimeoutError: (&lt;HTTPSConnection(host='staff-dashboard-66.preview.emergentagent.com', port=443) at 0xfd6a9103c310&gt;, 'Connection to staff-dashboard-66.preview.emergentagent.com timed out. (connect timeout=15)')

The above exception was the direct cause of the following exception:
E   urllib3.exceptions.MaxRetryError: HTTPSConnectionPool(host='staff-dashboard-66.preview.emergentagent.com', port=443): Max retries exceeded with url: /api/pre-assessment/create (Caused by ConnectTimeoutError(&lt;HTTPSConnection(host='staff-dashboard-66.preview.emergentagent.com', port=443) at 0xfd6a9103c310&gt;, 'Connection to staff-dashboard-66.preview.emergentagent.com timed out. (connect timeout=15)'))

During handling of the above exception, another exception occurred:
E   requests.exceptions.ConnectTimeout: HTTPSConnectionPool(host='staff-dashboard-66.preview.emergentagent.com', port=443): Max retries exceeded with url: /api/pre-assessment/create (Caused by ConnectTimeoutError(&lt;HTTPSConnection(host='staff-dashboard-66.preview.emergentagent.com', port=443) at 0xfd6a9103c310&gt;, 'Connection to staff-dashboard-66.preview.emergentagent.com timed out. (connect timeout=15)'))</failure></testcase><testcase classname="backend.tests.test_phase4d_unification.TestExpressSaleModes" name="test_express_token_zero_400" time="3.513" /><testcase classname="backend.tests.test_phase4d_unification.TestExpressSaleModes" name="test_express_public_link_exposes_mode" time="3.334" /><testcase classname="backend.tests.test_phase4d_unification.TestRegression" name="test_slab_create_and_delete" time="8.403" /><testcase classname="backend.tests.test_phase4d_unification.TestRegression" name="test_product_preview_empty_allocations" time="1.313" /><testcase classname="backend.tests.test_phase4d_unification.TestRegression" name="test_cm_earnings_my" time="0.478" /><testcase classname="backend.tests.test_phase4d_unification.TestRegression" name="test_dispute_endpoints_rbac" time="0.106" /></testsuite></testsuites>