<?xml version="1.0" encoding="utf-8"?><testsuites name="pytest tests"><testsuite name="pytest" errors="0" failures="3" skipped="0" tests="36" time="19.080" timestamp="2026-05-14T07:42:59.698061+00:00" hostname="agent-env-f3914c7c-9917-4323-8543-c47577c5680e"><testcase classname="backend.tests.test_phase4c5_4c6_4c7.TestRegression" name="test_logins_all_roles" time="12.940" /><testcase classname="backend.tests.test_phase4c5_4c6_4c7.TestRegression" name="test_cost_structures" time="0.220" /><testcase classname="backend.tests.test_phase4c5_4c6_4c7.TestRegression" name="test_vendors_list" time="0.130" /><testcase classname="backend.tests.test_phase4c5_4c6_4c7.TestRegression" name="test_sales_commission_slabs" time="0.127" /><testcase classname="backend.tests.test_phase4c5_4c6_4c7.TestRegression" name="test_sales_commission_my_partner" time="0.124" /><testcase classname="backend.tests.test_phase4c5_4c6_4c7.TestRegression" name="test_sales_commission_all_admin" time="0.122" /><testcase classname="backend.tests.test_phase4c5_4c6_4c7.TestRegression" name="test_sales_commission_leaderboard" time="0.136" /><testcase classname="backend.tests.test_phase4c5_4c6_4c7.TestCMEarnings" name="test_my_as_cm" time="0.199" /><testcase classname="backend.tests.test_phase4c5_4c6_4c7.TestCMEarnings" name="test_my_only_case_manager_category" time="0.125" /><testcase classname="backend.tests.test_phase4c5_4c6_4c7.TestCMEarnings" name="test_my_admin_forbidden" time="0.111" /><testcase classname="backend.tests.test_phase4c5_4c6_4c7.TestCMEarnings" name="test_my_partner_forbidden" time="0.119" /><testcase classname="backend.tests.test_phase4c5_4c6_4c7.TestCMEarnings" name="test_my_sexec_forbidden" time="0.127" /><testcase classname="backend.tests.test_phase4c5_4c6_4c7.TestCMEarnings" name="test_my_client_forbidden" time="0.120" /><testcase classname="backend.tests.test_phase4c5_4c6_4c7.TestCMEarnings" name="test_my_period_filter_current" time="0.121" /><testcase classname="backend.tests.test_phase4c5_4c6_4c7.TestCMEarnings" name="test_my_period_filter_old" time="0.115" /><testcase classname="backend.tests.test_phase4c5_4c6_4c7.TestVendorPortalAcceptInvite" name="test_accept_invite_invalid_token" time="0.117" /><testcase classname="backend.tests.test_phase4c5_4c6_4c7.TestVendorPortalAcceptInvite" name="test_accept_invite_weak_password" time="0.554" /><testcase classname="backend.tests.test_phase4c5_4c6_4c7.TestVendorPortalAcceptInvite" name="test_accept_invite_success" time="0.353" /><testcase classname="backend.tests.test_phase4c5_4c6_4c7.TestVendorPortalAcceptInvite" name="test_accept_invite_reuse_410" time="0.118" /><testcase classname="backend.tests.test_phase4c5_4c6_4c7.TestVendorPortalSelfService" name="test_me_returns_full_bank_details" time="0.519" /><testcase classname="backend.tests.test_phase4c5_4c6_4c7.TestVendorPortalSelfService" name="test_me_non_vendor_404" time="0.148" /><testcase classname="backend.tests.test_phase4c5_4c6_4c7.TestVendorPortalSelfService" name="test_my_assignments_empty_ok" time="0.140" /><testcase classname="backend.tests.test_phase4c5_4c6_4c7.TestVendorPortalSelfService" name="test_my_payments_empty_ok" time="0.116" /><testcase classname="backend.tests.test_phase4c5_4c6_4c7.TestVendorPortalSelfService" name="test_patch_me" time="0.248" /><testcase classname="backend.tests.test_phase4c5_4c6_4c7.TestPayoutsQueue" name="test_queue_admin" time="0.188" /><testcase classname="backend.tests.test_phase4c5_4c6_4c7.TestPayoutsQueue" name="test_queue_status_filter" time="0.136" /><testcase classname="backend.tests.test_phase4c5_4c6_4c7.TestPayoutsQueue" name="test_queue_non_admin_403" time="0.121" /><testcase classname="backend.tests.test_phase4c5_4c6_4c7.TestPayoutsQueue" name="test_stats_admin" time="0.113" /><testcase classname="backend.tests.test_phase4c5_4c6_4c7.TestPayoutsQueue" name="test_stats_non_admin_403" time="0.141" /><testcase classname="backend.tests.test_phase4c5_4c6_4c7.TestPayoutsBulkActions" name="test_bulk_approve_skips_unassigned" time="0.123"><failure message="AssertionError: expected 1 approved, got {'ok': True, 'approved': 0, 'failed': 2, 'errors': ['TESTPA_PAYOUT_cb490dbd/f920b083-cd7b-4850-9507-d078c5102d7b: not in pending state or unassigned', 'TESTPA_PAYOUT_cb490dbd/1e85775f-2c56-4564-823a-a88009e411db: not in pending state or unassigned']}&#10;assert 0 == 1">backend/tests/test_phase4c5_4c6_4c7.py:504: in test_bulk_approve_skips_unassigned
    assert data["approved"] == 1, f"expected 1 approved, got {data}"
E   AssertionError: expected 1 approved, got {'ok': True, 'approved': 0, 'failed': 2, 'errors': ['TESTPA_PAYOUT_cb490dbd/f920b083-cd7b-4850-9507-d078c5102d7b: not in pending state or unassigned', 'TESTPA_PAYOUT_cb490dbd/1e85775f-2c56-4564-823a-a88009e411db: not in pending state or unassigned']}
E   assert 0 == 1</failure></testcase><testcase classname="backend.tests.test_phase4c5_4c6_4c7.TestPayoutsBulkActions" name="test_bulk_mark_paid_with_ref" time="0.116"><failure message="assert 0 &gt;= 1">backend/tests/test_phase4c5_4c6_4c7.py:516: in test_bulk_mark_paid_with_ref
    assert data["paid"] &gt;= 1
E   assert 0 &gt;= 1</failure></testcase><testcase classname="backend.tests.test_phase4c5_4c6_4c7.TestPayoutsBulkActions" name="test_bulk_mark_paid_auto_ref" time="0.139" /><testcase classname="backend.tests.test_phase4c5_4c6_4c7.TestPayoutsBulkActions" name="test_bulk_approve_non_admin_403" time="0.126" /><testcase classname="backend.tests.test_phase4c5_4c6_4c7.TestNEFTCSV" name="test_neft_csv_admin" time="0.133" /><testcase classname="backend.tests.test_phase4c5_4c6_4c7.TestNEFTCSV" name="test_neft_csv_non_admin_403" time="0.175" /><testcase classname="backend.tests.test_phase4c5_4c6_4c7.TestIntegrationFullFlow" name="test_e2e_admin_approve_paid_csv_cm_dashboard" time="0.267"><failure message="assert 1 == 2">backend/tests/test_phase4c5_4c6_4c7.py:693: in test_e2e_admin_approve_paid_csv_cm_dashboard
    assert r1.json()["approved"] == 2
E   assert 1 == 2</failure></testcase></testsuite></testsuites>