<?xml version="1.0" encoding="utf-8"?><testsuites name="pytest tests"><testsuite name="pytest" errors="0" failures="0" skipped="1" tests="12" time="37.567" timestamp="2026-05-08T14:11:56.465827+00:00" hostname="agent-env-ddda26a5-0039-4bdf-be5b-72e8978514e2"><testcase classname="backend.tests.test_iteration90_pa_edit_bugfix.TestPAEditDetailsEndpoint" name="test_edit_pa_details_partner_own_pa" time="33.117" /><testcase classname="backend.tests.test_iteration90_pa_edit_bugfix.TestPAEditDetailsEndpoint" name="test_edit_pa_details_no_change" time="0.259" /><testcase classname="backend.tests.test_iteration90_pa_edit_bugfix.TestPAEditDetailsEndpoint" name="test_edit_pa_details_admin_any_pa" time="0.721" /><testcase classname="backend.tests.test_iteration90_pa_edit_bugfix.TestPAEditDetailsEndpoint" name="test_edit_pa_details_client_forbidden" time="0.645" /><testcase classname="backend.tests.test_iteration90_pa_edit_bugfix.TestPAEditDetailsEndpoint" name="test_edit_pa_details_locked_case_created" time="0.270" /><testcase classname="backend.tests.test_iteration90_pa_edit_bugfix.TestPAEditDetailsEndpoint" name="test_edit_pa_partner_not_owner_forbidden" time="0.282" /><testcase classname="backend.tests.test_iteration90_pa_edit_bugfix.TestForwardToAdminBugFix" name="test_forward_to_admin_endpoint_exists" time="0.288" /><testcase classname="backend.tests.test_iteration90_pa_edit_bugfix.TestSendProposalRegression" name="test_send_proposal_endpoint" time="0.912" /><testcase classname="backend.tests.test_iteration90_pa_edit_bugfix.TestSubmitFinalRegression" name="test_submit_final_endpoint" time="0.187"><skipped type="pytest.skip" message="No proposal_paid PA found for final submit test">/app/backend/tests/test_iteration90_pa_edit_bugfix.py:337: No proposal_paid PA found for final submit test</skipped></testcase><testcase classname="backend.tests.test_iteration90_pa_edit_bugfix.TestEditPAMultipleFields" name="test_edit_multiple_fields" time="0.423" /><testcase classname="backend.tests.test_iteration90_pa_edit_bugfix.TestEditPAValidation" name="test_edit_empty_payload_rejected" time="0.263" /><testcase classname="backend.tests.test_iteration90_pa_edit_bugfix.TestEditPAValidation" name="test_edit_nonexistent_pa" time="0.132" /></testsuite></testsuites>