<?xml version="1.0" encoding="utf-8"?><testsuites name="pytest tests"><testsuite name="pytest" errors="0" failures="0" skipped="0" tests="19" time="5.258" timestamp="2026-01-17T11:55:50.613167+00:00" hostname="agent-env-0050636d-cebd-4292-b2df-8b91ae233792"><testcase classname="tests.test_delete_permissions.TestDeletePermissions" name="test_admin_can_login" time="0.302" /><testcase classname="tests.test_delete_permissions.TestDeletePermissions" name="test_admin_can_access_users_list" time="0.272" /><testcase classname="tests.test_delete_permissions.TestDeletePermissions" name="test_admin_can_access_products_list" time="0.279" /><testcase classname="tests.test_delete_permissions.TestDeletePermissions" name="test_case_manager_can_login" time="0.262" /><testcase classname="tests.test_delete_permissions.TestDeletePermissions" name="test_case_manager_cannot_delete_user" time="0.272" /><testcase classname="tests.test_delete_permissions.TestDeletePermissions" name="test_case_manager_cannot_delete_product" time="0.265" /><testcase classname="tests.test_delete_permissions.TestDeletePermissions" name="test_case_manager_cannot_access_users_list" time="0.265" /><testcase classname="tests.test_delete_permissions.TestDeletePermissions" name="test_partner_can_login" time="0.255" /><testcase classname="tests.test_delete_permissions.TestDeletePermissions" name="test_partner_cannot_delete_user" time="0.261" /><testcase classname="tests.test_delete_permissions.TestDeletePermissions" name="test_partner_cannot_delete_product" time="0.262" /><testcase classname="tests.test_delete_permissions.TestDeletePermissions" name="test_client_can_login" time="0.257" /><testcase classname="tests.test_delete_permissions.TestDeletePermissions" name="test_client_cannot_delete_user" time="0.307" /><testcase classname="tests.test_delete_permissions.TestDeletePermissions" name="test_client_cannot_delete_product" time="0.263" /><testcase classname="tests.test_delete_permissions.TestTicketAPI" name="test_client_can_get_tickets" time="0.266" /><testcase classname="tests.test_delete_permissions.TestTicketAPI" name="test_case_manager_can_get_tickets" time="0.271" /><testcase classname="tests.test_delete_permissions.TestTicketAPI" name="test_partner_can_get_tickets" time="0.265" /><testcase classname="tests.test_delete_permissions.TestTicketAPI" name="test_ticket_detail_endpoint" time="0.279" /><testcase classname="tests.test_delete_permissions.TestNotificationAPI" name="test_client_can_get_notifications" time="0.261" /><testcase classname="tests.test_delete_permissions.TestNotificationAPI" name="test_notification_has_related_id_for_navigation" time="0.268" /></testsuite></testsuites>