<?xml version="1.0" encoding="utf-8"?><testsuites name="pytest tests"><testsuite name="pytest" errors="0" failures="0" skipped="1" tests="19" time="124.980" timestamp="2026-05-08T12:33:35.363097+00:00" hostname="agent-env-ddda26a5-0039-4bdf-be5b-72e8978514e2"><testcase classname="backend.tests.test_iteration89_new_features.TestEligibilityPublic" name="test_get_pathways_returns_8_pathways" time="0.261" /><testcase classname="backend.tests.test_iteration89_new_features.TestEligibilityPublic" name="test_score_eligibility_valid_profile" time="46.013" /><testcase classname="backend.tests.test_iteration89_new_features.TestEligibilityPublic" name="test_score_eligibility_with_consent_captures_lead" time="37.319" /><testcase classname="backend.tests.test_iteration89_new_features.TestEligibilityPublic" name="test_share_score_public_access" time="39.546" /><testcase classname="backend.tests.test_iteration89_new_features.TestEligibilityPublic" name="test_share_score_not_found" time="0.066" /><testcase classname="backend.tests.test_iteration89_new_features.TestVisaComparePublic" name="test_get_pathways_returns_8_seeded" time="0.060" /><testcase classname="backend.tests.test_iteration89_new_features.TestVisaComparePublic" name="test_compare_3_pathways" time="0.057" /><testcase classname="backend.tests.test_iteration89_new_features.TestVisaComparePublic" name="test_compare_requires_2_pathways" time="0.052" /><testcase classname="backend.tests.test_iteration89_new_features.TestVisaComparePublic" name="test_compare_max_4_pathways" time="0.052" /><testcase classname="backend.tests.test_iteration89_new_features.TestVisaCompareAdmin" name="test_update_pathway_as_admin" time="0.355" /><testcase classname="backend.tests.test_iteration89_new_features.TestVisaCompareAdmin" name="test_update_pathway_non_admin_forbidden" time="0.334" /><testcase classname="backend.tests.test_iteration89_new_features.TestVisaCompareAdmin" name="test_reseed_pathways_admin_only" time="0.058" /><testcase classname="backend.tests.test_iteration89_new_features.TestVisaCompareAdmin" name="test_reseed_pathways_non_admin_forbidden" time="0.054" /><testcase classname="backend.tests.test_iteration89_new_features.TestDocExpiryTracker" name="test_upcoming_as_admin" time="0.055" /><testcase classname="backend.tests.test_iteration89_new_features.TestDocExpiryTracker" name="test_check_now_idempotent" time="0.111" /><testcase classname="backend.tests.test_iteration89_new_features.TestDocExpiryTracker" name="test_set_pa_doc_expiry" time="0.053"><skipped type="pytest.skip" message="No pre-assessments available">/app/backend/tests/test_iteration89_new_features.py:322: No pre-assessments available</skipped></testcase><testcase classname="backend.tests.test_iteration89_new_features.TestDocExpiryTracker" name="test_upcoming_role_scoping_partner" time="0.053" /><testcase classname="backend.tests.test_iteration89_new_features.TestDocExpiryTracker" name="test_upcoming_role_scoping_client" time="0.330" /><testcase classname="backend.tests.test_iteration89_new_features.TestHealthCheck" name="test_api_health" time="0.065" /></testsuite></testsuites>