<?xml version="1.0" encoding="utf-8"?><testsuites name="pytest tests"><testsuite name="pytest" errors="0" failures="0" skipped="0" tests="13" time="52.035" timestamp="2026-04-15T20:26:21.294312+00:00" hostname="agent-env-ddda26a5-0039-4bdf-be5b-72e8978514e2"><testcase classname="backend.tests.test_iteration57_unified_doc_view.TestUnifiedDocumentView" name="test_admin_login" time="48.953" /><testcase classname="backend.tests.test_iteration57_unified_doc_view.TestUnifiedDocumentView" name="test_cm_login" time="0.499" /><testcase classname="backend.tests.test_iteration57_unified_doc_view.TestUnifiedDocumentView" name="test_client_login" time="0.376" /><testcase classname="backend.tests.test_iteration57_unified_doc_view.TestUnifiedDocumentView" name="test_test_sale_client_login" time="0.371" /><testcase classname="backend.tests.test_iteration57_unified_doc_view.TestUnifiedDocumentView" name="test_client_get_cases" time="0.161" /><testcase classname="backend.tests.test_iteration57_unified_doc_view.TestUnifiedDocumentView" name="test_step_documents_api_returns_merged_data" time="0.167" /><testcase classname="backend.tests.test_iteration57_unified_doc_view.TestUnifiedDocumentView" name="test_step_documents_include_admin_defaults" time="0.158" /><testcase classname="backend.tests.test_iteration57_unified_doc_view.TestUnifiedDocumentView" name="test_step_documents_include_legacy_additional_requests" time="0.163" /><testcase classname="backend.tests.test_iteration57_unified_doc_view.TestUnifiedDocumentView" name="test_test_sale_client_step_documents" time="0.316" /><testcase classname="backend.tests.test_iteration57_unified_doc_view.TestUnifiedDocumentView" name="test_cm_can_request_step_document" time="0.316" /><testcase classname="backend.tests.test_iteration57_unified_doc_view.TestUnifiedDocumentView" name="test_cm_can_request_additional_document" time="0.170" /><testcase classname="backend.tests.test_iteration57_unified_doc_view.TestUnifiedDocumentView" name="test_admin_products_have_workflow_steps" time="0.172" /><testcase classname="backend.tests.test_iteration57_unified_doc_view.TestUnifiedDocumentView" name="test_admin_workflow_step_documents_persist" time="0.145" /></testsuite></testsuites>