<?xml version="1.0" encoding="utf-8"?><testsuites name="pytest tests"><testsuite name="pytest" errors="0" failures="0" skipped="0" tests="43" time="28.449" timestamp="2026-05-14T13:11:34.037472+00:00" hostname="agent-env-f3914c7c-9917-4323-8543-c47577c5680e"><testcase classname="backend.tests.test_phase4d_unification" name="test_login_all_roles[creds0-admin]" time="0.411" /><testcase classname="backend.tests.test_phase4d_unification" name="test_login_all_roles[creds1-partner]" time="15.360" /><testcase classname="backend.tests.test_phase4d_unification" name="test_login_all_roles[creds2-cm]" time="0.411" /><testcase classname="backend.tests.test_phase4d_unification" name="test_login_all_roles[creds3-sexec]" time="0.343" /><testcase classname="backend.tests.test_phase4d_unification" name="test_login_all_roles[creds4-client]" time="0.352" /><testcase classname="backend.tests.test_phase4d_unification.TestPeopleList" name="test_list_people_basic" time="0.485" /><testcase classname="backend.tests.test_phase4d_unification.TestPeopleList" name="test_list_filter_person_type" time="0.135" /><testcase classname="backend.tests.test_phase4d_unification.TestPeopleList" name="test_list_filter_search" time="0.134" /><testcase classname="backend.tests.test_phase4d_unification.TestPeopleList" name="test_list_filter_status_active" time="0.161" /><testcase classname="backend.tests.test_phase4d_unification.TestPeopleStats" name="test_stats_shape" time="0.121" /><testcase classname="backend.tests.test_phase4d_unification.TestPeopleStats" name="test_stats_has_expected_types" time="0.132" /><testcase classname="backend.tests.test_phase4d_unification.TestPeopleRBAC" name="test_partner_forbidden_list" time="0.479" /><testcase classname="backend.tests.test_phase4d_unification.TestPeopleRBAC" name="test_partner_forbidden_stats" time="0.117" /><testcase classname="backend.tests.test_phase4d_unification.TestPeopleRBAC" name="test_partner_forbidden_post" time="0.145" /><testcase classname="backend.tests.test_phase4d_unification.TestPeopleGet" name="test_get_404" time="0.131" /><testcase classname="backend.tests.test_phase4d_unification.TestPeopleGet" name="test_get_admin_self" time="0.233" /><testcase classname="backend.tests.test_phase4d_unification.TestPeopleAdd" name="test_add_employee_internal_missing_role_400" time="0.125" /><testcase classname="backend.tests.test_phase4d_unification.TestPeopleAdd" name="test_add_employee_internal_ok" time="0.457" /><testcase classname="backend.tests.test_phase4d_unification.TestPeopleAdd" name="test_add_duplicate_email_409" time="0.130" /><testcase classname="backend.tests.test_phase4d_unification.TestPeopleAdd" name="test_add_partner_external" time="0.483" /><testcase classname="backend.tests.test_phase4d_unification.TestPeopleAdd" name="test_add_vendor_missing_category_400" time="0.146" /><testcase classname="backend.tests.test_phase4d_unification.TestPeopleAdd" name="test_add_vendor_internal_case_manager_creates_linked_user" time="0.835" /><testcase classname="backend.tests.test_phase4d_unification.TestPeopleAdd" name="test_add_vendor_internal_sales_commission_creates_linked_user" time="0.353" /><testcase classname="backend.tests.test_phase4d_unification.TestPeopleAdd" name="test_add_vendor_external" time="0.259" /><testcase classname="backend.tests.test_phase4d_unification.TestPeopleLifecycle" name="test_patch_name_and_role" time="0.624" /><testcase classname="backend.tests.test_phase4d_unification.TestPeopleLifecycle" name="test_deactivate_reactivate" time="0.940" /><testcase classname="backend.tests.test_phase4d_unification.TestPeopleLifecycle" name="test_deactivate_cascades_to_linked_vendor" time="0.614" /><testcase classname="backend.tests.test_phase4d_unification.TestPeopleLifecycle" name="test_reset_password" time="1.037" /><testcase classname="backend.tests.test_phase4d_unification.TestPeopleLifecycle" name="test_reset_password_vendor_only_404" time="0.415" /><testcase classname="backend.tests.test_phase4d_unification.TestFinanceDashboard" name="test_sales_commission_all" time="0.133" /><testcase classname="backend.tests.test_phase4d_unification.TestFinanceDashboard" name="test_sales_commission_leaderboard" time="0.119" /><testcase classname="backend.tests.test_phase4d_unification.TestFinanceDashboard" name="test_payouts_queue" time="0.122" /><testcase classname="backend.tests.test_phase4d_unification.TestFinanceDashboard" name="test_payouts_stats" time="0.154" /><testcase classname="backend.tests.test_phase4d_unification.TestExpressSaleModes" name="test_express_token_mode_ok" time="0.323" /><testcase classname="backend.tests.test_phase4d_unification.TestExpressSaleModes" name="test_express_direct_mode_ok" time="0.140" /><testcase classname="backend.tests.test_phase4d_unification.TestExpressSaleModes" name="test_express_token_missing_amount_400" time="0.117" /><testcase classname="backend.tests.test_phase4d_unification.TestExpressSaleModes" name="test_express_invalid_mode_400" time="0.128" /><testcase classname="backend.tests.test_phase4d_unification.TestExpressSaleModes" name="test_express_token_zero_400" time="0.130" /><testcase classname="backend.tests.test_phase4d_unification.TestExpressSaleModes" name="test_express_public_link_exposes_mode" time="0.254" /><testcase classname="backend.tests.test_phase4d_unification.TestRegression" name="test_slab_create_and_delete" time="0.260" /><testcase classname="backend.tests.test_phase4d_unification.TestRegression" name="test_product_preview_empty_allocations" time="0.249" /><testcase classname="backend.tests.test_phase4d_unification.TestRegression" name="test_cm_earnings_my" time="0.476" /><testcase classname="backend.tests.test_phase4d_unification.TestRegression" name="test_dispute_endpoints_rbac" time="0.163" /></testsuite></testsuites>