<?xml version="1.0" encoding="utf-8"?><testsuites name="pytest tests"><testsuite name="pytest" errors="0" failures="0" skipped="1" tests="12" time="44.933" timestamp="2026-04-15T18:07:08.298258+00:00" hostname="agent-env-ddda26a5-0039-4bdf-be5b-72e8978514e2"><testcase classname="backend.tests.test_iteration55_step_documents.TestStepDocumentsAPI" name="test_get_stepwise_documents_client" time="37.797" /><testcase classname="backend.tests.test_iteration55_step_documents.TestStepDocumentsAPI" name="test_get_stepwise_documents_has_step_structure" time="0.553" /><testcase classname="backend.tests.test_iteration55_step_documents.TestStepDocumentsAPI" name="test_get_stepwise_documents_has_summary" time="0.600" /><testcase classname="backend.tests.test_iteration55_step_documents.TestStepDocumentsAPI" name="test_get_stepwise_documents_cm" time="0.504" /><testcase classname="backend.tests.test_iteration55_step_documents.TestStepDocumentsAPI" name="test_cm_request_step_document" time="0.661" /><testcase classname="backend.tests.test_iteration55_step_documents.TestStepDocumentsAPI" name="test_cm_request_step_document_duplicate_rejected" time="0.637" /><testcase classname="backend.tests.test_iteration55_step_documents.TestStepDocumentsAPI" name="test_client_cannot_request_step_document" time="0.520" /><testcase classname="backend.tests.test_iteration55_step_documents.TestStepDocumentsAPI" name="test_cm_request_additional_document" time="0.556" /><testcase classname="backend.tests.test_iteration55_step_documents.TestStepDocumentsAPI" name="test_cm_remove_cm_added_document" time="0.698" /><testcase classname="backend.tests.test_iteration55_step_documents.TestStepDocumentsAPI" name="test_cm_cannot_remove_admin_document" time="0.550"><skipped type="pytest.skip" message="No admin-defined documents found to test removal restriction">/app/backend/tests/test_iteration55_step_documents.py:385: No admin-defined documents found to test removal restriction</skipped></testcase><testcase classname="backend.tests.test_iteration55_step_documents.TestStepDocumentsAPI" name="test_admin_workflow_step_documents_persist" time="0.594" /><testcase classname="backend.tests.test_iteration55_step_documents.TestStepDocumentsIntegration" name="test_full_step_document_flow" time="1.183" /></testsuite></testsuites>