<?xml version="1.0" encoding="utf-8"?><testsuites name="pytest tests"><testsuite name="pytest" errors="0" failures="0" skipped="0" tests="24" time="10.540" timestamp="2026-05-16T19:19:46.926426+00:00" hostname="agent-env-f3914c7c-9917-4323-8543-c47577c5680e"><testcase classname="backend.tests.test_iteration103_onboarding_docs" name="test_document_checklist[employee_internal-expected_keys0]" time="0.502" /><testcase classname="backend.tests.test_iteration103_onboarding_docs" name="test_document_checklist[partner_external-expected_keys1]" time="0.113" /><testcase classname="backend.tests.test_iteration103_onboarding_docs" name="test_document_checklist[vendor_internal-expected_keys2]" time="0.109" /><testcase classname="backend.tests.test_iteration103_onboarding_docs" name="test_document_checklist[vendor_external-expected_keys3]" time="0.115" /><testcase classname="backend.tests.test_iteration103_onboarding_docs" name="test_document_checklist_unknown_type_returns_empty" time="0.101" /><testcase classname="backend.tests.test_iteration103_onboarding_docs" name="test_document_checklist_rbac_partner_blocked" time="0.432" /><testcase classname="backend.tests.test_iteration103_onboarding_docs" name="test_onboarding_persisted_employee" time="0.450" /><testcase classname="backend.tests.test_iteration103_onboarding_docs" name="test_onboarding_persisted_partner" time="0.421" /><testcase classname="backend.tests.test_iteration103_onboarding_docs" name="test_onboarding_persisted_vendor_external" time="0.361" /><testcase classname="backend.tests.test_iteration103_onboarding_docs" name="test_create_person_without_onboarding_still_works" time="0.343" /><testcase classname="backend.tests.test_iteration103_onboarding_docs" name="test_list_documents" time="0.224" /><testcase classname="backend.tests.test_iteration103_onboarding_docs" name="test_upload_rejects_unsupported_mime" time="0.108" /><testcase classname="backend.tests.test_iteration103_onboarding_docs" name="test_upload_rejects_oversize" time="3.202" /><testcase classname="backend.tests.test_iteration103_onboarding_docs" name="test_download_document" time="0.143" /><testcase classname="backend.tests.test_iteration103_onboarding_docs" name="test_verify_document" time="0.210" /><testcase classname="backend.tests.test_iteration103_onboarding_docs" name="test_delete_document" time="0.303" /><testcase classname="backend.tests.test_iteration103_onboarding_docs" name="test_document_endpoints_rbac_partner_blocked" time="0.100" /><testcase classname="backend.tests.test_iteration103_onboarding_docs" name="test_documents_on_missing_person_404" time="0.117" /><testcase classname="backend.tests.test_iteration103_onboarding_docs" name="test_partner_commissions_get_list" time="0.107" /><testcase classname="backend.tests.test_iteration103_onboarding_docs" name="test_partner_commissions_post_then_get_then_delete" time="0.693" /><testcase classname="backend.tests.test_iteration103_onboarding_docs" name="test_partner_commission_validation" time="0.197" /><testcase classname="backend.tests.test_iteration103_onboarding_docs" name="test_express_user_limit_put_get" time="0.681" /><testcase classname="backend.tests.test_iteration103_onboarding_docs" name="test_public_mock_pay_route_exists" time="0.108" /><testcase classname="backend.tests.test_iteration103_onboarding_docs" name="test_zz_cleanup_test_people" time="1.305" /></testsuite></testsuites>