<?xml version="1.0" encoding="utf-8"?><testsuites name="pytest tests"><testsuite name="pytest" errors="0" failures="0" skipped="0" tests="33" time="7.502" timestamp="2026-04-04T05:58:03.764489+00:00" hostname="agent-env-ddda26a5-0039-4bdf-be5b-72e8978514e2"><testcase classname="backend.tests.test_phase_ad_features.TestWorkflowAPIs" name="test_get_workflow_for_product" time="0.650" /><testcase classname="backend.tests.test_phase_ad_features.TestWorkflowAPIs" name="test_update_workflow" time="0.436" /><testcase classname="backend.tests.test_phase_ad_features.TestWorkflowAPIs" name="test_add_step_to_workflow" time="0.217" /><testcase classname="backend.tests.test_phase_ad_features.TestWorkflowAPIs" name="test_delete_workflow_step" time="0.223" /><testcase classname="backend.tests.test_phase_ad_features.TestWorkflowAPIs" name="test_workflow_admin_only" time="0.431" /><testcase classname="backend.tests.test_phase_ad_features.TestMarketingReferralAPIs" name="test_get_my_referral_code" time="0.431" /><testcase classname="backend.tests.test_phase_ad_features.TestMarketingReferralAPIs" name="test_referral_stats_admin_only" time="0.116" /><testcase classname="backend.tests.test_phase_ad_features.TestMarketingReferralAPIs" name="test_referral_stats_non_admin_blocked" time="0.095" /><testcase classname="backend.tests.test_phase_ad_features.TestMarketingReferralAPIs" name="test_redeem_referral_code" time="0.207" /><testcase classname="backend.tests.test_phase_ad_features.TestMarketingReferralAPIs" name="test_cannot_redeem_own_code" time="0.193" /><testcase classname="backend.tests.test_phase_ad_features.TestMarketingPromoAPIs" name="test_create_promo_code" time="0.102" /><testcase classname="backend.tests.test_phase_ad_features.TestMarketingPromoAPIs" name="test_get_all_promos" time="0.101" /><testcase classname="backend.tests.test_phase_ad_features.TestMarketingPromoAPIs" name="test_validate_promo_code" time="0.354" /><testcase classname="backend.tests.test_phase_ad_features.TestMarketingPromoAPIs" name="test_validate_invalid_promo" time="0.097" /><testcase classname="backend.tests.test_phase_ad_features.TestMarketingPromoAPIs" name="test_delete_promo_code" time="0.316" /><testcase classname="backend.tests.test_phase_ad_features.TestMarketingPromoAPIs" name="test_promo_admin_only" time="0.094" /><testcase classname="backend.tests.test_phase_ad_features.TestPDFReportAPIs" name="test_export_sales_report_pdf" time="0.194" /><testcase classname="backend.tests.test_phase_ad_features.TestPDFReportAPIs" name="test_export_sales_report_with_status_filter" time="0.105" /><testcase classname="backend.tests.test_phase_ad_features.TestPDFReportAPIs" name="test_export_commission_report_pdf" time="0.110" /><testcase classname="backend.tests.test_phase_ad_features.TestPDFReportAPIs" name="test_export_partner_sales_pdf" time="0.209" /><testcase classname="backend.tests.test_phase_ad_features.TestPDFReportAPIs" name="test_pdf_report_admin_only" time="0.096" /><testcase classname="backend.tests.test_phase_ad_features.TestAIVerificationAPIs" name="test_ai_verify_document_not_found" time="0.113" /><testcase classname="backend.tests.test_phase_ad_features.TestAIVerificationAPIs" name="test_ai_verify_requires_admin_or_manager" time="0.101" /><testcase classname="backend.tests.test_phase_ad_features.TestAIVerificationAPIs" name="test_get_ai_analysis_not_found" time="0.127" /><testcase classname="backend.tests.test_phase_ad_features.TestActivityLogAPIs" name="test_get_activity_logs" time="0.124" /><testcase classname="backend.tests.test_phase_ad_features.TestActivityLogAPIs" name="test_get_activity_logs_with_filters" time="0.104" /><testcase classname="backend.tests.test_phase_ad_features.TestActivityLogAPIs" name="test_get_activity_stats" time="0.109" /><testcase classname="backend.tests.test_phase_ad_features.TestActivityLogAPIs" name="test_activity_logs_admin_only" time="0.105" /><testcase classname="backend.tests.test_phase_ad_features.TestActivityLogAPIs" name="test_activity_stats_admin_only" time="0.103" /><testcase classname="backend.tests.test_phase_ad_features.TestNotificationAPIs" name="test_get_notifications" time="0.109" /><testcase classname="backend.tests.test_phase_ad_features.TestNotificationAPIs" name="test_mark_all_notifications_read" time="0.108" /><testcase classname="backend.tests.test_phase_ad_features.TestPhaseADIntegration" name="test_workflow_activity_logging" time="0.705" /><testcase classname="backend.tests.test_phase_ad_features.TestPhaseADIntegration" name="test_promo_creation_activity_logging" time="0.703" /></testsuite></testsuites>