<?xml version="1.0" encoding="utf-8"?><testsuites name="pytest tests"><testsuite name="pytest" errors="0" failures="0" skipped="0" tests="19" time="9.243" timestamp="2026-04-08T22:49:57.602963+00:00" hostname="agent-env-ddda26a5-0039-4bdf-be5b-72e8978514e2"><testcase classname="backend.tests.test_iteration32_document_expiry.TestAuthLogin" name="test_admin_login" time="0.481" /><testcase classname="backend.tests.test_iteration32_document_expiry.TestAuthLogin" name="test_case_manager_login" time="0.329" /><testcase classname="backend.tests.test_iteration32_document_expiry.TestAuthLogin" name="test_partner_login" time="0.341" /><testcase classname="backend.tests.test_iteration32_document_expiry.TestAuthLogin" name="test_client_login" time="0.350" /><testcase classname="backend.tests.test_iteration32_document_expiry.TestValidityPresets" name="test_get_validity_presets" time="0.476" /><testcase classname="backend.tests.test_iteration32_document_expiry.TestExpiringDocumentsCase" name="test_get_case_expiring_documents_as_client" time="0.478" /><testcase classname="backend.tests.test_iteration32_document_expiry.TestExpiringDocumentsCase" name="test_get_case_expiring_documents_as_manager" time="0.497" /><testcase classname="backend.tests.test_iteration32_document_expiry.TestExpiringDocumentsAll" name="test_get_all_expiring_documents_as_manager" time="0.440" /><testcase classname="backend.tests.test_iteration32_document_expiry.TestExpiringDocumentsAll" name="test_get_all_expiring_documents_as_admin" time="0.484" /><testcase classname="backend.tests.test_iteration32_document_expiry.TestExpiringDocumentsAll" name="test_get_all_expiring_documents_forbidden_for_client" time="0.467" /><testcase classname="backend.tests.test_iteration32_document_expiry.TestSetDocumentExpiry" name="test_client_can_set_expiry" time="0.594" /><testcase classname="backend.tests.test_iteration32_document_expiry.TestSetDocumentExpiry" name="test_manager_can_set_expiry" time="0.575" /><testcase classname="backend.tests.test_iteration32_document_expiry.TestSetDocumentExpiry" name="test_set_expiry_invalid_date_format" time="0.592" /><testcase classname="backend.tests.test_iteration32_document_expiry.TestSetDocumentExpiry" name="test_set_expiry_nonexistent_document" time="0.480" /><testcase classname="backend.tests.test_iteration32_document_expiry.TestUploadWithExpiry" name="test_upload_with_explicit_expiry" time="0.569" /><testcase classname="backend.tests.test_iteration32_document_expiry.TestUploadWithExpiry" name="test_upload_known_type_auto_expiry" time="0.566" /><testcase classname="backend.tests.test_iteration32_document_expiry.TestBulkUploadWithExpiry" name="test_bulk_upload_with_expiry_dates" time="0.459" /><testcase classname="backend.tests.test_iteration32_document_expiry.TestBulkUploadWithExpiry" name="test_bulk_upload_known_types_auto_expiry" time="0.445" /><testcase classname="backend.tests.test_iteration32_document_expiry.TestExpiryUrgencyLevels" name="test_urgency_levels_in_response" time="0.490" /></testsuite></testsuites>