<?xml version="1.0" encoding="utf-8"?><testsuites name="pytest tests"><testsuite name="pytest" errors="0" failures="0" skipped="0" tests="20" time="30.112" timestamp="2026-04-08T21:05:08.901223+00:00" hostname="agent-env-ddda26a5-0039-4bdf-be5b-72e8978514e2"><testcase classname="backend.tests.test_iteration29_ai_features.TestPaymentReminders" name="test_get_pending_payments_admin" time="0.870" /><testcase classname="backend.tests.test_iteration29_ai_features.TestPaymentReminders" name="test_get_pending_payments_client_forbidden" time="0.799" /><testcase classname="backend.tests.test_iteration29_ai_features.TestPaymentReminders" name="test_send_reminder_invalid_sale" time="0.783" /><testcase classname="backend.tests.test_iteration29_ai_features.TestPaymentReminders" name="test_send_bulk_reminders" time="0.821" /><testcase classname="backend.tests.test_iteration29_ai_features.TestAdminReceiptDownload" name="test_receipt_download_invalid_sale" time="0.799" /><testcase classname="backend.tests.test_iteration29_ai_features.TestAdminReceiptDownload" name="test_receipt_download_client_forbidden" time="1.426" /><testcase classname="backend.tests.test_iteration29_ai_features.TestAdminReceiptDownload" name="test_receipt_download_with_valid_sale" time="0.990" /><testcase classname="backend.tests.test_iteration29_ai_features.TestAIChat" name="test_ai_chat_basic" time="6.065" /><testcase classname="backend.tests.test_iteration29_ai_features.TestAIChat" name="test_ai_chat_with_session" time="4.598" /><testcase classname="backend.tests.test_iteration29_ai_features.TestAIChat" name="test_ai_chat_history" time="0.845" /><testcase classname="backend.tests.test_iteration29_ai_features.TestAIChat" name="test_ai_chat_unauthenticated" time="0.792" /><testcase classname="backend.tests.test_iteration29_ai_features.TestDocumentCheck" name="test_case_document_check" time="0.955" /><testcase classname="backend.tests.test_iteration29_ai_features.TestDocumentCheck" name="test_case_document_check_invalid_case" time="0.761" /><testcase classname="backend.tests.test_iteration29_ai_features.TestApprovalPrediction" name="test_predict_approval" time="3.798" /><testcase classname="backend.tests.test_iteration29_ai_features.TestApprovalPrediction" name="test_predict_approval_invalid_case" time="0.466" /><testcase classname="backend.tests.test_iteration29_ai_features.TestDocumentValidation" name="test_validate_document_invalid_id" time="0.782" /><testcase classname="backend.tests.test_iteration29_ai_features.TestDocumentValidation" name="test_extract_data_invalid_id" time="0.777" /><testcase classname="backend.tests.test_iteration29_ai_features.TestAutoFill" name="test_auto_fill_admin" time="1.283" /><testcase classname="backend.tests.test_iteration29_ai_features.TestAutoFill" name="test_auto_fill_client_forbidden" time="1.307" /><testcase classname="backend.tests.test_iteration29_ai_features.TestAutoFill" name="test_auto_fill_invalid_case" time="1.135" /></testsuite></testsuites>