<?xml version="1.0" encoding="utf-8"?><testsuites name="pytest tests"><testsuite name="pytest" errors="0" failures="0" skipped="0" tests="16" time="28.216" timestamp="2026-05-07T08:33:56.701708+00:00" hostname="agent-env-ddda26a5-0039-4bdf-be5b-72e8978514e2"><testcase classname="backend.tests.test_iteration87_integrity.TestIntegrityBackfill" name="test_01_admin_can_backfill" time="24.506" /><testcase classname="backend.tests.test_iteration87_integrity.TestIntegrityBackfill" name="test_02_partner_cannot_backfill" time="0.462" /><testcase classname="backend.tests.test_iteration87_integrity.TestIntegrityBackfill" name="test_03_client_cannot_backfill" time="0.432" /><testcase classname="backend.tests.test_iteration87_integrity.TestIntegrityVerifyAll" name="test_04_admin_can_verify_all" time="0.204" /><testcase classname="backend.tests.test_iteration87_integrity.TestIntegrityVerifyAll" name="test_05_partner_cannot_verify_all" time="0.120" /><testcase classname="backend.tests.test_iteration87_integrity.TestIntegrityVerifyAll" name="test_06_client_cannot_verify_all" time="0.112" /><testcase classname="backend.tests.test_iteration87_integrity.TestSearchIntegrityFields" name="test_07_search_returns_integrity_status" time="0.120" /><testcase classname="backend.tests.test_iteration87_integrity.TestSearchIntegrityFields" name="test_08_search_returns_integrity_hash" time="0.101" /><testcase classname="backend.tests.test_iteration87_integrity.TestExistingEndpointsRegression" name="test_09_stats_endpoint_still_works" time="0.129" /><testcase classname="backend.tests.test_iteration87_integrity.TestExistingEndpointsRegression" name="test_10_search_endpoint_still_works" time="0.124" /><testcase classname="backend.tests.test_iteration87_integrity.TestAgreementTemplatesVerbatim" name="test_11_templates_exist_with_version_2" time="0.154" /><testcase classname="backend.tests.test_iteration87_integrity.TestAgreementTemplatesVerbatim" name="test_12_template_body_has_agreement_doc_class" time="0.470" /><testcase classname="backend.tests.test_iteration87_integrity.TestAgreementTemplatesVerbatim" name="test_13_template_body_has_annexure_heading" time="0.220" /><testcase classname="backend.tests.test_iteration87_integrity.TestAgreementTemplatesVerbatim" name="test_14_template_body_has_client_details_table" time="0.443" /><testcase classname="backend.tests.test_iteration87_integrity.TestAgreementTemplatesVerbatim" name="test_15_template_body_has_signature_table" time="0.432" /><testcase classname="backend.tests.test_iteration87_integrity.TestNewRecordsHaveIntegrityHash" name="test_16_get_pa_for_testing" time="0.104" /></testsuite></testsuites>