<?xml version="1.0" encoding="utf-8"?><testsuites name="pytest tests"><testsuite name="pytest" errors="0" failures="0" skipped="0" tests="17" time="11.174" timestamp="2026-04-08T22:05:44.146562+00:00" hostname="agent-env-ddda26a5-0039-4bdf-be5b-72e8978514e2"><testcase classname="backend.tests.test_iteration30_workflow_enforcement.TestHealthAndAuth" name="test_health_check" time="0.259" /><testcase classname="backend.tests.test_iteration30_workflow_enforcement.TestHealthAndAuth" name="test_admin_login" time="0.377" /><testcase classname="backend.tests.test_iteration30_workflow_enforcement.TestHealthAndAuth" name="test_case_manager_login" time="0.338" /><testcase classname="backend.tests.test_iteration30_workflow_enforcement.TestHealthAndAuth" name="test_partner_login" time="0.357" /><testcase classname="backend.tests.test_iteration30_workflow_enforcement.TestHealthAndAuth" name="test_client_login" time="0.377" /><testcase classname="backend.tests.test_iteration30_workflow_enforcement.TestCasesEndpoint" name="test_get_cases_returns_enriched_data" time="0.476" /><testcase classname="backend.tests.test_iteration30_workflow_enforcement.TestStepStatusEndpoint" name="test_step_status_returns_lock_info" time="0.453" /><testcase classname="backend.tests.test_iteration30_workflow_enforcement.TestStepLockingEnforcement" name="test_cannot_update_locked_step" time="0.596" /><testcase classname="backend.tests.test_iteration30_workflow_enforcement.TestDocumentCheckEndpoint" name="test_document_check_returns_completeness" time="0.458" /><testcase classname="backend.tests.test_iteration30_workflow_enforcement.TestInformationSheetEndpoints" name="test_request_info_sheet" time="0.454" /><testcase classname="backend.tests.test_iteration30_workflow_enforcement.TestInformationSheetEndpoints" name="test_get_information_sheet" time="0.447" /><testcase classname="backend.tests.test_iteration30_workflow_enforcement.TestResumeExtractionEndpoint" name="test_extract_resume_to_infosheet" time="3.896" /><testcase classname="backend.tests.test_iteration30_workflow_enforcement.TestDocumentRequirementEnforcement" name="test_step_completion_checks_documents" time="0.477" /><testcase classname="backend.tests.test_iteration30_workflow_enforcement.TestClientDashboardFeatures" name="test_client_can_view_step_status" time="0.467" /><testcase classname="backend.tests.test_iteration30_workflow_enforcement.TestClientDashboardFeatures" name="test_client_can_view_info_sheet" time="0.446" /><testcase classname="backend.tests.test_iteration30_workflow_enforcement.TestCaseManagerDashboardFeatures" name="test_cm_can_request_info_sheet" time="0.543" /><testcase classname="backend.tests.test_iteration30_workflow_enforcement.TestCaseManagerDashboardFeatures" name="test_cm_can_update_unlocked_step" time="0.621" /></testsuite></testsuites>