<?xml version="1.0" encoding="utf-8"?><testsuites name="pytest tests"><testsuite name="pytest" errors="0" failures="0" skipped="0" tests="18" time="15.277" timestamp="2026-04-08T23:56:20.621728+00:00" hostname="agent-env-ddda26a5-0039-4bdf-be5b-72e8978514e2"><testcase classname="backend.tests.test_iteration35_ai_chat_pdf.TestHealthAndAuth" name="test_health_endpoint" time="0.140" /><testcase classname="backend.tests.test_iteration35_ai_chat_pdf.TestHealthAndAuth" name="test_admin_login" time="0.367" /><testcase classname="backend.tests.test_iteration35_ai_chat_pdf.TestHealthAndAuth" name="test_manager_login" time="0.337" /><testcase classname="backend.tests.test_iteration35_ai_chat_pdf.TestHealthAndAuth" name="test_client_login" time="0.335" /><testcase classname="backend.tests.test_iteration35_ai_chat_pdf.TestAIChatWithWorkflowContext" name="test_ai_chat_returns_step_info" time="2.714" /><testcase classname="backend.tests.test_iteration35_ai_chat_pdf.TestAIChatWithWorkflowContext" name="test_ai_chat_returns_document_counts" time="1.425" /><testcase classname="backend.tests.test_iteration35_ai_chat_pdf.TestAIChatWithWorkflowContext" name="test_ai_chat_returns_expiry_alerts" time="1.361" /><testcase classname="backend.tests.test_iteration35_ai_chat_pdf.TestAIChatWithWorkflowContext" name="test_ai_chat_session_persistence" time="5.010" /><testcase classname="backend.tests.test_iteration35_ai_chat_pdf.TestAIChatWithWorkflowContext" name="test_ai_chat_mentions_actual_step_names" time="1.858" /><testcase classname="backend.tests.test_iteration35_ai_chat_pdf.TestInfoSheetPDFExport" name="test_info_sheet_pdf_export_returns_pdf" time="0.405" /><testcase classname="backend.tests.test_iteration35_ai_chat_pdf.TestInfoSheetPDFExport" name="test_info_sheet_pdf_size_over_100kb" time="0.274" /><testcase classname="backend.tests.test_iteration35_ai_chat_pdf.TestInfoSheetPDFExport" name="test_info_sheet_pdf_contains_pdf_header" time="0.257" /><testcase classname="backend.tests.test_iteration35_ai_chat_pdf.TestInfoSheetPDFExport" name="test_info_sheet_pdf_not_found_for_invalid_case" time="0.111" /><testcase classname="backend.tests.test_iteration35_ai_chat_pdf.TestInfoSheetData" name="test_info_sheet_has_personal_details" time="0.121" /><testcase classname="backend.tests.test_iteration35_ai_chat_pdf.TestInfoSheetData" name="test_info_sheet_has_qualifications" time="0.120" /><testcase classname="backend.tests.test_iteration35_ai_chat_pdf.TestInfoSheetData" name="test_info_sheet_has_employment" time="0.118" /><testcase classname="backend.tests.test_iteration35_ai_chat_pdf.TestInfoSheetSchema" name="test_info_sheet_schema_has_6_sections" time="0.104" /><testcase classname="backend.tests.test_iteration35_ai_chat_pdf.TestInfoSheetSchema" name="test_repeatable_sections_have_entry_fields" time="0.140" /></testsuite></testsuites>