<?xml version="1.0" encoding="utf-8"?><testsuites name="pytest tests"><testsuite name="pytest" errors="0" failures="0" skipped="0" tests="14" time="6.358" timestamp="2026-04-08T23:39:01.337743+00:00" hostname="agent-env-ddda26a5-0039-4bdf-be5b-72e8978514e2"><testcase classname="backend.tests.test_iteration34_info_sheet.TestHealthAndAuth" name="test_health_endpoint" time="0.197" /><testcase classname="backend.tests.test_iteration34_info_sheet.TestHealthAndAuth" name="test_admin_login" time="0.388" /><testcase classname="backend.tests.test_iteration34_info_sheet.TestHealthAndAuth" name="test_manager_login" time="0.380" /><testcase classname="backend.tests.test_iteration34_info_sheet.TestHealthAndAuth" name="test_client_login" time="0.342" /><testcase classname="backend.tests.test_iteration34_info_sheet.TestInfoSheetSchema" name="test_schema_returns_6_sections" time="0.490" /><testcase classname="backend.tests.test_iteration34_info_sheet.TestInfoSheetSchema" name="test_personal_details_has_21_fields" time="0.451" /><testcase classname="backend.tests.test_iteration34_info_sheet.TestInfoSheetSchema" name="test_repeatable_sections_have_entry_fields" time="0.489" /><testcase classname="backend.tests.test_iteration34_info_sheet.TestInfoSheetSchema" name="test_field_types_are_valid" time="0.484" /><testcase classname="backend.tests.test_iteration34_info_sheet.TestInfoSheetCRUD" name="test_get_information_sheet" time="0.478" /><testcase classname="backend.tests.test_iteration34_info_sheet.TestInfoSheetCRUD" name="test_save_information_sheet" time="0.440" /><testcase classname="backend.tests.test_iteration34_info_sheet.TestInfoSheetCRUD" name="test_save_and_verify_persistence" time="0.575" /><testcase classname="backend.tests.test_iteration34_info_sheet.TestInfoSheetCRUD" name="test_save_repeatable_section_data" time="0.594" /><testcase classname="backend.tests.test_iteration34_info_sheet.TestInfoSheetCRUD" name="test_case_not_found_returns_404" time="0.457" /><testcase classname="backend.tests.test_iteration34_info_sheet.TestInfoSheetRouteOrder" name="test_schema_route_not_captured_by_case_id" time="0.468" /></testsuite></testsuites>