<?xml version="1.0" encoding="utf-8"?><testsuites name="pytest tests"><testsuite name="pytest" errors="0" failures="0" skipped="0" tests="12" time="12.048" timestamp="2026-04-17T18:37:22.053601+00:00" hostname="agent-env-ddda26a5-0039-4bdf-be5b-72e8978514e2"><testcase classname="backend.tests.test_iteration70_intake_forms.TestIntakeFormBuilder" name="test_admin_can_save_intake_form" time="9.860" /><testcase classname="backend.tests.test_iteration70_intake_forms.TestIntakeFormBuilder" name="test_non_admin_cannot_save_intake_form" time="0.451" /><testcase classname="backend.tests.test_iteration70_intake_forms.TestIntakeFormBuilder" name="test_get_intake_form_for_product" time="0.111" /><testcase classname="backend.tests.test_iteration70_intake_forms.TestCaseIntakeForm" name="test_client_gets_case_intake_with_role_flags" time="0.233" /><testcase classname="backend.tests.test_iteration70_intake_forms.TestCaseIntakeForm" name="test_cm_gets_case_intake_with_role_flags" time="0.465" /><testcase classname="backend.tests.test_iteration70_intake_forms.TestCaseIntakeForm" name="test_client_can_save_client_fields" time="0.106" /><testcase classname="backend.tests.test_iteration70_intake_forms.TestCaseIntakeForm" name="test_client_cannot_save_cm_fields" time="0.107" /><testcase classname="backend.tests.test_iteration70_intake_forms.TestCaseIntakeForm" name="test_cm_can_save_cm_fields" time="0.121" /><testcase classname="backend.tests.test_iteration70_intake_forms.TestCaseIntakeForm" name="test_cm_cannot_save_client_only_fields" time="0.109" /><testcase classname="backend.tests.test_iteration70_intake_forms.TestCaseIntakeForm" name="test_verify_data_persistence" time="0.120" /><testcase classname="backend.tests.test_iteration70_intake_forms.TestIntakeFormList" name="test_admin_can_list_intake_forms" time="0.127" /><testcase classname="backend.tests.test_iteration70_intake_forms.TestIntakeFormList" name="test_non_admin_cannot_list_intake_forms" time="0.172" /></testsuite></testsuites>