<?xml version="1.0" encoding="utf-8"?><testsuites name="pytest tests"><testsuite name="pytest" errors="0" failures="2" skipped="0" tests="2" time="1.625" timestamp="2026-06-26T12:43:27.888567+00:00" hostname="agent-env-ec155449-0c81-418e-a809-5086cedeb12f"><testcase classname="backend.tests.test_sweep_b1_country_workflows.TestExpressAuditLogs" name="test_01_approve_writes_audit_log" time="1.286"><failure message="AssertionError: No audit_log for express_approved pa_id=ea065451-7afe-48a3-8efc-2ed0d874bf9f&#10;assert None is not None">E   AssertionError: No audit_log for express_approved pa_id=ea065451-7afe-48a3-8efc-2ed0d874bf9f
    assert None is not None</failure></testcase><testcase classname="backend.tests.test_sweep_b1_country_workflows.TestExpressAuditLogs" name="test_02_reject_writes_audit_log" time="0.211"><failure message="AssertionError: Reject failed: 400 {&quot;detail&quot;:&quot;Already approved&quot;}&#10;assert 400 == 200&#10; +  where 400 = &lt;Response [400]&gt;.status_code">E   AssertionError: Reject failed: 400 {"detail":"Already approved"}
    assert 400 == 200
     +  where 400 = &lt;Response [400]&gt;.status_code</failure></testcase></testsuite></testsuites>