<?xml version="1.0" encoding="utf-8"?><testsuites name="pytest tests"><testsuite name="pytest" errors="0" failures="2" skipped="0" tests="15" time="46.117" timestamp="2026-06-26T12:39:45.080331+00:00" hostname="agent-env-ec155449-0c81-418e-a809-5086cedeb12f"><testcase classname="backend.tests.test_sweep_b1_country_workflows.TestCountryWorkflowsCRUD" name="test_01_list_empty_or_existing" time="43.828" /><testcase classname="backend.tests.test_sweep_b1_country_workflows.TestCountryWorkflowsCRUD" name="test_02_stats" time="0.099" /><testcase classname="backend.tests.test_sweep_b1_country_workflows.TestCountryWorkflowsCRUD" name="test_03_create_workflow" time="0.105" /><testcase classname="backend.tests.test_sweep_b1_country_workflows.TestCountryWorkflowsCRUD" name="test_04_get_detail" time="0.106" /><testcase classname="backend.tests.test_sweep_b1_country_workflows.TestCountryWorkflowsCRUD" name="test_05_patch_bumps_version" time="0.215" /><testcase classname="backend.tests.test_sweep_b1_country_workflows.TestCountryWorkflowsCRUD" name="test_06_verify" time="0.212" /><testcase classname="backend.tests.test_sweep_b1_country_workflows.TestCountryWorkflowsCRUD" name="test_07_versions_list" time="0.098" /><testcase classname="backend.tests.test_sweep_b1_country_workflows.TestCountryWorkflowsCRUD" name="test_08_edit_verified_demotes_to_ai_drafted" time="0.203" /><testcase classname="backend.tests.test_sweep_b1_country_workflows.TestCountryWorkflowsCRUD" name="test_09_reverify_for_fastpath_test" time="0.108" /><testcase classname="backend.tests.test_sweep_b1_country_workflows.TestSeededFastPath" name="test_01_generate_returns_seeded" time="0.104" /><testcase classname="backend.tests.test_sweep_b1_country_workflows.TestExpressAuditLogs" name="test_01_approve_writes_audit_log" time="0.208"><failure message="AssertionError: Approve failed: 400 {&quot;detail&quot;:&quot;Already approved&quot;}&#10;assert 400 == 200&#10; +  where 400 = &lt;Response [400]&gt;.status_code">E   AssertionError: Approve failed: 400 {"detail":"Already approved"}
    assert 400 == 200
     +  where 400 = &lt;Response [400]&gt;.status_code</failure></testcase><testcase classname="backend.tests.test_sweep_b1_country_workflows.TestExpressAuditLogs" name="test_02_reject_writes_audit_log" time="0.206"><failure message="AssertionError: Reject failed: 422 {&quot;detail&quot;:[{&quot;type&quot;:&quot;missing&quot;,&quot;loc&quot;:[&quot;body&quot;,&quot;remarks&quot;],&quot;msg&quot;:&quot;Field required&quot;,&quot;input&quot;:{&quot;reason&quot;:&quot;TEST rejection&quot;},&quot;url&quot;:&quot;https://errors.pydantic.dev/2.12/v/missing&quot;}]}&#10;assert 422 == 200&#10; +  where 422 = &lt;Response [422]&gt;.status_code">E   AssertionError: Reject failed: 422 {"detail":[{"type":"missing","loc":["body","remarks"],"msg":"Field required","input":{"reason":"TEST rejection"},"url":"https://errors.pydantic.dev/2.12/v/missing"}]}
    assert 422 == 200
     +  where 422 = &lt;Response [422]&gt;.status_code</failure></testcase><testcase classname="backend.tests.test_sweep_b1_country_workflows.TestRegressionAIWorkflowJob" name="test_01_generate_for_unseeded_country_returns_queued" time="0.097" /><testcase classname="backend.tests.test_sweep_b1_country_workflows.TestRegressionAIWorkflowJob" name="test_02_status_poll" time="0.295" /><testcase classname="backend.tests.test_sweep_b1_country_workflows.TestZCleanup" name="test_archive_test_workflow" time="0.102" /></testsuite></testsuites>